#
# A fatal error has been detected by the Java Runtime Environment:
#
#  SIGSEGV (0xb) at pc=0x00007f3deeb1a4ba, pid=225612, tid=225630
#
# JRE version: OpenJDK Runtime Environment (11.0.11+9) (build 11.0.11+9-Ubuntu-0ubuntu2.20.04)
# Java VM: OpenJDK 64-Bit Server VM (11.0.11+9-Ubuntu-0ubuntu2.20.04, mixed mode, sharing, tiered, compressed oops, g1 gc, linux-amd64)
# Problematic frame:
# V  [libjvm.so+0x5ff4ba]
#
# Core dump will be written. Default location: Core dumps may be processed with "/usr/share/apport/apport %p %s %c %d %P %E" (or dumping to /home/donderozl/workspace/pay-my-buddy/core.225612)
#
# If you would like to submit a bug report, please visit:
#   https://bugs.launchpad.net/ubuntu/+source/openjdk-lts
#

---------------  S U M M A R Y ------------

Command Line: -javaagent:/snap/intellij-idea-community/405/lib/idea_rt.jar=37285:/snap/intellij-idea-community/405/bin -Dfile.encoding=UTF-8 com.openclassrooms.PayMyBuddyApplication

Host: Intel(R) Core(TM) i7-6820HQ CPU @ 2.70GHz, 8 cores, 31G, Ubuntu 20.04.3 LTS
Time: Tue Feb 14 12:04:44 2023 CET elapsed time: 1.100883 seconds (0d 0h 0m 1s)

---------------  T H R E A D  ---------------

Current thread (0x00007f3de82aa000):  JavaThread "C2 CompilerThread0" daemon [_thread_in_native, id=225630, stack(0x00007f3daae11000,0x00007f3daaf12000)]


Current CompileTask:
C2:   1100 1595       4       java.lang.String::regionMatches (150 bytes)

Stack: [0x00007f3daae11000,0x00007f3daaf12000],  sp=0x00007f3daaf0f220,  free space=1016k
Native frames: (J=compiled Java code, A=aot compiled Java code, j=interpreted, Vv=VM code, C=native code)
V  [libjvm.so+0x5ff4ba]
V  [libjvm.so+0x6106f8]
V  [libjvm.so+0x53793f]
V  [libjvm.so+0x6190e1]
V  [libjvm.so+0x61a2b8]
V  [libjvm.so+0xe2105f]
V  [libjvm.so+0xe1d690]
V  [libjvm.so+0xbdac76]


siginfo: si_signo: 11 (SIGSEGV), si_code: 128 (SI_KERNEL), si_addr: 0x0000000000000000

Register to memory mapping:

RAX=0x0000000000000004 is an unknown value
RBX=0x00007f3d7451ca60 points into unknown readable memory: 0x00007f3def71c080 | 80 c0 71 ef 3d 7f 00 00
RCX=0x000000000000001f is an unknown value
RDX=0x80007f3d7451cc38 is an unknown value
RSP=0x00007f3daaf0f220 is pointing into the stack for thread: 0x00007f3de82aa000
RBP=0x00007f3daaf0f260 is pointing into the stack for thread: 0x00007f3de82aa000
RSI=0x0 is NULL
RDI=0x00007f3d7451cc98 points into unknown readable memory: 0x80007f3d7451cc38 | 38 cc 51 74 3d 7f 00 80
R8 =0x00007f3d7451cc98 points into unknown readable memory: 0x80007f3d7451cc38 | 38 cc 51 74 3d 7f 00 80
R9 =0x0000000000000004 is an unknown value
R10=0x00007f3d742d6570 points into unknown readable memory: 0x33f33f39f85cffeb | eb ff 5c f8 39 3f f3 33
R11=0x0000000080000000 is an unknown value
R12=0x00007f3daaf0f490 is pointing into the stack for thread: 0x00007f3de82aa000
R13=0x00007f3daaf0ff50 is pointing into the stack for thread: 0x00007f3de82aa000
R14=0x0000000000000001 is an unknown value
R15=0x00000000000000d6 is an unknown value


Registers:
RAX=0x0000000000000004, RBX=0x00007f3d7451ca60, RCX=0x000000000000001f, RDX=0x80007f3d7451cc38
RSP=0x00007f3daaf0f220, RBP=0x00007f3daaf0f260, RSI=0x0000000000000000, RDI=0x00007f3d7451cc98
R8 =0x00007f3d7451cc98, R9 =0x0000000000000004, R10=0x00007f3d742d6570, R11=0x0000000080000000
R12=0x00007f3daaf0f490, R13=0x00007f3daaf0ff50, R14=0x0000000000000001, R15=0x00000000000000d6
RIP=0x00007f3deeb1a4ba, EFLAGS=0x0000000000010246, CSGSFS=0x002b000000000033, ERR=0x0000000000000000
  TRAPNO=0x000000000000000d

Top of Stack: (sp=0x00007f3daaf0f220)
0x00007f3daaf0f220:   00007f3daaf0f2f0 00007f3def0ee063
0x00007f3daaf0f230:   00000000000545b6 00007f3daaf0ff50
0x00007f3daaf0f240:   00007f3daaf0f2f0 00007f3daaf0ff50
0x00007f3daaf0f250:   00007f3daaf0f3c0 00007f3d88000b98 

Instructions: (pc=0x00007f3deeb1a4ba)
0x00007f3deeb1a3ba:   44 24 30 76 15 49 8b 7c 24 38 83 e1 1f be 01 00
0x00007f3deeb1a3ca:   00 00 48 d3 e6 85 34 87 75 04 41 83 c7 01 41 8b
0x00007f3deeb1a3da:   06 48 83 c3 01 39 d8 7e 35 49 8b 46 18 48 8d 15
0x00007f3deeb1a3ea:   a2 dd f3 ff 41 89 dd 48 8b 0c d8 48 8b 01 48 8b
0x00007f3deeb1a3fa:   40 70 48 39 d0 0f 84 6b ff ff ff 48 89 4d c8 48
0x00007f3deeb1a40a:   89 cf ff d0 48 8b 4d c8 eb 89 0f 1f 40 00 44 29
0x00007f3deeb1a41a:   f8 41 89 06 48 83 c4 18 5b 41 5c 41 5d 41 5e 41
0x00007f3deeb1a42a:   5f 5d c3 90 66 90 f3 0f 1e fa 55 48 89 e5 41 57
0x00007f3deeb1a43a:   45 31 ff 41 56 41 be 01 00 00 00 41 55 49 89 fd
0x00007f3deeb1a44a:   41 54 49 89 f4 53 48 83 ec 18 8b 46 18 85 c0 0f
0x00007f3deeb1a45a:   84 97 00 00 00 90 49 8b 54 24 10 44 89 f8 41 83
0x00007f3deeb1a46a:   c7 01 48 8b 1c c2 8b 43 2c 83 e0 03 83 f8 03 0f
0x00007f3deeb1a47a:   84 51 02 00 00 8b 43 20 41 89 c1 85 c0 7e 62 31
0x00007f3deeb1a48a:   f6 eb 1f 0f 1f 00 4d 8b 54 24 38 83 e1 1f 4d 89
0x00007f3deeb1a49a:   f3 49 d3 e3 45 85 1c 92 74 25 83 c6 01 41 39 f1
0x00007f3deeb1a4aa:   7e 36 4c 8b 43 10 48 63 d6 49 8d 3c d0 48 8b 17
0x00007f3deeb1a4ba:   8b 4a 28 89 ca c1 ea 05 41 3b 54 24 30 72 c7 83
0x00007f3deeb1a4ca:   e8 01 41 83 e9 01 89 43 20 49 8b 04 c0 48 89 07
0x00007f3deeb1a4da:   8b 43 20 41 39 f1 7f ca 83 f8 01 0f 84 75 01 00
0x00007f3deeb1a4ea:   00 45 3b 7c 24 18 0f 82 6a ff ff ff 49 8b 45 08
0x00007f3deeb1a4fa:   48 8b 80 78 01 00 00 48 63 10 89 d1 83 e9 01 0f
0x00007f3deeb1a50a:   88 51 02 00 00 4c 63 f1 89 c9 41 b8 01 00 00 00
0x00007f3deeb1a51a:   48 29 ca 49 c1 e6 03 4c 8d 3c d5 f0 ff ff ff 0f
0x00007f3deeb1a52a:   1f 80 00 00 00 00 48 8b 40 18 4a 8b 1c 30 8b 4b
0x00007f3deeb1a53a:   28 89 c8 c1 e8 05 41 39 44 24 30 76 17 49 8b 74
0x00007f3deeb1a54a:   24 38 83 e1 1f 4c 89 c2 48 d3 e2 85 14 86 0f 85
0x00007f3deeb1a55a:   e4 00 00 00 49 8b bd 78 01 00 00 8b 37 85 f6 0f
0x00007f3deeb1a56a:   8e 99 00 00 00 48 8b 4f 18 44 8d 56 ff 4d 89 d1
0x00007f3deeb1a57a:   48 89 c8 4a 8d 54 d1 08 eb 0d 0f 1f 40 00 48 83
0x00007f3deeb1a58a:   c0 08 48 39 c2 74 77 48 3b 18 75 f2 49 83 c2 02
0x00007f3deeb1a59a:   b8 01 00 00 00 eb 14 0f 1f 80 00 00 00 00 48 83
0x00007f3deeb1a5aa:   c0 01 49 39 c2 0f 84 1b 06 00 00 89 c2 48 3b 5c 


Stack slot to memory mapping:
stack at sp + 0 slots: 0x00007f3daaf0f2f0 is pointing into the stack for thread: 0x00007f3de82aa000
stack at sp + 1 slots: 0x00007f3def0ee063: <offset 0x0000000000bd3063> in /usr/lib/jvm/java-11-openjdk-amd64/lib/server/libjvm.so at 0x00007f3dee51b000
stack at sp + 2 slots: 0x00000000000545b6 is an unknown value
stack at sp + 3 slots: 0x00007f3daaf0ff50 is pointing into the stack for thread: 0x00007f3de82aa000
stack at sp + 4 slots: 0x00007f3daaf0f2f0 is pointing into the stack for thread: 0x00007f3de82aa000
stack at sp + 5 slots: 0x00007f3daaf0ff50 is pointing into the stack for thread: 0x00007f3de82aa000
stack at sp + 6 slots: 0x00007f3daaf0f3c0 is pointing into the stack for thread: 0x00007f3de82aa000
stack at sp + 7 slots: 0x00007f3d88000b98 points into unknown readable memory: 0x00007f3de82aa000 | 00 a0 2a e8 3d 7f 00 00


---------------  P R O C E S S  ---------------

Threads class SMR info:
_java_thread_list=0x00007f3de8cf2a20, length=13, elements={
0x00007f3de801f000, 0x00007f3de829e000, 0x00007f3de82a0000, 0x00007f3de82a6000,
0x00007f3de82a8000, 0x00007f3de82aa000, 0x00007f3de82ac000, 0x00007f3de82ae000,
0x00007f3de82dc000, 0x00007f3d8c057800, 0x00007f3de899a800, 0x00007f3d8c0ea800,
0x00007f3de8cf3800
}

Java Threads: ( => current thread )
  0x00007f3de801f000 JavaThread "main" [_thread_in_Java, id=225614, stack(0x00007f3dee0ce000,0x00007f3dee1cf000)]
  0x00007f3de829e000 JavaThread "Reference Handler" daemon [_thread_blocked, id=225624, stack(0x00007f3db8292000,0x00007f3db8393000)]
  0x00007f3de82a0000 JavaThread "Finalizer" daemon [_thread_blocked, id=225625, stack(0x00007f3db8191000,0x00007f3db8292000)]
  0x00007f3de82a6000 JavaThread "Signal Dispatcher" daemon [_thread_blocked, id=225628, stack(0x00007f3db8090000,0x00007f3db8191000)]
  0x00007f3de82a8000 JavaThread "Service Thread" daemon [_thread_blocked, id=225629, stack(0x00007f3daaf12000,0x00007f3dab013000)]
=>0x00007f3de82aa000 JavaThread "C2 CompilerThread0" daemon [_thread_in_native, id=225630, stack(0x00007f3daae11000,0x00007f3daaf12000)]
  0x00007f3de82ac000 JavaThread "C1 CompilerThread0" daemon [_thread_in_vm, id=225631, stack(0x00007f3daad10000,0x00007f3daae11000)]
  0x00007f3de82ae000 JavaThread "Sweeper thread" daemon [_thread_blocked, id=225632, stack(0x00007f3daac0f000,0x00007f3daad10000)]
  0x00007f3de82dc000 JavaThread "Common-Cleaner" daemon [_thread_blocked, id=225643, stack(0x00007f3daab0e000,0x00007f3daac0f000)]
  0x00007f3d8c057800 JavaThread "C2 CompilerThread1" daemon [_thread_blocked, id=225644, stack(0x00007f3daaa0d000,0x00007f3daab0e000)]
  0x00007f3de899a800 JavaThread "Monitor Ctrl-Break" daemon [_thread_in_native, id=225646, stack(0x00007f3daa90c000,0x00007f3daaa0d000)]
  0x00007f3d8c0ea800 JavaThread "C2 CompilerThread2" daemon [_thread_in_native, id=225648, stack(0x00007f3daa709000,0x00007f3daa80a000)]
  0x00007f3de8cf3800 JavaThread "background-preinit" [_thread_in_vm, id=225667, stack(0x00007f3da9cfa000,0x00007f3da9dfb000)]

Other Threads:
  0x00007f3de829b000 VMThread "VM Thread" [stack: 0x00007f3db8395000,0x00007f3db8495000] [id=225623] _threads_hazard_ptr=0x00007f3de8cf2a20
  0x00007f3de899c800 WatcherThread [stack: 0x00007f3daa80c000,0x00007f3daa90c000] [id=225647]
  0x00007f3de8037000 GCTaskThread "GC Thread#0" [stack: 0x00007f3dedb31000,0x00007f3dedc31000] [id=225615]
  0x00007f3da0001000 GCTaskThread "GC Thread#1" [stack: 0x00007f3daa609000,0x00007f3daa709000] [id=225650]
  0x00007f3da0002800 GCTaskThread "GC Thread#2" [stack: 0x00007f3daa507000,0x00007f3daa607000] [id=225651]
  0x00007f3da0004000 GCTaskThread "GC Thread#3" [stack: 0x00007f3daa405000,0x00007f3daa505000] [id=225652]
  0x00007f3da0005800 GCTaskThread "GC Thread#4" [stack: 0x00007f3daa303000,0x00007f3daa403000] [id=225653]
  0x00007f3da0007000 GCTaskThread "GC Thread#5" [stack: 0x00007f3daa201000,0x00007f3daa301000] [id=225654]
  0x00007f3da0008800 GCTaskThread "GC Thread#6" [stack: 0x00007f3daa0ff000,0x00007f3daa1ff000] [id=225655]
  0x00007f3da000a800 GCTaskThread "GC Thread#7" [stack: 0x00007f3da9ffd000,0x00007f3daa0fd000] [id=225656]
  0x00007f3de8071000 ConcurrentGCThread "G1 Main Marker" [stack: 0x00007f3dec14b000,0x00007f3dec24b000] [id=225616]
  0x00007f3de8073000 ConcurrentGCThread "G1 Conc#0" [stack: 0x00007f3dec049000,0x00007f3dec149000] [id=225617]
  0x00007f3de81f5000 ConcurrentGCThread "G1 Refine#0" [stack: 0x00007f3db861a000,0x00007f3db871a000] [id=225618]
  0x00007f3de81f6800 ConcurrentGCThread "G1 Young RemSet Sampling" [stack: 0x00007f3db8518000,0x00007f3db8618000] [id=225619]

Threads with active compile tasks:
C2 CompilerThread0   1105 1595       4       java.lang.String::regionMatches (150 bytes)
C1 CompilerThread0   1105 1624       3       java.util.concurrent.locks.ReentrantLock::<init> (16 bytes)
C2 CompilerThread1   1105 1575       4       jdk.internal.loader.URLClassPath::getResource (74 bytes)
C2 CompilerThread2   1105 1594       4       jdk.internal.org.objectweb.asm.Frame::execute (2264 bytes)

VM state:synchronizing (normal execution)

VM Mutex/Monitor currently owned by a thread:  ([mutex/lock_event])
[0x00007f3de8017ed0] Safepoint_lock - owner thread: 0x00007f3de829b000
[0x00007f3de8017f60] Threads_lock - owner thread: 0x00007f3de829b000

Heap address: 0x000000060ca00000, size: 7990 MB, Compressed Oops mode: Zero based, Oop shift amount: 3
Narrow klass base: 0x0000000800000000, Narrow klass shift: 3
Compressed class space size: 1073741824 Address: 0x0000000840000000

Heap:
 garbage-first heap   total 516096K, used 39311K [0x000000060ca00000, 0x0000000800000000)
  region size 2048K, 18 young (36864K), 2 survivors (4096K)
 Metaspace       used 10249K, capacity 11034K, committed 11264K, reserved 1058816K
  class space    used 1309K, capacity 1490K, committed 1536K, reserved 1048576K
Heap Regions: E=young(eden), S=young(survivor), O=old, HS=humongous(starts), HC=humongous(continues), CS=collection set, F=free, A=archive, TAMS=top-at-mark-start (previous, next)
|   0|0x000000060ca00000, 0x000000060cc00000, 0x000000060cc00000|100%| O|  |TAMS 0x000000060ca00000, 0x000000060ca00000| Untracked 
|   1|0x000000060cc00000, 0x000000060cdb1c00, 0x000000060ce00000| 84%| O|  |TAMS 0x000000060cc00000, 0x000000060cc00000| Untracked 
|   2|0x000000060ce00000, 0x000000060ce00000, 0x000000060d000000|  0%| F|  |TAMS 0x000000060ce00000, 0x000000060ce00000| Untracked 
|   3|0x000000060d000000, 0x000000060d000000, 0x000000060d200000|  0%| F|  |TAMS 0x000000060d000000, 0x000000060d000000| Untracked 
|   4|0x000000060d200000, 0x000000060d200000, 0x000000060d400000|  0%| F|  |TAMS 0x000000060d200000, 0x000000060d200000| Untracked 
|   5|0x000000060d400000, 0x000000060d400000, 0x000000060d600000|  0%| F|  |TAMS 0x000000060d400000, 0x000000060d400000| Untracked 
|   6|0x000000060d600000, 0x000000060d600000, 0x000000060d800000|  0%| F|  |TAMS 0x000000060d600000, 0x000000060d600000| Untracked 
|   7|0x000000060d800000, 0x000000060d800000, 0x000000060da00000|  0%| F|  |TAMS 0x000000060d800000, 0x000000060d800000| Untracked 
|   8|0x000000060da00000, 0x000000060da00000, 0x000000060dc00000|  0%| F|  |TAMS 0x000000060da00000, 0x000000060da00000| Untracked 
|   9|0x000000060dc00000, 0x000000060dc00000, 0x000000060de00000|  0%| F|  |TAMS 0x000000060dc00000, 0x000000060dc00000| Untracked 
|  10|0x000000060de00000, 0x000000060de00000, 0x000000060e000000|  0%| F|  |TAMS 0x000000060de00000, 0x000000060de00000| Untracked 
|  11|0x000000060e000000, 0x000000060e000000, 0x000000060e200000|  0%| F|  |TAMS 0x000000060e000000, 0x000000060e000000| Untracked 
|  12|0x000000060e200000, 0x000000060e200000, 0x000000060e400000|  0%| F|  |TAMS 0x000000060e200000, 0x000000060e200000| Untracked 
|  13|0x000000060e400000, 0x000000060e400000, 0x000000060e600000|  0%| F|  |TAMS 0x000000060e400000, 0x000000060e400000| Untracked 
|  14|0x000000060e600000, 0x000000060e600000, 0x000000060e800000|  0%| F|  |TAMS 0x000000060e600000, 0x000000060e600000| Untracked 
|  15|0x000000060e800000, 0x000000060e800000, 0x000000060ea00000|  0%| F|  |TAMS 0x000000060e800000, 0x000000060e800000| Untracked 
|  16|0x000000060ea00000, 0x000000060ea00000, 0x000000060ec00000|  0%| F|  |TAMS 0x000000060ea00000, 0x000000060ea00000| Untracked 
|  17|0x000000060ec00000, 0x000000060ec00000, 0x000000060ee00000|  0%| F|  |TAMS 0x000000060ec00000, 0x000000060ec00000| Untracked 
|  18|0x000000060ee00000, 0x000000060ee00000, 0x000000060f000000|  0%| F|  |TAMS 0x000000060ee00000, 0x000000060ee00000| Untracked 
|  19|0x000000060f000000, 0x000000060f000000, 0x000000060f200000|  0%| F|  |TAMS 0x000000060f000000, 0x000000060f000000| Untracked 
|  20|0x000000060f200000, 0x000000060f200000, 0x000000060f400000|  0%| F|  |TAMS 0x000000060f200000, 0x000000060f200000| Untracked 
|  21|0x000000060f400000, 0x000000060f400000, 0x000000060f600000|  0%| F|  |TAMS 0x000000060f400000, 0x000000060f400000| Untracked 
|  22|0x000000060f600000, 0x000000060f600000, 0x000000060f800000|  0%| F|  |TAMS 0x000000060f600000, 0x000000060f600000| Untracked 
|  23|0x000000060f800000, 0x000000060f800000, 0x000000060fa00000|  0%| F|  |TAMS 0x000000060f800000, 0x000000060f800000| Untracked 
|  24|0x000000060fa00000, 0x000000060fa00000, 0x000000060fc00000|  0%| F|  |TAMS 0x000000060fa00000, 0x000000060fa00000| Untracked 
|  25|0x000000060fc00000, 0x000000060fc00000, 0x000000060fe00000|  0%| F|  |TAMS 0x000000060fc00000, 0x000000060fc00000| Untracked 
|  26|0x000000060fe00000, 0x000000060fe00000, 0x0000000610000000|  0%| F|  |TAMS 0x000000060fe00000, 0x000000060fe00000| Untracked 
|  27|0x0000000610000000, 0x0000000610000000, 0x0000000610200000|  0%| F|  |TAMS 0x0000000610000000, 0x0000000610000000| Untracked 
|  28|0x0000000610200000, 0x0000000610200000, 0x0000000610400000|  0%| F|  |TAMS 0x0000000610200000, 0x0000000610200000| Untracked 
|  29|0x0000000610400000, 0x0000000610400000, 0x0000000610600000|  0%| F|  |TAMS 0x0000000610400000, 0x0000000610400000| Untracked 
|  30|0x0000000610600000, 0x0000000610600000, 0x0000000610800000|  0%| F|  |TAMS 0x0000000610600000, 0x0000000610600000| Untracked 
|  31|0x0000000610800000, 0x0000000610800000, 0x0000000610a00000|  0%| F|  |TAMS 0x0000000610800000, 0x0000000610800000| Untracked 
|  32|0x0000000610a00000, 0x0000000610a00000, 0x0000000610c00000|  0%| F|  |TAMS 0x0000000610a00000, 0x0000000610a00000| Untracked 
|  33|0x0000000610c00000, 0x0000000610c00000, 0x0000000610e00000|  0%| F|  |TAMS 0x0000000610c00000, 0x0000000610c00000| Untracked 
|  34|0x0000000610e00000, 0x0000000610e00000, 0x0000000611000000|  0%| F|  |TAMS 0x0000000610e00000, 0x0000000610e00000| Untracked 
|  35|0x0000000611000000, 0x0000000611000000, 0x0000000611200000|  0%| F|  |TAMS 0x0000000611000000, 0x0000000611000000| Untracked 
|  36|0x0000000611200000, 0x0000000611200000, 0x0000000611400000|  0%| F|  |TAMS 0x0000000611200000, 0x0000000611200000| Untracked 
|  37|0x0000000611400000, 0x0000000611400000, 0x0000000611600000|  0%| F|  |TAMS 0x0000000611400000, 0x0000000611400000| Untracked 
|  38|0x0000000611600000, 0x0000000611600000, 0x0000000611800000|  0%| F|  |TAMS 0x0000000611600000, 0x0000000611600000| Untracked 
|  39|0x0000000611800000, 0x0000000611800000, 0x0000000611a00000|  0%| F|  |TAMS 0x0000000611800000, 0x0000000611800000| Untracked 
|  40|0x0000000611a00000, 0x0000000611a00000, 0x0000000611c00000|  0%| F|  |TAMS 0x0000000611a00000, 0x0000000611a00000| Untracked 
|  41|0x0000000611c00000, 0x0000000611c00000, 0x0000000611e00000|  0%| F|  |TAMS 0x0000000611c00000, 0x0000000611c00000| Untracked 
|  42|0x0000000611e00000, 0x0000000611e00000, 0x0000000612000000|  0%| F|  |TAMS 0x0000000611e00000, 0x0000000611e00000| Untracked 
|  43|0x0000000612000000, 0x0000000612000000, 0x0000000612200000|  0%| F|  |TAMS 0x0000000612000000, 0x0000000612000000| Untracked 
|  44|0x0000000612200000, 0x0000000612200000, 0x0000000612400000|  0%| F|  |TAMS 0x0000000612200000, 0x0000000612200000| Untracked 
|  45|0x0000000612400000, 0x0000000612400000, 0x0000000612600000|  0%| F|  |TAMS 0x0000000612400000, 0x0000000612400000| Untracked 
|  46|0x0000000612600000, 0x0000000612600000, 0x0000000612800000|  0%| F|  |TAMS 0x0000000612600000, 0x0000000612600000| Untracked 
|  47|0x0000000612800000, 0x0000000612800000, 0x0000000612a00000|  0%| F|  |TAMS 0x0000000612800000, 0x0000000612800000| Untracked 
|  48|0x0000000612a00000, 0x0000000612a00000, 0x0000000612c00000|  0%| F|  |TAMS 0x0000000612a00000, 0x0000000612a00000| Untracked 
|  49|0x0000000612c00000, 0x0000000612c00000, 0x0000000612e00000|  0%| F|  |TAMS 0x0000000612c00000, 0x0000000612c00000| Untracked 
|  50|0x0000000612e00000, 0x0000000612e00000, 0x0000000613000000|  0%| F|  |TAMS 0x0000000612e00000, 0x0000000612e00000| Untracked 
|  51|0x0000000613000000, 0x0000000613000000, 0x0000000613200000|  0%| F|  |TAMS 0x0000000613000000, 0x0000000613000000| Untracked 
|  52|0x0000000613200000, 0x0000000613200000, 0x0000000613400000|  0%| F|  |TAMS 0x0000000613200000, 0x0000000613200000| Untracked 
|  53|0x0000000613400000, 0x0000000613400000, 0x0000000613600000|  0%| F|  |TAMS 0x0000000613400000, 0x0000000613400000| Untracked 
|  54|0x0000000613600000, 0x0000000613600000, 0x0000000613800000|  0%| F|  |TAMS 0x0000000613600000, 0x0000000613600000| Untracked 
|  55|0x0000000613800000, 0x0000000613800000, 0x0000000613a00000|  0%| F|  |TAMS 0x0000000613800000, 0x0000000613800000| Untracked 
|  56|0x0000000613a00000, 0x0000000613a00000, 0x0000000613c00000|  0%| F|  |TAMS 0x0000000613a00000, 0x0000000613a00000| Untracked 
|  57|0x0000000613c00000, 0x0000000613c00000, 0x0000000613e00000|  0%| F|  |TAMS 0x0000000613c00000, 0x0000000613c00000| Untracked 
|  58|0x0000000613e00000, 0x0000000613e00000, 0x0000000614000000|  0%| F|  |TAMS 0x0000000613e00000, 0x0000000613e00000| Untracked 
|  59|0x0000000614000000, 0x0000000614000000, 0x0000000614200000|  0%| F|  |TAMS 0x0000000614000000, 0x0000000614000000| Untracked 
|  60|0x0000000614200000, 0x0000000614200000, 0x0000000614400000|  0%| F|  |TAMS 0x0000000614200000, 0x0000000614200000| Untracked 
|  61|0x0000000614400000, 0x0000000614400000, 0x0000000614600000|  0%| F|  |TAMS 0x0000000614400000, 0x0000000614400000| Untracked 
|  62|0x0000000614600000, 0x0000000614600000, 0x0000000614800000|  0%| F|  |TAMS 0x0000000614600000, 0x0000000614600000| Untracked 
|  63|0x0000000614800000, 0x0000000614800000, 0x0000000614a00000|  0%| F|  |TAMS 0x0000000614800000, 0x0000000614800000| Untracked 
|  64|0x0000000614a00000, 0x0000000614a00000, 0x0000000614c00000|  0%| F|  |TAMS 0x0000000614a00000, 0x0000000614a00000| Untracked 
|  65|0x0000000614c00000, 0x0000000614c00000, 0x0000000614e00000|  0%| F|  |TAMS 0x0000000614c00000, 0x0000000614c00000| Untracked 
|  66|0x0000000614e00000, 0x0000000614e00000, 0x0000000615000000|  0%| F|  |TAMS 0x0000000614e00000, 0x0000000614e00000| Untracked 
|  67|0x0000000615000000, 0x0000000615000000, 0x0000000615200000|  0%| F|  |TAMS 0x0000000615000000, 0x0000000615000000| Untracked 
|  68|0x0000000615200000, 0x0000000615200000, 0x0000000615400000|  0%| F|  |TAMS 0x0000000615200000, 0x0000000615200000| Untracked 
|  69|0x0000000615400000, 0x0000000615400000, 0x0000000615600000|  0%| F|  |TAMS 0x0000000615400000, 0x0000000615400000| Untracked 
|  70|0x0000000615600000, 0x0000000615600000, 0x0000000615800000|  0%| F|  |TAMS 0x0000000615600000, 0x0000000615600000| Untracked 
|  71|0x0000000615800000, 0x0000000615800000, 0x0000000615a00000|  0%| F|  |TAMS 0x0000000615800000, 0x0000000615800000| Untracked 
|  72|0x0000000615a00000, 0x0000000615a00000, 0x0000000615c00000|  0%| F|  |TAMS 0x0000000615a00000, 0x0000000615a00000| Untracked 
|  73|0x0000000615c00000, 0x0000000615c00000, 0x0000000615e00000|  0%| F|  |TAMS 0x0000000615c00000, 0x0000000615c00000| Untracked 
|  74|0x0000000615e00000, 0x0000000615e00000, 0x0000000616000000|  0%| F|  |TAMS 0x0000000615e00000, 0x0000000615e00000| Untracked 
|  75|0x0000000616000000, 0x0000000616000000, 0x0000000616200000|  0%| F|  |TAMS 0x0000000616000000, 0x0000000616000000| Untracked 
|  76|0x0000000616200000, 0x0000000616200000, 0x0000000616400000|  0%| F|  |TAMS 0x0000000616200000, 0x0000000616200000| Untracked 
|  77|0x0000000616400000, 0x0000000616400000, 0x0000000616600000|  0%| F|  |TAMS 0x0000000616400000, 0x0000000616400000| Untracked 
|  78|0x0000000616600000, 0x0000000616600000, 0x0000000616800000|  0%| F|  |TAMS 0x0000000616600000, 0x0000000616600000| Untracked 
|  79|0x0000000616800000, 0x0000000616800000, 0x0000000616a00000|  0%| F|  |TAMS 0x0000000616800000, 0x0000000616800000| Untracked 
|  80|0x0000000616a00000, 0x0000000616a00000, 0x0000000616c00000|  0%| F|  |TAMS 0x0000000616a00000, 0x0000000616a00000| Untracked 
|  81|0x0000000616c00000, 0x0000000616c00000, 0x0000000616e00000|  0%| F|  |TAMS 0x0000000616c00000, 0x0000000616c00000| Untracked 
|  82|0x0000000616e00000, 0x0000000616e00000, 0x0000000617000000|  0%| F|  |TAMS 0x0000000616e00000, 0x0000000616e00000| Untracked 
|  83|0x0000000617000000, 0x0000000617000000, 0x0000000617200000|  0%| F|  |TAMS 0x0000000617000000, 0x0000000617000000| Untracked 
|  84|0x0000000617200000, 0x0000000617200000, 0x0000000617400000|  0%| F|  |TAMS 0x0000000617200000, 0x0000000617200000| Untracked 
|  85|0x0000000617400000, 0x0000000617400000, 0x0000000617600000|  0%| F|  |TAMS 0x0000000617400000, 0x0000000617400000| Untracked 
|  86|0x0000000617600000, 0x0000000617600000, 0x0000000617800000|  0%| F|  |TAMS 0x0000000617600000, 0x0000000617600000| Untracked 
|  87|0x0000000617800000, 0x0000000617800000, 0x0000000617a00000|  0%| F|  |TAMS 0x0000000617800000, 0x0000000617800000| Untracked 
|  88|0x0000000617a00000, 0x0000000617a00000, 0x0000000617c00000|  0%| F|  |TAMS 0x0000000617a00000, 0x0000000617a00000| Untracked 
|  89|0x0000000617c00000, 0x0000000617c00000, 0x0000000617e00000|  0%| F|  |TAMS 0x0000000617c00000, 0x0000000617c00000| Untracked 
|  90|0x0000000617e00000, 0x0000000617e00000, 0x0000000618000000|  0%| F|  |TAMS 0x0000000617e00000, 0x0000000617e00000| Untracked 
|  91|0x0000000618000000, 0x0000000618000000, 0x0000000618200000|  0%| F|  |TAMS 0x0000000618000000, 0x0000000618000000| Untracked 
|  92|0x0000000618200000, 0x0000000618200000, 0x0000000618400000|  0%| F|  |TAMS 0x0000000618200000, 0x0000000618200000| Untracked 
|  93|0x0000000618400000, 0x0000000618400000, 0x0000000618600000|  0%| F|  |TAMS 0x0000000618400000, 0x0000000618400000| Untracked 
|  94|0x0000000618600000, 0x0000000618600000, 0x0000000618800000|  0%| F|  |TAMS 0x0000000618600000, 0x0000000618600000| Untracked 
|  95|0x0000000618800000, 0x0000000618800000, 0x0000000618a00000|  0%| F|  |TAMS 0x0000000618800000, 0x0000000618800000| Untracked 
|  96|0x0000000618a00000, 0x0000000618a00000, 0x0000000618c00000|  0%| F|  |TAMS 0x0000000618a00000, 0x0000000618a00000| Untracked 
|  97|0x0000000618c00000, 0x0000000618c00000, 0x0000000618e00000|  0%| F|  |TAMS 0x0000000618c00000, 0x0000000618c00000| Untracked 
|  98|0x0000000618e00000, 0x0000000618e00000, 0x0000000619000000|  0%| F|  |TAMS 0x0000000618e00000, 0x0000000618e00000| Untracked 
|  99|0x0000000619000000, 0x0000000619000000, 0x0000000619200000|  0%| F|  |TAMS 0x0000000619000000, 0x0000000619000000| Untracked 
| 100|0x0000000619200000, 0x0000000619200000, 0x0000000619400000|  0%| F|  |TAMS 0x0000000619200000, 0x0000000619200000| Untracked 
| 101|0x0000000619400000, 0x0000000619400000, 0x0000000619600000|  0%| F|  |TAMS 0x0000000619400000, 0x0000000619400000| Untracked 
| 102|0x0000000619600000, 0x0000000619600000, 0x0000000619800000|  0%| F|  |TAMS 0x0000000619600000, 0x0000000619600000| Untracked 
| 103|0x0000000619800000, 0x0000000619800000, 0x0000000619a00000|  0%| F|  |TAMS 0x0000000619800000, 0x0000000619800000| Untracked 
| 104|0x0000000619a00000, 0x0000000619a00000, 0x0000000619c00000|  0%| F|  |TAMS 0x0000000619a00000, 0x0000000619a00000| Untracked 
| 105|0x0000000619c00000, 0x0000000619c00000, 0x0000000619e00000|  0%| F|  |TAMS 0x0000000619c00000, 0x0000000619c00000| Untracked 
| 106|0x0000000619e00000, 0x0000000619e00000, 0x000000061a000000|  0%| F|  |TAMS 0x0000000619e00000, 0x0000000619e00000| Untracked 
| 107|0x000000061a000000, 0x000000061a000000, 0x000000061a200000|  0%| F|  |TAMS 0x000000061a000000, 0x000000061a000000| Untracked 
| 108|0x000000061a200000, 0x000000061a200000, 0x000000061a400000|  0%| F|  |TAMS 0x000000061a200000, 0x000000061a200000| Untracked 
| 109|0x000000061a400000, 0x000000061a400000, 0x000000061a600000|  0%| F|  |TAMS 0x000000061a400000, 0x000000061a400000| Untracked 
| 110|0x000000061a600000, 0x000000061a600000, 0x000000061a800000|  0%| F|  |TAMS 0x000000061a600000, 0x000000061a600000| Untracked 
| 111|0x000000061a800000, 0x000000061a800000, 0x000000061aa00000|  0%| F|  |TAMS 0x000000061a800000, 0x000000061a800000| Untracked 
| 112|0x000000061aa00000, 0x000000061aa00000, 0x000000061ac00000|  0%| F|  |TAMS 0x000000061aa00000, 0x000000061aa00000| Untracked 
| 113|0x000000061ac00000, 0x000000061ac00000, 0x000000061ae00000|  0%| F|  |TAMS 0x000000061ac00000, 0x000000061ac00000| Untracked 
| 114|0x000000061ae00000, 0x000000061ae00000, 0x000000061b000000|  0%| F|  |TAMS 0x000000061ae00000, 0x000000061ae00000| Untracked 
| 115|0x000000061b000000, 0x000000061b000000, 0x000000061b200000|  0%| F|  |TAMS 0x000000061b000000, 0x000000061b000000| Untracked 
| 116|0x000000061b200000, 0x000000061b200000, 0x000000061b400000|  0%| F|  |TAMS 0x000000061b200000, 0x000000061b200000| Untracked 
| 117|0x000000061b400000, 0x000000061b400000, 0x000000061b600000|  0%| F|  |TAMS 0x000000061b400000, 0x000000061b400000| Untracked 
| 118|0x000000061b600000, 0x000000061b600000, 0x000000061b800000|  0%| F|  |TAMS 0x000000061b600000, 0x000000061b600000| Untracked 
| 119|0x000000061b800000, 0x000000061b800000, 0x000000061ba00000|  0%| F|  |TAMS 0x000000061b800000, 0x000000061b800000| Untracked 
| 120|0x000000061ba00000, 0x000000061ba00000, 0x000000061bc00000|  0%| F|  |TAMS 0x000000061ba00000, 0x000000061ba00000| Untracked 
| 121|0x000000061bc00000, 0x000000061bc00000, 0x000000061be00000|  0%| F|  |TAMS 0x000000061bc00000, 0x000000061bc00000| Untracked 
| 122|0x000000061be00000, 0x000000061be00000, 0x000000061c000000|  0%| F|  |TAMS 0x000000061be00000, 0x000000061be00000| Untracked 
| 123|0x000000061c000000, 0x000000061c000000, 0x000000061c200000|  0%| F|  |TAMS 0x000000061c000000, 0x000000061c000000| Untracked 
| 124|0x000000061c200000, 0x000000061c200000, 0x000000061c400000|  0%| F|  |TAMS 0x000000061c200000, 0x000000061c200000| Untracked 
| 125|0x000000061c400000, 0x000000061c400000, 0x000000061c600000|  0%| F|  |TAMS 0x000000061c400000, 0x000000061c400000| Untracked 
| 126|0x000000061c600000, 0x000000061c600000, 0x000000061c800000|  0%| F|  |TAMS 0x000000061c600000, 0x000000061c600000| Untracked 
| 127|0x000000061c800000, 0x000000061c800000, 0x000000061ca00000|  0%| F|  |TAMS 0x000000061c800000, 0x000000061c800000| Untracked 
| 128|0x000000061ca00000, 0x000000061ca00000, 0x000000061cc00000|  0%| F|  |TAMS 0x000000061ca00000, 0x000000061ca00000| Untracked 
| 129|0x000000061cc00000, 0x000000061cc00000, 0x000000061ce00000|  0%| F|  |TAMS 0x000000061cc00000, 0x000000061cc00000| Untracked 
| 130|0x000000061ce00000, 0x000000061ce00000, 0x000000061d000000|  0%| F|  |TAMS 0x000000061ce00000, 0x000000061ce00000| Untracked 
| 131|0x000000061d000000, 0x000000061d000000, 0x000000061d200000|  0%| F|  |TAMS 0x000000061d000000, 0x000000061d000000| Untracked 
| 132|0x000000061d200000, 0x000000061d200000, 0x000000061d400000|  0%| F|  |TAMS 0x000000061d200000, 0x000000061d200000| Untracked 
| 133|0x000000061d400000, 0x000000061d400000, 0x000000061d600000|  0%| F|  |TAMS 0x000000061d400000, 0x000000061d400000| Untracked 
| 134|0x000000061d600000, 0x000000061d600000, 0x000000061d800000|  0%| F|  |TAMS 0x000000061d600000, 0x000000061d600000| Untracked 
| 135|0x000000061d800000, 0x000000061d800000, 0x000000061da00000|  0%| F|  |TAMS 0x000000061d800000, 0x000000061d800000| Untracked 
| 136|0x000000061da00000, 0x000000061da00000, 0x000000061dc00000|  0%| F|  |TAMS 0x000000061da00000, 0x000000061da00000| Untracked 
| 137|0x000000061dc00000, 0x000000061dc00000, 0x000000061de00000|  0%| F|  |TAMS 0x000000061dc00000, 0x000000061dc00000| Untracked 
| 138|0x000000061de00000, 0x000000061de00000, 0x000000061e000000|  0%| F|  |TAMS 0x000000061de00000, 0x000000061de00000| Untracked 
| 139|0x000000061e000000, 0x000000061e000000, 0x000000061e200000|  0%| F|  |TAMS 0x000000061e000000, 0x000000061e000000| Untracked 
| 140|0x000000061e200000, 0x000000061e200000, 0x000000061e400000|  0%| F|  |TAMS 0x000000061e200000, 0x000000061e200000| Untracked 
| 141|0x000000061e400000, 0x000000061e400000, 0x000000061e600000|  0%| F|  |TAMS 0x000000061e400000, 0x000000061e400000| Untracked 
| 142|0x000000061e600000, 0x000000061e600000, 0x000000061e800000|  0%| F|  |TAMS 0x000000061e600000, 0x000000061e600000| Untracked 
| 143|0x000000061e800000, 0x000000061e800000, 0x000000061ea00000|  0%| F|  |TAMS 0x000000061e800000, 0x000000061e800000| Untracked 
| 144|0x000000061ea00000, 0x000000061ea00000, 0x000000061ec00000|  0%| F|  |TAMS 0x000000061ea00000, 0x000000061ea00000| Untracked 
| 145|0x000000061ec00000, 0x000000061ec00000, 0x000000061ee00000|  0%| F|  |TAMS 0x000000061ec00000, 0x000000061ec00000| Untracked 
| 146|0x000000061ee00000, 0x000000061ee00000, 0x000000061f000000|  0%| F|  |TAMS 0x000000061ee00000, 0x000000061ee00000| Untracked 
| 147|0x000000061f000000, 0x000000061f000000, 0x000000061f200000|  0%| F|  |TAMS 0x000000061f000000, 0x000000061f000000| Untracked 
| 148|0x000000061f200000, 0x000000061f200000, 0x000000061f400000|  0%| F|  |TAMS 0x000000061f200000, 0x000000061f200000| Untracked 
| 149|0x000000061f400000, 0x000000061f400000, 0x000000061f600000|  0%| F|  |TAMS 0x000000061f400000, 0x000000061f400000| Untracked 
| 150|0x000000061f600000, 0x000000061f600000, 0x000000061f800000|  0%| F|  |TAMS 0x000000061f600000, 0x000000061f600000| Untracked 
| 151|0x000000061f800000, 0x000000061f800000, 0x000000061fa00000|  0%| F|  |TAMS 0x000000061f800000, 0x000000061f800000| Untracked 
| 152|0x000000061fa00000, 0x000000061fa00000, 0x000000061fc00000|  0%| F|  |TAMS 0x000000061fa00000, 0x000000061fa00000| Untracked 
| 153|0x000000061fc00000, 0x000000061fc00000, 0x000000061fe00000|  0%| F|  |TAMS 0x000000061fc00000, 0x000000061fc00000| Untracked 
| 154|0x000000061fe00000, 0x000000061fe00000, 0x0000000620000000|  0%| F|  |TAMS 0x000000061fe00000, 0x000000061fe00000| Untracked 
| 155|0x0000000620000000, 0x0000000620000000, 0x0000000620200000|  0%| F|  |TAMS 0x0000000620000000, 0x0000000620000000| Untracked 
| 156|0x0000000620200000, 0x0000000620200000, 0x0000000620400000|  0%| F|  |TAMS 0x0000000620200000, 0x0000000620200000| Untracked 
| 157|0x0000000620400000, 0x0000000620400000, 0x0000000620600000|  0%| F|  |TAMS 0x0000000620400000, 0x0000000620400000| Untracked 
| 158|0x0000000620600000, 0x0000000620600000, 0x0000000620800000|  0%| F|  |TAMS 0x0000000620600000, 0x0000000620600000| Untracked 
| 159|0x0000000620800000, 0x0000000620800000, 0x0000000620a00000|  0%| F|  |TAMS 0x0000000620800000, 0x0000000620800000| Untracked 
| 160|0x0000000620a00000, 0x0000000620a00000, 0x0000000620c00000|  0%| F|  |TAMS 0x0000000620a00000, 0x0000000620a00000| Untracked 
| 161|0x0000000620c00000, 0x0000000620c00000, 0x0000000620e00000|  0%| F|  |TAMS 0x0000000620c00000, 0x0000000620c00000| Untracked 
| 162|0x0000000620e00000, 0x0000000620e00000, 0x0000000621000000|  0%| F|  |TAMS 0x0000000620e00000, 0x0000000620e00000| Untracked 
| 163|0x0000000621000000, 0x0000000621000000, 0x0000000621200000|  0%| F|  |TAMS 0x0000000621000000, 0x0000000621000000| Untracked 
| 164|0x0000000621200000, 0x0000000621200000, 0x0000000621400000|  0%| F|  |TAMS 0x0000000621200000, 0x0000000621200000| Untracked 
| 165|0x0000000621400000, 0x0000000621400000, 0x0000000621600000|  0%| F|  |TAMS 0x0000000621400000, 0x0000000621400000| Untracked 
| 166|0x0000000621600000, 0x0000000621600000, 0x0000000621800000|  0%| F|  |TAMS 0x0000000621600000, 0x0000000621600000| Untracked 
| 167|0x0000000621800000, 0x0000000621800000, 0x0000000621a00000|  0%| F|  |TAMS 0x0000000621800000, 0x0000000621800000| Untracked 
| 168|0x0000000621a00000, 0x0000000621a00000, 0x0000000621c00000|  0%| F|  |TAMS 0x0000000621a00000, 0x0000000621a00000| Untracked 
| 169|0x0000000621c00000, 0x0000000621c00000, 0x0000000621e00000|  0%| F|  |TAMS 0x0000000621c00000, 0x0000000621c00000| Untracked 
| 170|0x0000000621e00000, 0x0000000621e00000, 0x0000000622000000|  0%| F|  |TAMS 0x0000000621e00000, 0x0000000621e00000| Untracked 
| 171|0x0000000622000000, 0x0000000622000000, 0x0000000622200000|  0%| F|  |TAMS 0x0000000622000000, 0x0000000622000000| Untracked 
| 172|0x0000000622200000, 0x0000000622200000, 0x0000000622400000|  0%| F|  |TAMS 0x0000000622200000, 0x0000000622200000| Untracked 
| 173|0x0000000622400000, 0x0000000622400000, 0x0000000622600000|  0%| F|  |TAMS 0x0000000622400000, 0x0000000622400000| Untracked 
| 174|0x0000000622600000, 0x0000000622600000, 0x0000000622800000|  0%| F|  |TAMS 0x0000000622600000, 0x0000000622600000| Untracked 
| 175|0x0000000622800000, 0x0000000622800000, 0x0000000622a00000|  0%| F|  |TAMS 0x0000000622800000, 0x0000000622800000| Untracked 
| 176|0x0000000622a00000, 0x0000000622a00000, 0x0000000622c00000|  0%| F|  |TAMS 0x0000000622a00000, 0x0000000622a00000| Untracked 
| 177|0x0000000622c00000, 0x0000000622c00000, 0x0000000622e00000|  0%| F|  |TAMS 0x0000000622c00000, 0x0000000622c00000| Untracked 
| 178|0x0000000622e00000, 0x0000000622e00000, 0x0000000623000000|  0%| F|  |TAMS 0x0000000622e00000, 0x0000000622e00000| Untracked 
| 179|0x0000000623000000, 0x0000000623000000, 0x0000000623200000|  0%| F|  |TAMS 0x0000000623000000, 0x0000000623000000| Untracked 
| 180|0x0000000623200000, 0x0000000623200000, 0x0000000623400000|  0%| F|  |TAMS 0x0000000623200000, 0x0000000623200000| Untracked 
| 181|0x0000000623400000, 0x0000000623400000, 0x0000000623600000|  0%| F|  |TAMS 0x0000000623400000, 0x0000000623400000| Untracked 
| 182|0x0000000623600000, 0x0000000623600000, 0x0000000623800000|  0%| F|  |TAMS 0x0000000623600000, 0x0000000623600000| Untracked 
| 183|0x0000000623800000, 0x0000000623800000, 0x0000000623a00000|  0%| F|  |TAMS 0x0000000623800000, 0x0000000623800000| Untracked 
| 184|0x0000000623a00000, 0x0000000623a00000, 0x0000000623c00000|  0%| F|  |TAMS 0x0000000623a00000, 0x0000000623a00000| Untracked 
| 185|0x0000000623c00000, 0x0000000623c00000, 0x0000000623e00000|  0%| F|  |TAMS 0x0000000623c00000, 0x0000000623c00000| Untracked 
| 186|0x0000000623e00000, 0x0000000623e00000, 0x0000000624000000|  0%| F|  |TAMS 0x0000000623e00000, 0x0000000623e00000| Untracked 
| 187|0x0000000624000000, 0x0000000624000000, 0x0000000624200000|  0%| F|  |TAMS 0x0000000624000000, 0x0000000624000000| Untracked 
| 188|0x0000000624200000, 0x0000000624200000, 0x0000000624400000|  0%| F|  |TAMS 0x0000000624200000, 0x0000000624200000| Untracked 
| 189|0x0000000624400000, 0x0000000624400000, 0x0000000624600000|  0%| F|  |TAMS 0x0000000624400000, 0x0000000624400000| Untracked 
| 190|0x0000000624600000, 0x0000000624600000, 0x0000000624800000|  0%| F|  |TAMS 0x0000000624600000, 0x0000000624600000| Untracked 
| 191|0x0000000624800000, 0x0000000624800000, 0x0000000624a00000|  0%| F|  |TAMS 0x0000000624800000, 0x0000000624800000| Untracked 
| 192|0x0000000624a00000, 0x0000000624a00000, 0x0000000624c00000|  0%| F|  |TAMS 0x0000000624a00000, 0x0000000624a00000| Untracked 
| 193|0x0000000624c00000, 0x0000000624c00000, 0x0000000624e00000|  0%| F|  |TAMS 0x0000000624c00000, 0x0000000624c00000| Untracked 
| 194|0x0000000624e00000, 0x0000000624e00000, 0x0000000625000000|  0%| F|  |TAMS 0x0000000624e00000, 0x0000000624e00000| Untracked 
| 195|0x0000000625000000, 0x0000000625000000, 0x0000000625200000|  0%| F|  |TAMS 0x0000000625000000, 0x0000000625000000| Untracked 
| 196|0x0000000625200000, 0x0000000625200000, 0x0000000625400000|  0%| F|  |TAMS 0x0000000625200000, 0x0000000625200000| Untracked 
| 197|0x0000000625400000, 0x0000000625400000, 0x0000000625600000|  0%| F|  |TAMS 0x0000000625400000, 0x0000000625400000| Untracked 
| 198|0x0000000625600000, 0x0000000625600000, 0x0000000625800000|  0%| F|  |TAMS 0x0000000625600000, 0x0000000625600000| Untracked 
| 199|0x0000000625800000, 0x0000000625800000, 0x0000000625a00000|  0%| F|  |TAMS 0x0000000625800000, 0x0000000625800000| Untracked 
| 200|0x0000000625a00000, 0x0000000625a00000, 0x0000000625c00000|  0%| F|  |TAMS 0x0000000625a00000, 0x0000000625a00000| Untracked 
| 201|0x0000000625c00000, 0x0000000625c00000, 0x0000000625e00000|  0%| F|  |TAMS 0x0000000625c00000, 0x0000000625c00000| Untracked 
| 202|0x0000000625e00000, 0x0000000625e00000, 0x0000000626000000|  0%| F|  |TAMS 0x0000000625e00000, 0x0000000625e00000| Untracked 
| 203|0x0000000626000000, 0x0000000626000000, 0x0000000626200000|  0%| F|  |TAMS 0x0000000626000000, 0x0000000626000000| Untracked 
| 204|0x0000000626200000, 0x0000000626200000, 0x0000000626400000|  0%| F|  |TAMS 0x0000000626200000, 0x0000000626200000| Untracked 
| 205|0x0000000626400000, 0x0000000626400000, 0x0000000626600000|  0%| F|  |TAMS 0x0000000626400000, 0x0000000626400000| Untracked 
| 206|0x0000000626600000, 0x0000000626600000, 0x0000000626800000|  0%| F|  |TAMS 0x0000000626600000, 0x0000000626600000| Untracked 
| 207|0x0000000626800000, 0x0000000626800000, 0x0000000626a00000|  0%| F|  |TAMS 0x0000000626800000, 0x0000000626800000| Untracked 
| 208|0x0000000626a00000, 0x0000000626a00000, 0x0000000626c00000|  0%| F|  |TAMS 0x0000000626a00000, 0x0000000626a00000| Untracked 
| 209|0x0000000626c00000, 0x0000000626c00000, 0x0000000626e00000|  0%| F|  |TAMS 0x0000000626c00000, 0x0000000626c00000| Untracked 
| 210|0x0000000626e00000, 0x0000000626e00000, 0x0000000627000000|  0%| F|  |TAMS 0x0000000626e00000, 0x0000000626e00000| Untracked 
| 211|0x0000000627000000, 0x0000000627000000, 0x0000000627200000|  0%| F|  |TAMS 0x0000000627000000, 0x0000000627000000| Untracked 
| 212|0x0000000627200000, 0x0000000627200000, 0x0000000627400000|  0%| F|  |TAMS 0x0000000627200000, 0x0000000627200000| Untracked 
| 213|0x0000000627400000, 0x0000000627400000, 0x0000000627600000|  0%| F|  |TAMS 0x0000000627400000, 0x0000000627400000| Untracked 
| 214|0x0000000627600000, 0x0000000627600000, 0x0000000627800000|  0%| F|  |TAMS 0x0000000627600000, 0x0000000627600000| Untracked 
| 215|0x0000000627800000, 0x0000000627800000, 0x0000000627a00000|  0%| F|  |TAMS 0x0000000627800000, 0x0000000627800000| Untracked 
| 216|0x0000000627a00000, 0x0000000627a00000, 0x0000000627c00000|  0%| F|  |TAMS 0x0000000627a00000, 0x0000000627a00000| Untracked 
| 217|0x0000000627c00000, 0x0000000627c00000, 0x0000000627e00000|  0%| F|  |TAMS 0x0000000627c00000, 0x0000000627c00000| Untracked 
| 218|0x0000000627e00000, 0x0000000627e00000, 0x0000000628000000|  0%| F|  |TAMS 0x0000000627e00000, 0x0000000627e00000| Untracked 
| 219|0x0000000628000000, 0x0000000628000000, 0x0000000628200000|  0%| F|  |TAMS 0x0000000628000000, 0x0000000628000000| Untracked 
| 220|0x0000000628200000, 0x0000000628200000, 0x0000000628400000|  0%| F|  |TAMS 0x0000000628200000, 0x0000000628200000| Untracked 
| 221|0x0000000628400000, 0x0000000628400000, 0x0000000628600000|  0%| F|  |TAMS 0x0000000628400000, 0x0000000628400000| Untracked 
| 222|0x0000000628600000, 0x0000000628600000, 0x0000000628800000|  0%| F|  |TAMS 0x0000000628600000, 0x0000000628600000| Untracked 
| 223|0x0000000628800000, 0x0000000628800000, 0x0000000628a00000|  0%| F|  |TAMS 0x0000000628800000, 0x0000000628800000| Untracked 
| 224|0x0000000628a00000, 0x0000000628a00000, 0x0000000628c00000|  0%| F|  |TAMS 0x0000000628a00000, 0x0000000628a00000| Untracked 
| 225|0x0000000628c00000, 0x0000000628c00000, 0x0000000628e00000|  0%| F|  |TAMS 0x0000000628c00000, 0x0000000628c00000| Untracked 
| 226|0x0000000628e00000, 0x0000000628e00000, 0x0000000629000000|  0%| F|  |TAMS 0x0000000628e00000, 0x0000000628e00000| Untracked 
| 227|0x0000000629000000, 0x0000000629000000, 0x0000000629200000|  0%| F|  |TAMS 0x0000000629000000, 0x0000000629000000| Untracked 
| 228|0x0000000629200000, 0x0000000629200000, 0x0000000629400000|  0%| F|  |TAMS 0x0000000629200000, 0x0000000629200000| Untracked 
| 229|0x0000000629400000, 0x0000000629400000, 0x0000000629600000|  0%| F|  |TAMS 0x0000000629400000, 0x0000000629400000| Untracked 
| 230|0x0000000629600000, 0x0000000629600000, 0x0000000629800000|  0%| F|  |TAMS 0x0000000629600000, 0x0000000629600000| Untracked 
| 231|0x0000000629800000, 0x0000000629800000, 0x0000000629a00000|  0%| F|  |TAMS 0x0000000629800000, 0x0000000629800000| Untracked 
| 232|0x0000000629a00000, 0x0000000629c00000, 0x0000000629c00000|100%| E|  |TAMS 0x0000000629a00000, 0x0000000629a00000| Complete 
| 233|0x0000000629c00000, 0x0000000629e00000, 0x0000000629e00000|100%| E|CS|TAMS 0x0000000629c00000, 0x0000000629c00000| Complete 
| 234|0x0000000629e00000, 0x000000062a000000, 0x000000062a000000|100%| E|CS|TAMS 0x0000000629e00000, 0x0000000629e00000| Complete 
| 235|0x000000062a000000, 0x000000062a200000, 0x000000062a200000|100%| E|CS|TAMS 0x000000062a000000, 0x000000062a000000| Complete 
| 236|0x000000062a200000, 0x000000062a400000, 0x000000062a400000|100%| S|CS|TAMS 0x000000062a200000, 0x000000062a200000| Complete 
| 237|0x000000062a400000, 0x000000062a600000, 0x000000062a600000|100%| S|CS|TAMS 0x000000062a400000, 0x000000062a400000| Complete 
| 238|0x000000062a600000, 0x000000062a800000, 0x000000062a800000|100%| E|CS|TAMS 0x000000062a600000, 0x000000062a600000| Complete 
| 239|0x000000062a800000, 0x000000062aa00000, 0x000000062aa00000|100%| E|CS|TAMS 0x000000062a800000, 0x000000062a800000| Complete 
| 240|0x000000062aa00000, 0x000000062ac00000, 0x000000062ac00000|100%| E|CS|TAMS 0x000000062aa00000, 0x000000062aa00000| Complete 
| 241|0x000000062ac00000, 0x000000062ae00000, 0x000000062ae00000|100%| E|CS|TAMS 0x000000062ac00000, 0x000000062ac00000| Complete 
| 242|0x000000062ae00000, 0x000000062b000000, 0x000000062b000000|100%| E|CS|TAMS 0x000000062ae00000, 0x000000062ae00000| Complete 
| 243|0x000000062b000000, 0x000000062b200000, 0x000000062b200000|100%| E|CS|TAMS 0x000000062b000000, 0x000000062b000000| Complete 
| 244|0x000000062b200000, 0x000000062b400000, 0x000000062b400000|100%| E|CS|TAMS 0x000000062b200000, 0x000000062b200000| Complete 
| 245|0x000000062b400000, 0x000000062b600000, 0x000000062b600000|100%| E|CS|TAMS 0x000000062b400000, 0x000000062b400000| Complete 
| 246|0x000000062b600000, 0x000000062b800000, 0x000000062b800000|100%| E|CS|TAMS 0x000000062b600000, 0x000000062b600000| Complete 
| 247|0x000000062b800000, 0x000000062ba00000, 0x000000062ba00000|100%| E|CS|TAMS 0x000000062b800000, 0x000000062b800000| Complete 
| 248|0x000000062ba00000, 0x000000062bc00000, 0x000000062bc00000|100%| E|CS|TAMS 0x000000062ba00000, 0x000000062ba00000| Complete 
| 249|0x000000062bc00000, 0x000000062be00000, 0x000000062be00000|100%| E|CS|TAMS 0x000000062bc00000, 0x000000062bc00000| Complete 
|3481|0x00000007bfc00000, 0x00000007bfc47000, 0x00000007bfe00000| 13%|OA|  |TAMS 0x00000007bfc00000, 0x00000007bfc00000| Untracked 
|3482|0x00000007bfe00000, 0x00000007bfe6b000, 0x00000007c0000000| 20%|CA|  |TAMS 0x00000007bfe00000, 0x00000007bfe00000| Untracked 

Card table byte_map: [0x00007f3dcb065000,0x00007f3dcc000000] _byte_map_base: 0x00007f3dc8000000

Marking Bits (Prev, Next): (CMBitMap*) 0x00007f3de8060b28, (CMBitMap*) 0x00007f3de8060b60
 Prev Bits: [0x00007f3dc23f2000, 0x00007f3dca0ca000)
 Next Bits: [0x00007f3dba71a000, 0x00007f3dc23f2000)

Polling page: 0x00007f3def9ff000

Metaspace:

Usage:
  Non-class:      9,32 MB capacity,     8,73 MB ( 94%) used,   560,48 KB (  6%) free+waste,    44,12 KB ( <1%) overhead. 
      Class:      1,46 MB capacity,     1,28 MB ( 88%) used,   156,16 KB ( 10%) free+waste,    24,12 KB (  2%) overhead. 
       Both:     10,78 MB capacity,    10,01 MB ( 93%) used,   716,63 KB (  6%) free+waste,    68,25 KB ( <1%) overhead. 

Virtual space:
  Non-class space:       10,00 MB reserved,       9,50 MB ( 95%) committed 
      Class space:        1,00 GB reserved,       1,50 MB ( <1%) committed 
             Both:        1,01 GB reserved,      11,00 MB (  1%) committed 

Chunk freelists:
   Non-Class:  12,00 KB
       Class:  14,00 KB
        Both:  26,00 KB

MaxMetaspaceSize: unlimited
CompressedClassSpaceSize: 1,00 GB

CodeHeap 'non-profiled nmethods': size=120032Kb used=587Kb max_used=587Kb free=119444Kb
 bounds [0x00007f3dd8340000, 0x00007f3dd85b0000, 0x00007f3ddf878000]
CodeHeap 'profiled nmethods': size=120028Kb used=3040Kb max_used=3040Kb free=116987Kb
 bounds [0x00007f3dd0e09000, 0x00007f3dd1109000, 0x00007f3dd8340000]
CodeHeap 'non-nmethods': size=5700Kb used=1122Kb max_used=1145Kb free=4578Kb
 bounds [0x00007f3dd0878000, 0x00007f3dd0ae8000, 0x00007f3dd0e09000]
 total_blobs=2064 nmethods=1614 adapters=362
 compilation: enabled
              stopped_count=0, restarted_count=0
 full_count=0

Compilation events (20 events):
Event: 1,062 Thread 0x00007f3de82ac000 1589       3       java.util.Arrays$ArrayList::size (6 bytes)
Event: 1,063 Thread 0x00007f3de82ac000 nmethod 1589 0x00007f3dd10f2110 code [0x00007f3dd10f22c0, 0x00007f3dd10f23f0]
Event: 1,063 Thread 0x00007f3de82ac000 1590       3       java.lang.invoke.TypeConvertingMethodAdapter::convertType (299 bytes)
Event: 1,064 Thread 0x00007f3d8c0ea800 1592       4       java.lang.invoke.LambdaForm$Name::useCount (42 bytes)
Event: 1,066 Thread 0x00007f3d8c0ea800 nmethod 1592 0x00007f3dd83ce490 code [0x00007f3dd83ce620, 0x00007f3dd83ce718]
Event: 1,066 Thread 0x00007f3d8c0ea800 1594       4       jdk.internal.org.objectweb.asm.Frame::execute (2264 bytes)
Event: 1,068 Thread 0x00007f3de82aa000 nmethod 1574 0x00007f3dd83cec10 code [0x00007f3dd83cee80, 0x00007f3dd83d0a00]
Event: 1,068 Thread 0x00007f3de82ac000 nmethod 1590 0x00007f3dd10f2490 code [0x00007f3dd10f2de0, 0x00007f3dd10f7e80]
Event: 1,068 Thread 0x00007f3de82aa000 1595       4       java.lang.String::regionMatches (150 bytes)
Event: 1,068 Thread 0x00007f3de82ac000 1596       3       jdk.internal.org.objectweb.asm.MethodWriter::visitFrame (233 bytes)
Event: 1,069 Thread 0x00007f3de82ac000 nmethod 1596 0x00007f3dd10f9b10 code [0x00007f3dd10f9d40, 0x00007f3dd10fa530]
Event: 1,069 Thread 0x00007f3de82ac000 1593       3       jdk.internal.org.objectweb.asm.ClassWriter::addType (103 bytes)
Event: 1,070 Thread 0x00007f3de82ac000 nmethod 1593 0x00007f3dd10fa890 code [0x00007f3dd10faaa0, 0x00007f3dd10fb200]
Event: 1,070 Thread 0x00007f3de82ac000 1591       3       java.util.concurrent.atomic.AtomicInteger::incrementAndGet (14 bytes)
Event: 1,070 Thread 0x00007f3de82ac000 nmethod 1591 0x00007f3dd10fb410 code [0x00007f3dd10fb5c0, 0x00007f3dd10fb6f0]
Event: 1,070 Thread 0x00007f3de82ac000 1602       3       java.lang.invoke.ClassSpecializer$Factory$1Var::nextIndex (18 bytes)
Event: 1,070 Thread 0x00007f3de82ac000 nmethod 1602 0x00007f3dd10fb790 code [0x00007f3dd10fb960, 0x00007f3dd10fbc30]
Event: 1,070 Thread 0x00007f3de82ac000 1603       3       java.lang.invoke.ClassSpecializer$Factory$1Var::emitFieldInsn (18 bytes)
Event: 1,070 Thread 0x00007f3de82ac000 nmethod 1603 0x00007f3dd10fbd90 code [0x00007f3dd10fbf40, 0x00007f3dd10fc140]
Event: 1,077 Thread 0x00007f3de82ac000 1606       3       java.lang.invoke.ClassSpecializer$Factory$1Var::<init> (146 bytes)

GC Heap History (2 events):
Event: 0,531 GC heap before
{Heap before GC invocations=0 (full 0):
 garbage-first heap   total 516096K, used 23240K [0x000000060ca00000, 0x0000000800000000)
  region size 2048K, 12 young (24576K), 0 survivors (0K)
 Metaspace       used 4044K, capacity 6389K, committed 6656K, reserved 1056768K
  class space    used 428K, capacity 641K, committed 768K, reserved 1048576K
}
Event: 0,543 GC heap after
{Heap after GC invocations=1 (full 0):
 garbage-first heap   total 516096K, used 8591K [0x000000060ca00000, 0x0000000800000000)
  region size 2048K, 2 young (4096K), 2 survivors (4096K)
 Metaspace       used 4044K, capacity 6389K, committed 6656K, reserved 1056768K
  class space    used 428K, capacity 641K, committed 768K, reserved 1048576K
}

Deoptimization events (20 events):
Event: 0,829 Thread 0x00007f3de801f000 Uncommon trap: trap_request=0xffffff4d fr.pc=0x00007f3dd838e1c4 relative=0x0000000000000284
Event: 0,829 Thread 0x00007f3de801f000 Uncommon trap: reason=unstable_if action=reinterpret pc=0x00007f3dd838e1c4 method=java.util.concurrent.ConcurrentHashMap.get(Ljava/lang/Object;)Ljava/lang/Object; @ 76 c2
Event: 0,829 Thread 0x00007f3de801f000 DEOPT PACKING pc=0x00007f3dd838e1c4 sp=0x00007f3dee1cbae0
Event: 0,829 Thread 0x00007f3de801f000 DEOPT UNPACKING pc=0x00007f3dd089d9a5 sp=0x00007f3dee1cba68 mode 2
Event: 0,829 Thread 0x00007f3de801f000 Uncommon trap: trap_request=0xffffffde fr.pc=0x00007f3dd83a24b4 relative=0x0000000000001074
Event: 0,829 Thread 0x00007f3de801f000 Uncommon trap: reason=class_check action=maybe_recompile pc=0x00007f3dd83a24b4 method=java.util.concurrent.ConcurrentHashMap.putVal(Ljava/lang/Object;Ljava/lang/Object;Z)Ljava/lang/Object; @ 159 c2
Event: 0,829 Thread 0x00007f3de801f000 DEOPT PACKING pc=0x00007f3dd83a24b4 sp=0x00007f3dee1cba30
Event: 0,829 Thread 0x00007f3de801f000 DEOPT UNPACKING pc=0x00007f3dd089d9a5 sp=0x00007f3dee1cb9c0 mode 2
Event: 0,853 Thread 0x00007f3de801f000 Uncommon trap: trap_request=0xffffffde fr.pc=0x00007f3dd8383fdc relative=0x00000000000004fc
Event: 0,853 Thread 0x00007f3de801f000 Uncommon trap: reason=class_check action=maybe_recompile pc=0x00007f3dd8383fdc method=java.util.HashMap.getNode(ILjava/lang/Object;)Ljava/util/HashMap$Node; @ 126 c2
Event: 0,853 Thread 0x00007f3de801f000 DEOPT PACKING pc=0x00007f3dd8383fdc sp=0x00007f3dee1c9f20
Event: 0,853 Thread 0x00007f3de801f000 DEOPT UNPACKING pc=0x00007f3dd089d9a5 sp=0x00007f3dee1c9e48 mode 2
Event: 0,923 Thread 0x00007f3de801f000 Uncommon trap: trap_request=0xffffff4d fr.pc=0x00007f3dd83a2580 relative=0x0000000000001140
Event: 0,923 Thread 0x00007f3de801f000 Uncommon trap: reason=unstable_if action=reinterpret pc=0x00007f3dd83a2580 method=java.util.concurrent.ConcurrentHashMap.putVal(Ljava/lang/Object;Ljava/lang/Object;Z)Ljava/lang/Object; @ 148 c2
Event: 0,923 Thread 0x00007f3de801f000 DEOPT PACKING pc=0x00007f3dd83a2580 sp=0x00007f3dee1cca80
Event: 0,923 Thread 0x00007f3de801f000 DEOPT UNPACKING pc=0x00007f3dd089d9a5 sp=0x00007f3dee1cca10 mode 2
Event: 0,997 Thread 0x00007f3de801f000 Uncommon trap: trap_request=0xffffff4d fr.pc=0x00007f3dd83c4c74 relative=0x0000000000001074
Event: 0,997 Thread 0x00007f3de801f000 Uncommon trap: reason=unstable_if action=reinterpret pc=0x00007f3dd83c4c74 method=org.springframework.boot.context.properties.source.ConfigurationPropertyName.getElement(ILorg/springframework/boot/context/properties/source/ConfigurationPropertyName$Form;)
Event: 0,997 Thread 0x00007f3de801f000 DEOPT PACKING pc=0x00007f3dd83c4c74 sp=0x00007f3dee1cbf60
Event: 0,997 Thread 0x00007f3de801f000 DEOPT UNPACKING pc=0x00007f3dd089d9a5 sp=0x00007f3dee1cbf40 mode 2

Classes redefined (0 events):
No events

Internal exceptions (20 events):
Event: 0,797 Thread 0x00007f3de801f000 Exception <a 'java/lang/NoSuchMethodError'{0x000000062b0d9bd8}: 'java.lang.Object java.lang.invoke.DirectMethodHandle$Holder.invokeSpecial(java.lang.Object, java.lang.Object, java.lang.Object, java.lang.Object, java.lang.Object, java.lang.Object, java.lang.Object, int)'> (0x000000062b0d9bd8) thrown at [src/hotspot/share/interpreter/linkResolver.cpp, line 772]
Event: 0,797 Thread 0x00007f3de801f000 Exception <a 'java/lang/NoSuchMethodError'{0x000000062b0dda80}: 'java.lang.Object java.lang.invoke.Invokers$Holder.linkToTargetMethod(java.lang.Object, java.lang.Object, java.lang.Object, java.lang.Object, java.lang.Object, int, java.lang.Object)'> (0x000000062b0dda80) thrown at [src/hotspot/share/interpreter/linkResolver.cpp, line 772]
Event: 0,828 Thread 0x00007f3de801f000 Exception <a 'java/lang/NoSuchMethodError'{0x000000062ae43330}: 'int java.lang.invoke.DirectMethodHandle$Holder.invokeInterface(java.lang.Object, java.lang.Object)'> (0x000000062ae43330) thrown at [src/hotspot/share/interpreter/linkResolver.cpp, line 772]
Event: 0,845 Thread 0x00007f3de801f000 Exception <a 'java/lang/NoSuchMethodError'{0x000000062aef8b48}: 'int java.lang.invoke.DirectMethodHandle$Holder.invokeVirtual(java.lang.Object, java.lang.Object)'> (0x000000062aef8b48) thrown at [src/hotspot/share/interpreter/linkResolver.cpp, line 772]
Event: 0,861 Thread 0x00007f3de801f000 Exception <a 'java/lang/NoSuchMethodError'{0x000000062afa0548}: 'java.lang.Object java.lang.invoke.DirectMethodHandle$Holder.invokeStatic(java.lang.Object, java.lang.Object, java.lang.Object, int, java.lang.Object)'> (0x000000062afa0548) thrown at [src/hotspot/share/interpreter/linkResolver.cpp, line 772]
Event: 0,862 Thread 0x00007f3de801f000 Exception <a 'java/lang/NoSuchMethodError'{0x000000062afa9ea0}: 'java.lang.Object java.lang.invoke.Invokers$Holder.linkToTargetMethod(java.lang.Object, java.lang.Object, int, java.lang.Object, java.lang.Object)'> (0x000000062afa9ea0) thrown at [src/hotspot/share/interpreter/linkResolver.cpp, line 772]
Event: 0,863 Thread 0x00007f3de801f000 Exception <a 'java/lang/NoSuchMethodError'{0x000000062afb10c0}: 'int java.lang.invoke.DirectMethodHandle$Holder.invokeStatic(java.lang.Object, int, java.lang.Object, java.lang.Object)'> (0x000000062afb10c0) thrown at [src/hotspot/share/interpreter/linkResolver.cpp, line 772]
Event: 0,864 Thread 0x00007f3de801f000 Exception <a 'java/lang/NoSuchMethodError'{0x000000062afb81d0}: 'java.lang.Object java.lang.invoke.DirectMethodHandle$Holder.invokeStatic(java.lang.Object, int, java.lang.Object)'> (0x000000062afb81d0) thrown at [src/hotspot/share/interpreter/linkResolver.cpp, line 772]
Event: 0,864 Thread 0x00007f3de801f000 Exception <a 'java/lang/NoSuchMethodError'{0x000000062afbc580}: 'int java.lang.invoke.DirectMethodHandle$Holder.invokeSpecialIFC(java.lang.Object, java.lang.Object, java.lang.Object, java.lang.Object)'> (0x000000062afbc580) thrown at [src/hotspot/share/interpreter/linkResolver.cpp, line 772]
Event: 0,905 Thread 0x00007f3de801f000 Exception <a 'java/lang/NoSuchMethodError'{0x000000062adbc538}: 'void java.lang.invoke.DirectMethodHandle$Holder.invokeStaticInit(java.lang.Object, java.lang.Object)'> (0x000000062adbc538) thrown at [src/hotspot/share/interpreter/linkResolver.cpp, line 772]
Event: 0,906 Thread 0x00007f3de801f000 Exception <a 'java/lang/NoSuchMethodError'{0x000000062adc8750}: 'void java.lang.invoke.DirectMethodHandle$Holder.invokeStaticInit(java.lang.Object, java.lang.Object, java.lang.Object)'> (0x000000062adc8750) thrown at [src/hotspot/share/interpreter/linkResolver.cpp, line 772]
Event: 0,918 Thread 0x00007f3de801f000 Exception <a 'java/lang/NoSuchMethodError'{0x000000062adeb4f8}: 'java.lang.Object java.lang.invoke.DirectMethodHandle$Holder.invokeStaticInit(java.lang.Object, java.lang.Object, java.lang.Object)'> (0x000000062adeb4f8) thrown at [src/hotspot/share/interpreter/linkResolver.cpp, line 772]
Event: 0,947 Thread 0x00007f3de801f000 Exception <a 'java/lang/NoSuchMethodError'{0x000000062aadec28}: 'void java.lang.invoke.DirectMethodHandle$Holder.invokeVirtual(java.lang.Object, java.lang.Object, java.lang.Object, java.lang.Object)'> (0x000000062aadec28) thrown at [src/hotspot/share/interpreter/linkResolver.cpp, line 772]
Event: 0,978 Thread 0x00007f3de801f000 Exception <a 'java/lang/NoSuchMethodError'{0x000000062a83fcd8}: 'void java.lang.invoke.DirectMethodHandle$Holder.invokeSpecial(java.lang.Object, java.lang.Object, java.lang.Object, java.lang.Object, java.lang.Object)'> (0x000000062a83fcd8) thrown at [src/hotspot/share/interpreter/linkResolver.cpp, line 772]
Event: 0,981 Thread 0x00007f3de801f000 Exception <a 'java/lang/NoSuchMethodError'{0x000000062a856880}: 'java.lang.Object java.lang.invoke.DirectMethodHandle$Holder.invokeVirtual(java.lang.Object, java.lang.Object, java.lang.Object)'> (0x000000062a856880) thrown at [src/hotspot/share/interpreter/linkResolver.cpp, line 772]
Event: 0,990 Thread 0x00007f3de801f000 Exception <a 'java/lang/NoSuchMethodError'{0x000000062a9076c0}: 'int java.lang.invoke.DirectMethodHandle$Holder.invokeSpecialIFC(java.lang.Object, java.lang.Object, int)'> (0x000000062a9076c0) thrown at [src/hotspot/share/interpreter/linkResolver.cpp, line 772]
Event: 1,044 Thread 0x00007f3de8cf3800 Exception <a 'java/lang/NoSuchMethodError'{0x0000000629ee1668}: 'java.lang.Object java.lang.invoke.DirectMethodHandle$Holder.invokeStaticInit(java.lang.Object, java.lang.Object, java.lang.Object, java.lang.Object, java.lang.Object)'> (0x0000000629ee1668) thrown at [src/hotspot/share/interpreter/linkResolver.cpp, line 772]
Event: 1,066 Thread 0x00007f3de8cf3800 Exception <a 'java/lang/NoSuchMethodError'{0x0000000629d3b788}: 'java.lang.Object java.lang.invoke.DirectMethodHandle$Holder.invokeSpecial(java.lang.Object, java.lang.Object, int, int, java.lang.Object, java.lang.Object, java.lang.Object)'> (0x0000000629d3b788) thrown at [src/hotspot/share/interpreter/linkResolver.cpp, line 772]
Event: 1,067 Thread 0x00007f3de8cf3800 Exception <a 'java/lang/NoSuchMethodError'{0x0000000629d3ed18}: 'java.lang.Object java.lang.invoke.DelegatingMethodHandle$Holder.reinvoke_L(java.lang.Object, int, int, java.lang.Object, java.lang.Object, java.lang.Object)'> (0x0000000629d3ed18) thrown at [src/hotspot/share/interpreter/linkResolver.cpp, line 772]
Event: 1,069 Thread 0x00007f3de8cf3800 Exception <a 'java/lang/NoSuchMethodError'{0x0000000629d42bf8}: 'java.lang.Object java.lang.invoke.DirectMethodHandle$Holder.invokeStatic(java.lang.Object, java.lang.Object, java.lang.Object, java.lang.Object, int)'> (0x0000000629d42bf8) thrown at [src/hotspot/share/interpreter/linkResolver.cpp, line 772]

Events (20 events):
Event: 1,066 loading class org/springframework/beans/factory/annotation/InitDestroyAnnotationBeanPostProcessor
Event: 1,066 loading class org/springframework/beans/factory/annotation/InitDestroyAnnotationBeanPostProcessor done
Event: 1,067 Executing VM operation: RevokeBias
Event: 1,067 Executing VM operation: RevokeBias done
Event: 1,068 loading class java/lang/invoke/BoundMethodHandle$Species_LI
Event: 1,068 loading class java/lang/invoke/BoundMethodHandle$Species_LI done
Event: 1,069 loading class java/lang/invoke/BoundMethodHandle$Species_LII
Event: 1,069 loading class java/lang/invoke/BoundMethodHandle$Species_LII done
Event: 1,071 loading class java/lang/invoke/BoundMethodHandle$Species_LIIL
Event: 1,071 loading class java/lang/invoke/BoundMethodHandle$Species_LIIL done
Event: 1,073 loading class java/lang/invoke/BoundMethodHandle$Species_LIILL
Event: 1,073 loading class java/lang/invoke/BoundMethodHandle$Species_LIILL done
Event: 1,074 loading class java/lang/invoke/BoundMethodHandle$Species_LIILLL
Event: 1,074 loading class java/lang/invoke/BoundMethodHandle$Species_LIILLL done
Event: 1,076 loading class javax/xml/transform/FactoryFinder$1
Event: 1,076 loading class javax/xml/transform/FactoryFinder$1 done
Event: 1,078 loading class com/sun/org/apache/xalan/internal/xsltc/trax/TransformerFactoryImpl
Event: 1,078 loading class com/sun/org/apache/xalan/internal/xsltc/compiler/SourceLoader
Event: 1,078 loading class com/sun/org/apache/xalan/internal/xsltc/compiler/SourceLoader done
Event: 1,078 loading class javax/xml/transform/ErrorListener


Dynamic libraries:
60ca00000-62be00000 rw-p 00000000 00:00 0 
62be00000-7bfc00000 ---p 00000000 00:00 0 
7bfc00000-7bfc47000 rw-p 01111000 fd:02 5510949                          /usr/lib/jvm/java-11-openjdk-amd64/lib/server/classes.jsa
7bfc47000-7bfe00000 rw-p 00000000 00:00 0 
7bfe00000-7bfe6b000 rw-p 010a6000 fd:02 5510949                          /usr/lib/jvm/java-11-openjdk-amd64/lib/server/classes.jsa
7bfe6b000-7c0000000 rw-p 00000000 00:00 0 
7c0000000-800000000 ---p 00000000 00:00 0 
800000000-800002000 rwxp 00001000 fd:02 5510949                          /usr/lib/jvm/java-11-openjdk-amd64/lib/server/classes.jsa
800002000-8003b9000 rw-p 00003000 fd:02 5510949                          /usr/lib/jvm/java-11-openjdk-amd64/lib/server/classes.jsa
8003b9000-800a96000 r--p 003ba000 fd:02 5510949                          /usr/lib/jvm/java-11-openjdk-amd64/lib/server/classes.jsa
800a96000-800a97000 rw-p 00a97000 fd:02 5510949                          /usr/lib/jvm/java-11-openjdk-amd64/lib/server/classes.jsa
800a97000-8010a5000 r--p 00a98000 fd:02 5510949                          /usr/lib/jvm/java-11-openjdk-amd64/lib/server/classes.jsa
840000000-840180000 rw-p 00000000 00:00 0 
840180000-880000000 ---p 00000000 00:00 0 
55bc38119000-55bc3811a000 r--p 00000000 fd:02 5510560                    /usr/lib/jvm/java-11-openjdk-amd64/bin/java
55bc3811a000-55bc3811b000 r-xp 00001000 fd:02 5510560                    /usr/lib/jvm/java-11-openjdk-amd64/bin/java
55bc3811b000-55bc3811c000 r--p 00002000 fd:02 5510560                    /usr/lib/jvm/java-11-openjdk-amd64/bin/java
55bc3811c000-55bc3811d000 r--p 00002000 fd:02 5510560                    /usr/lib/jvm/java-11-openjdk-amd64/bin/java
55bc3811d000-55bc3811e000 rw-p 00003000 fd:02 5510560                    /usr/lib/jvm/java-11-openjdk-amd64/bin/java
55bc39d25000-55bc39d46000 rw-p 00000000 00:00 0                          [heap]
7f3d50000000-7f3d50021000 rw-p 00000000 00:00 0 
7f3d50021000-7f3d54000000 ---p 00000000 00:00 0 
7f3d54000000-7f3d540dc000 rw-p 00000000 00:00 0 
7f3d540dc000-7f3d58000000 ---p 00000000 00:00 0 
7f3d58000000-7f3d58021000 rw-p 00000000 00:00 0 
7f3d58021000-7f3d5c000000 ---p 00000000 00:00 0 
7f3d5c000000-7f3d5c021000 rw-p 00000000 00:00 0 
7f3d5c021000-7f3d60000000 ---p 00000000 00:00 0 
7f3d60000000-7f3d60021000 rw-p 00000000 00:00 0 
7f3d60021000-7f3d64000000 ---p 00000000 00:00 0 
7f3d64000000-7f3d64021000 rw-p 00000000 00:00 0 
7f3d64021000-7f3d68000000 ---p 00000000 00:00 0 
7f3d68000000-7f3d68021000 rw-p 00000000 00:00 0 
7f3d68021000-7f3d6c000000 ---p 00000000 00:00 0 
7f3d6c000000-7f3d6c021000 rw-p 00000000 00:00 0 
7f3d6c021000-7f3d70000000 ---p 00000000 00:00 0 
7f3d70000000-7f3d70021000 rw-p 00000000 00:00 0 
7f3d70021000-7f3d74000000 ---p 00000000 00:00 0 
7f3d74000000-7f3d74591000 rw-p 00000000 00:00 0 
7f3d74591000-7f3d78000000 ---p 00000000 00:00 0 
7f3d78000000-7f3d78618000 rw-p 00000000 00:00 0 
7f3d78618000-7f3d7c000000 ---p 00000000 00:00 0 
7f3d7c000000-7f3d7c021000 rw-p 00000000 00:00 0 
7f3d7c021000-7f3d80000000 ---p 00000000 00:00 0 
7f3d80000000-7f3d80021000 rw-p 00000000 00:00 0 
7f3d80021000-7f3d84000000 ---p 00000000 00:00 0 
7f3d84000000-7f3d84021000 rw-p 00000000 00:00 0 
7f3d84021000-7f3d88000000 ---p 00000000 00:00 0 
7f3d88000000-7f3d88520000 rw-p 00000000 00:00 0 
7f3d88520000-7f3d8c000000 ---p 00000000 00:00 0 
7f3d8c000000-7f3d8c232000 rw-p 00000000 00:00 0 
7f3d8c232000-7f3d90000000 ---p 00000000 00:00 0 
7f3d90000000-7f3d90021000 rw-p 00000000 00:00 0 
7f3d90021000-7f3d94000000 ---p 00000000 00:00 0 
7f3d94000000-7f3d94021000 rw-p 00000000 00:00 0 
7f3d94021000-7f3d98000000 ---p 00000000 00:00 0 
7f3d98000000-7f3d98021000 rw-p 00000000 00:00 0 
7f3d98021000-7f3d9c000000 ---p 00000000 00:00 0 
7f3d9c000000-7f3d9c021000 rw-p 00000000 00:00 0 
7f3d9c021000-7f3da0000000 ---p 00000000 00:00 0 
7f3da0000000-7f3da002d000 rw-p 00000000 00:00 0 
7f3da002d000-7f3da4000000 ---p 00000000 00:00 0 
7f3da4000000-7f3da4021000 rw-p 00000000 00:00 0 
7f3da4021000-7f3da8000000 ---p 00000000 00:00 0 
7f3da9cfa000-7f3da9cfe000 ---p 00000000 00:00 0 
7f3da9cfe000-7f3da9f7b000 rw-p 00000000 00:00 0 
7f3da9f7b000-7f3da9ffb000 ---p 00000000 00:00 0 
7f3da9ffb000-7f3da9ffc000 ---p 00000000 00:00 0 
7f3da9ffc000-7f3daa0fd000 rw-p 00000000 00:00 0 
7f3daa0fd000-7f3daa0fe000 ---p 00000000 00:00 0 
7f3daa0fe000-7f3daa1ff000 rw-p 00000000 00:00 0 
7f3daa1ff000-7f3daa200000 ---p 00000000 00:00 0 
7f3daa200000-7f3daa301000 rw-p 00000000 00:00 0 
7f3daa301000-7f3daa302000 ---p 00000000 00:00 0 
7f3daa302000-7f3daa403000 rw-p 00000000 00:00 0 
7f3daa403000-7f3daa404000 ---p 00000000 00:00 0 
7f3daa404000-7f3daa505000 rw-p 00000000 00:00 0 
7f3daa505000-7f3daa506000 ---p 00000000 00:00 0 
7f3daa506000-7f3daa607000 rw-p 00000000 00:00 0 
7f3daa607000-7f3daa608000 ---p 00000000 00:00 0 
7f3daa608000-7f3daa709000 rw-p 00000000 00:00 0 
7f3daa709000-7f3daa70d000 ---p 00000000 00:00 0 
7f3daa70d000-7f3daa80a000 rw-p 00000000 00:00 0 
7f3daa80a000-7f3daa80b000 ---p 00000000 00:00 0 
7f3daa80b000-7f3daa90c000 rw-p 00000000 00:00 0 
7f3daa90c000-7f3daa910000 ---p 00000000 00:00 0 
7f3daa910000-7f3daaa0d000 rw-p 00000000 00:00 0 
7f3daaa0d000-7f3daaa11000 ---p 00000000 00:00 0 
7f3daaa11000-7f3daab0e000 rw-p 00000000 00:00 0 
7f3daab0e000-7f3daab12000 ---p 00000000 00:00 0 
7f3daab12000-7f3daac0f000 rw-p 00000000 00:00 0 
7f3daac0f000-7f3daac13000 ---p 00000000 00:00 0 
7f3daac13000-7f3daad10000 rw-p 00000000 00:00 0 
7f3daad10000-7f3daad14000 ---p 00000000 00:00 0 
7f3daad14000-7f3daae11000 rw-p 00000000 00:00 0 
7f3daae11000-7f3daae15000 ---p 00000000 00:00 0 
7f3daae15000-7f3daaf12000 rw-p 00000000 00:00 0 
7f3daaf12000-7f3daaf16000 ---p 00000000 00:00 0 
7f3daaf16000-7f3dab013000 rw-p 00000000 00:00 0 
7f3dab013000-7f3dab800000 r--p 00000000 fd:02 60555730                   /usr/lib/locale/locale-archive
7f3dab800000-7f3dac000000 rw-p 00000000 00:00 0 
7f3dac000000-7f3dac021000 rw-p 00000000 00:00 0 
7f3dac021000-7f3db0000000 ---p 00000000 00:00 0 
7f3db0000000-7f3db0021000 rw-p 00000000 00:00 0 
7f3db0021000-7f3db4000000 ---p 00000000 00:00 0 
7f3db4000000-7f3db4021000 rw-p 00000000 00:00 0 
7f3db4021000-7f3db8000000 ---p 00000000 00:00 0 
7f3db8040000-7f3db8043000 r--p 00000000 fd:02 60557457                   /usr/lib/x86_64-linux-gnu/libnss_files-2.31.so
7f3db8043000-7f3db804a000 r-xp 00003000 fd:02 60557457                   /usr/lib/x86_64-linux-gnu/libnss_files-2.31.so
7f3db804a000-7f3db804c000 r--p 0000a000 fd:02 60557457                   /usr/lib/x86_64-linux-gnu/libnss_files-2.31.so
7f3db804c000-7f3db804d000 r--p 0000b000 fd:02 60557457                   /usr/lib/x86_64-linux-gnu/libnss_files-2.31.so
7f3db804d000-7f3db804e000 rw-p 0000c000 fd:02 60557457                   /usr/lib/x86_64-linux-gnu/libnss_files-2.31.so
7f3db804e000-7f3db8054000 rw-p 00000000 00:00 0 
7f3db806a000-7f3db8090000 r--p 00000000 fd:02 2106661                    /usr/share/locale-langpack/fr/LC_MESSAGES/libc.mo
7f3db8090000-7f3db8094000 ---p 00000000 00:00 0 
7f3db8094000-7f3db8191000 rw-p 00000000 00:00 0 
7f3db8191000-7f3db8195000 ---p 00000000 00:00 0 
7f3db8195000-7f3db8292000 rw-p 00000000 00:00 0 
7f3db8292000-7f3db8296000 ---p 00000000 00:00 0 
7f3db8296000-7f3db8393000 rw-p 00000000 00:00 0 
7f3db8393000-7f3db8394000 ---p 00000000 00:00 0 
7f3db8394000-7f3db8516000 rw-p 00000000 00:00 0 
7f3db8516000-7f3db8517000 ---p 00000000 00:00 0 
7f3db8517000-7f3db8618000 rw-p 00000000 00:00 0 
7f3db8618000-7f3db8619000 ---p 00000000 00:00 0 
7f3db8619000-7f3dbaeea000 rw-p 00000000 00:00 0 
7f3dbaeea000-7f3dc13e2000 ---p 00000000 00:00 0 
7f3dc13e2000-7f3dc13f2000 rw-p 00000000 00:00 0 
7f3dc13f2000-7f3dc23f2000 ---p 00000000 00:00 0 
7f3dc23f2000-7f3dc2bc2000 rw-p 00000000 00:00 0 
7f3dc2bc2000-7f3dc90ba000 ---p 00000000 00:00 0 
7f3dc90ba000-7f3dc90ca000 rw-p 00000000 00:00 0 
7f3dc90ca000-7f3dca0ca000 ---p 00000000 00:00 0 
7f3dca0ca000-7f3dca1c4000 rw-p 00000000 00:00 0 
7f3dca1c4000-7f3dcae63000 ---p 00000000 00:00 0 
7f3dcae63000-7f3dcae65000 rw-p 00000000 00:00 0 
7f3dcae65000-7f3dcb065000 ---p 00000000 00:00 0 
7f3dcb065000-7f3dcb15f000 rw-p 00000000 00:00 0 
7f3dcb15f000-7f3dcbdfe000 ---p 00000000 00:00 0 
7f3dcbdfe000-7f3dcbe00000 rw-p 00000000 00:00 0 
7f3dcbe00000-7f3dcc000000 ---p 00000000 00:00 0 
7f3dcc000000-7f3dcc021000 rw-p 00000000 00:00 0 
7f3dcc021000-7f3dd0000000 ---p 00000000 00:00 0 
7f3dd000c000-7f3dd000e000 r--p 00000000 fd:02 5510707                    /usr/lib/jvm/java-11-openjdk-amd64/lib/libmanagement_ext.so
7f3dd000e000-7f3dd0011000 r-xp 00002000 fd:02 5510707                    /usr/lib/jvm/java-11-openjdk-amd64/lib/libmanagement_ext.so
7f3dd0011000-7f3dd0012000 r--p 00005000 fd:02 5510707                    /usr/lib/jvm/java-11-openjdk-amd64/lib/libmanagement_ext.so
7f3dd0012000-7f3dd0013000 ---p 00006000 fd:02 5510707                    /usr/lib/jvm/java-11-openjdk-amd64/lib/libmanagement_ext.so
7f3dd0013000-7f3dd0014000 r--p 00006000 fd:02 5510707                    /usr/lib/jvm/java-11-openjdk-amd64/lib/libmanagement_ext.so
7f3dd0014000-7f3dd0015000 rw-p 00007000 fd:02 5510707                    /usr/lib/jvm/java-11-openjdk-amd64/lib/libmanagement_ext.so
7f3dd0015000-7f3dd0878000 rw-p 00000000 00:00 0 
7f3dd0878000-7f3dd0ae8000 rwxp 00000000 00:00 0 
7f3dd0ae8000-7f3dd0e09000 ---p 00000000 00:00 0 
7f3dd0e09000-7f3dd1109000 rwxp 00000000 00:00 0 
7f3dd1109000-7f3dd8340000 ---p 00000000 00:00 0 
7f3dd8340000-7f3dd85b0000 rwxp 00000000 00:00 0 
7f3dd85b0000-7f3ddf878000 ---p 00000000 00:00 0 
7f3ddf878000-7f3de8000000 r--s 00000000 fd:02 5510719                    /usr/lib/jvm/java-11-openjdk-amd64/lib/modules
7f3de8000000-7f3de8e6b000 rw-p 00000000 00:00 0 
7f3de8e6b000-7f3dec000000 ---p 00000000 00:00 0 
7f3dec007000-7f3dec00a000 r--p 00000000 fd:02 5510705                    /usr/lib/jvm/java-11-openjdk-amd64/lib/libmanagement.so
7f3dec00a000-7f3dec00b000 r-xp 00003000 fd:02 5510705                    /usr/lib/jvm/java-11-openjdk-amd64/lib/libmanagement.so
7f3dec00b000-7f3dec00c000 r--p 00004000 fd:02 5510705                    /usr/lib/jvm/java-11-openjdk-amd64/lib/libmanagement.so
7f3dec00c000-7f3dec00d000 r--p 00004000 fd:02 5510705                    /usr/lib/jvm/java-11-openjdk-amd64/lib/libmanagement.so
7f3dec00d000-7f3dec00e000 rw-p 00005000 fd:02 5510705                    /usr/lib/jvm/java-11-openjdk-amd64/lib/libmanagement.so
7f3dec00e000-7f3dec015000 r--s 00000000 fd:02 267415                     /usr/lib/x86_64-linux-gnu/gconv/gconv-modules.cache
7f3dec015000-7f3dec016000 r--p 00000000 fd:02 5510691                    /usr/lib/jvm/java-11-openjdk-amd64/lib/libextnet.so
7f3dec016000-7f3dec017000 r-xp 00001000 fd:02 5510691                    /usr/lib/jvm/java-11-openjdk-amd64/lib/libextnet.so
7f3dec017000-7f3dec018000 r--p 00002000 fd:02 5510691                    /usr/lib/jvm/java-11-openjdk-amd64/lib/libextnet.so
7f3dec018000-7f3dec019000 r--p 00002000 fd:02 5510691                    /usr/lib/jvm/java-11-openjdk-amd64/lib/libextnet.so
7f3dec019000-7f3dec01a000 rw-p 00003000 fd:02 5510691                    /usr/lib/jvm/java-11-openjdk-amd64/lib/libextnet.so
7f3dec01a000-7f3dec01e000 r--p 00000000 fd:02 5510709                    /usr/lib/jvm/java-11-openjdk-amd64/lib/libnet.so
7f3dec01e000-7f3dec02d000 r-xp 00004000 fd:02 5510709                    /usr/lib/jvm/java-11-openjdk-amd64/lib/libnet.so
7f3dec02d000-7f3dec031000 r--p 00013000 fd:02 5510709                    /usr/lib/jvm/java-11-openjdk-amd64/lib/libnet.so
7f3dec031000-7f3dec032000 r--p 00016000 fd:02 5510709                    /usr/lib/jvm/java-11-openjdk-amd64/lib/libnet.so
7f3dec032000-7f3dec033000 rw-p 00017000 fd:02 5510709                    /usr/lib/jvm/java-11-openjdk-amd64/lib/libnet.so
7f3dec033000-7f3dec03a000 r--p 00000000 fd:02 5510710                    /usr/lib/jvm/java-11-openjdk-amd64/lib/libnio.so
7f3dec03a000-7f3dec042000 r-xp 00007000 fd:02 5510710                    /usr/lib/jvm/java-11-openjdk-amd64/lib/libnio.so
7f3dec042000-7f3dec045000 r--p 0000f000 fd:02 5510710                    /usr/lib/jvm/java-11-openjdk-amd64/lib/libnio.so
7f3dec045000-7f3dec046000 r--p 00011000 fd:02 5510710                    /usr/lib/jvm/java-11-openjdk-amd64/lib/libnio.so
7f3dec046000-7f3dec047000 rw-p 00012000 fd:02 5510710                    /usr/lib/jvm/java-11-openjdk-amd64/lib/libnio.so
7f3dec047000-7f3dec048000 ---p 00000000 00:00 0 
7f3dec048000-7f3dec149000 rw-p 00000000 00:00 0 
7f3dec149000-7f3dec14a000 ---p 00000000 00:00 0 
7f3dec14a000-7f3dec447000 rw-p 00000000 00:00 0 
7f3dec447000-7f3ded0e6000 ---p 00000000 00:00 0 
7f3ded0e6000-7f3ded0e8000 rw-p 00000000 00:00 0 
7f3ded0e8000-7f3ded2e8000 ---p 00000000 00:00 0 
7f3ded2e8000-7f3dedb2f000 rw-p 00000000 00:00 0 
7f3dedb2f000-7f3dedb30000 ---p 00000000 00:00 0 
7f3dedb30000-7f3dedc36000 rw-p 00000000 00:00 0 
7f3dedc36000-7f3dedd1c000 ---p 00000000 00:00 0 
7f3dedd1c000-7f3dedd22000 rw-p 00000000 00:00 0 
7f3dedd22000-7f3dede07000 ---p 00000000 00:00 0 
7f3dede07000-7f3dede0c000 rw-p 00000000 00:00 0 
7f3dede0c000-7f3dede13000 ---p 00000000 00:00 0 
7f3dede13000-7f3dede17000 r--p 00000000 fd:02 60557467                   /usr/lib/x86_64-linux-gnu/libresolv-2.31.so
7f3dede17000-7f3dede27000 r-xp 00004000 fd:02 60557467                   /usr/lib/x86_64-linux-gnu/libresolv-2.31.so
7f3dede27000-7f3dede2a000 r--p 00014000 fd:02 60557467                   /usr/lib/x86_64-linux-gnu/libresolv-2.31.so
7f3dede2a000-7f3dede2b000 ---p 00017000 fd:02 60557467                   /usr/lib/x86_64-linux-gnu/libresolv-2.31.so
7f3dede2b000-7f3dede2c000 r--p 00017000 fd:02 60557467                   /usr/lib/x86_64-linux-gnu/libresolv-2.31.so
7f3dede2c000-7f3dede2d000 rw-p 00018000 fd:02 60557467                   /usr/lib/x86_64-linux-gnu/libresolv-2.31.so
7f3dede2d000-7f3dede2f000 rw-p 00000000 00:00 0 
7f3dede2f000-7f3dede67000 r-xp 00000000 fd:02 60567506                   /usr/lib/x86_64-linux-gnu/libnss_centrifydc.so.2
7f3dede67000-7f3dee066000 ---p 00038000 fd:02 60567506                   /usr/lib/x86_64-linux-gnu/libnss_centrifydc.so.2
7f3dee066000-7f3dee068000 r--p 00037000 fd:02 60567506                   /usr/lib/x86_64-linux-gnu/libnss_centrifydc.so.2
7f3dee068000-7f3dee069000 rw-p 00039000 fd:02 60567506                   /usr/lib/x86_64-linux-gnu/libnss_centrifydc.so.2
7f3dee06d000-7f3dee06f000 r--p 00000000 fd:02 5510718                    /usr/lib/jvm/java-11-openjdk-amd64/lib/libzip.so
7f3dee06f000-7f3dee073000 r-xp 00002000 fd:02 5510718                    /usr/lib/jvm/java-11-openjdk-amd64/lib/libzip.so
7f3dee073000-7f3dee075000 r--p 00006000 fd:02 5510718                    /usr/lib/jvm/java-11-openjdk-amd64/lib/libzip.so
7f3dee075000-7f3dee076000 r--p 00007000 fd:02 5510718                    /usr/lib/jvm/java-11-openjdk-amd64/lib/libzip.so
7f3dee076000-7f3dee077000 rw-p 00008000 fd:02 5510718                    /usr/lib/jvm/java-11-openjdk-amd64/lib/libzip.so
7f3dee077000-7f3dee07f000 rw-s 00000000 fd:02 30933292                   /tmp/hsperfdata_donderozl/225612
7f3dee07f000-7f3dee081000 r--p 00000000 fd:02 5510693                    /usr/lib/jvm/java-11-openjdk-amd64/lib/libinstrument.so
7f3dee081000-7f3dee087000 r-xp 00002000 fd:02 5510693                    /usr/lib/jvm/java-11-openjdk-amd64/lib/libinstrument.so
7f3dee087000-7f3dee08a000 r--p 00008000 fd:02 5510693                    /usr/lib/jvm/java-11-openjdk-amd64/lib/libinstrument.so
7f3dee08a000-7f3dee08b000 r--p 0000a000 fd:02 5510693                    /usr/lib/jvm/java-11-openjdk-amd64/lib/libinstrument.so
7f3dee08b000-7f3dee08c000 rw-p 0000b000 fd:02 5510693                    /usr/lib/jvm/java-11-openjdk-amd64/lib/libinstrument.so
7f3dee08c000-7f3dee08e000 r--p 00000000 fd:02 5510701                    /usr/lib/jvm/java-11-openjdk-amd64/lib/libjimage.so
7f3dee08e000-7f3dee091000 r-xp 00002000 fd:02 5510701                    /usr/lib/jvm/java-11-openjdk-amd64/lib/libjimage.so
7f3dee091000-7f3dee092000 r--p 00005000 fd:02 5510701                    /usr/lib/jvm/java-11-openjdk-amd64/lib/libjimage.so
7f3dee092000-7f3dee093000 ---p 00006000 fd:02 5510701                    /usr/lib/jvm/java-11-openjdk-amd64/lib/libjimage.so
7f3dee093000-7f3dee094000 r--p 00006000 fd:02 5510701                    /usr/lib/jvm/java-11-openjdk-amd64/lib/libjimage.so
7f3dee094000-7f3dee095000 rw-p 00007000 fd:02 5510701                    /usr/lib/jvm/java-11-openjdk-amd64/lib/libjimage.so
7f3dee095000-7f3dee0a3000 r--p 00000000 fd:02 5510698                    /usr/lib/jvm/java-11-openjdk-amd64/lib/libjava.so
7f3dee0a3000-7f3dee0b9000 r-xp 0000e000 fd:02 5510698                    /usr/lib/jvm/java-11-openjdk-amd64/lib/libjava.so
7f3dee0b9000-7f3dee0c0000 r--p 00024000 fd:02 5510698                    /usr/lib/jvm/java-11-openjdk-amd64/lib/libjava.so
7f3dee0c0000-7f3dee0c1000 r--p 0002a000 fd:02 5510698                    /usr/lib/jvm/java-11-openjdk-amd64/lib/libjava.so
7f3dee0c1000-7f3dee0c2000 rw-p 0002b000 fd:02 5510698                    /usr/lib/jvm/java-11-openjdk-amd64/lib/libjava.so
7f3dee0c2000-7f3dee0c3000 rw-p 00000000 00:00 0 
7f3dee0c3000-7f3dee0c6000 r--p 00000000 fd:02 60557468                   /usr/lib/x86_64-linux-gnu/librt-2.31.so
7f3dee0c6000-7f3dee0ca000 r-xp 00003000 fd:02 60557468                   /usr/lib/x86_64-linux-gnu/librt-2.31.so
7f3dee0ca000-7f3dee0cb000 r--p 00007000 fd:02 60557468                   /usr/lib/x86_64-linux-gnu/librt-2.31.so
7f3dee0cb000-7f3dee0cc000 ---p 00008000 fd:02 60557468                   /usr/lib/x86_64-linux-gnu/librt-2.31.so
7f3dee0cc000-7f3dee0cd000 r--p 00008000 fd:02 60557468                   /usr/lib/x86_64-linux-gnu/librt-2.31.so
7f3dee0cd000-7f3dee0ce000 rw-p 00009000 fd:02 60557468                   /usr/lib/x86_64-linux-gnu/librt-2.31.so
7f3dee0ce000-7f3dee0d2000 ---p 00000000 00:00 0 
7f3dee0d2000-7f3dee1cf000 rw-p 00000000 00:00 0 
7f3dee1cf000-7f3dee1d2000 r--p 00000000 fd:02 60558366                   /usr/lib/x86_64-linux-gnu/libgcc_s.so.1
7f3dee1d2000-7f3dee1e4000 r-xp 00003000 fd:02 60558366                   /usr/lib/x86_64-linux-gnu/libgcc_s.so.1
7f3dee1e4000-7f3dee1e8000 r--p 00015000 fd:02 60558366                   /usr/lib/x86_64-linux-gnu/libgcc_s.so.1
7f3dee1e8000-7f3dee1e9000 r--p 00018000 fd:02 60558366                   /usr/lib/x86_64-linux-gnu/libgcc_s.so.1
7f3dee1e9000-7f3dee1ea000 rw-p 00019000 fd:02 60558366                   /usr/lib/x86_64-linux-gnu/libgcc_s.so.1
7f3dee1ea000-7f3dee1f9000 r--p 00000000 fd:02 60557451                   /usr/lib/x86_64-linux-gnu/libm-2.31.so
7f3dee1f9000-7f3dee2a0000 r-xp 0000f000 fd:02 60557451                   /usr/lib/x86_64-linux-gnu/libm-2.31.so
7f3dee2a0000-7f3dee337000 r--p 000b6000 fd:02 60557451                   /usr/lib/x86_64-linux-gnu/libm-2.31.so
7f3dee337000-7f3dee338000 r--p 0014c000 fd:02 60557451                   /usr/lib/x86_64-linux-gnu/libm-2.31.so
7f3dee338000-7f3dee339000 rw-p 0014d000 fd:02 60557451                   /usr/lib/x86_64-linux-gnu/libm-2.31.so
7f3dee339000-7f3dee3cf000 r--p 00000000 fd:02 60557441                   /usr/lib/x86_64-linux-gnu/libstdc++.so.6.0.28
7f3dee3cf000-7f3dee4c0000 r-xp 00096000 fd:02 60557441                   /usr/lib/x86_64-linux-gnu/libstdc++.so.6.0.28
7f3dee4c0000-7f3dee509000 r--p 00187000 fd:02 60557441                   /usr/lib/x86_64-linux-gnu/libstdc++.so.6.0.28
7f3dee509000-7f3dee50a000 ---p 001d0000 fd:02 60557441                   /usr/lib/x86_64-linux-gnu/libstdc++.so.6.0.28
7f3dee50a000-7f3dee515000 r--p 001d0000 fd:02 60557441                   /usr/lib/x86_64-linux-gnu/libstdc++.so.6.0.28
7f3dee515000-7f3dee518000 rw-p 001db000 fd:02 60557441                   /usr/lib/x86_64-linux-gnu/libstdc++.so.6.0.28
7f3dee518000-7f3dee51b000 rw-p 00000000 00:00 0 
7f3dee51b000-7f3dee795000 r--p 00000000 fd:02 5510724                    /usr/lib/jvm/java-11-openjdk-amd64/lib/server/libjvm.so
7f3dee795000-7f3def41a000 r-xp 0027a000 fd:02 5510724                    /usr/lib/jvm/java-11-openjdk-amd64/lib/server/libjvm.so
7f3def41a000-7f3def671000 r--p 00eff000 fd:02 5510724                    /usr/lib/jvm/java-11-openjdk-amd64/lib/server/libjvm.so
7f3def671000-7f3def732000 r--p 01155000 fd:02 5510724                    /usr/lib/jvm/java-11-openjdk-amd64/lib/server/libjvm.so
7f3def732000-7f3def76d000 rw-p 01216000 fd:02 5510724                    /usr/lib/jvm/java-11-openjdk-amd64/lib/server/libjvm.so
7f3def76d000-7f3def7c6000 rw-p 00000000 00:00 0 
7f3def7c6000-7f3def7cd000 r--p 00000000 fd:02 60557466                   /usr/lib/x86_64-linux-gnu/libpthread-2.31.so
7f3def7cd000-7f3def7de000 r-xp 00007000 fd:02 60557466                   /usr/lib/x86_64-linux-gnu/libpthread-2.31.so
7f3def7de000-7f3def7e3000 r--p 00018000 fd:02 60557466                   /usr/lib/x86_64-linux-gnu/libpthread-2.31.so
7f3def7e3000-7f3def7e4000 r--p 0001c000 fd:02 60557466                   /usr/lib/x86_64-linux-gnu/libpthread-2.31.so
7f3def7e4000-7f3def7e5000 rw-p 0001d000 fd:02 60557466                   /usr/lib/x86_64-linux-gnu/libpthread-2.31.so
7f3def7e5000-7f3def7e9000 rw-p 00000000 00:00 0 
7f3def7e9000-7f3def7ea000 r--p 00000000 fd:02 60557450                   /usr/lib/x86_64-linux-gnu/libdl-2.31.so
7f3def7ea000-7f3def7ec000 r-xp 00001000 fd:02 60557450                   /usr/lib/x86_64-linux-gnu/libdl-2.31.so
7f3def7ec000-7f3def7ed000 r--p 00003000 fd:02 60557450                   /usr/lib/x86_64-linux-gnu/libdl-2.31.so
7f3def7ed000-7f3def7ee000 r--p 00003000 fd:02 60557450                   /usr/lib/x86_64-linux-gnu/libdl-2.31.so
7f3def7ee000-7f3def7ef000 rw-p 00004000 fd:02 60557450                   /usr/lib/x86_64-linux-gnu/libdl-2.31.so
7f3def7ef000-7f3def7f1000 r--p 00000000 fd:02 60555458                   /usr/lib/x86_64-linux-gnu/libz.so.1.2.11
7f3def7f1000-7f3def802000 r-xp 00002000 fd:02 60555458                   /usr/lib/x86_64-linux-gnu/libz.so.1.2.11
7f3def802000-7f3def808000 r--p 00013000 fd:02 60555458                   /usr/lib/x86_64-linux-gnu/libz.so.1.2.11
7f3def808000-7f3def809000 ---p 00019000 fd:02 60555458                   /usr/lib/x86_64-linux-gnu/libz.so.1.2.11
7f3def809000-7f3def80a000 r--p 00019000 fd:02 60555458                   /usr/lib/x86_64-linux-gnu/libz.so.1.2.11
7f3def80a000-7f3def80b000 rw-p 0001a000 fd:02 60555458                   /usr/lib/x86_64-linux-gnu/libz.so.1.2.11
7f3def80b000-7f3def830000 r--p 00000000 fd:02 60557449                   /usr/lib/x86_64-linux-gnu/libc-2.31.so
7f3def830000-7f3def9a8000 r-xp 00025000 fd:02 60557449                   /usr/lib/x86_64-linux-gnu/libc-2.31.so
7f3def9a8000-7f3def9f2000 r--p 0019d000 fd:02 60557449                   /usr/lib/x86_64-linux-gnu/libc-2.31.so
7f3def9f2000-7f3def9f3000 ---p 001e7000 fd:02 60557449                   /usr/lib/x86_64-linux-gnu/libc-2.31.so
7f3def9f3000-7f3def9f6000 r--p 001e7000 fd:02 60557449                   /usr/lib/x86_64-linux-gnu/libc-2.31.so
7f3def9f6000-7f3def9f9000 rw-p 001ea000 fd:02 60557449                   /usr/lib/x86_64-linux-gnu/libc-2.31.so
7f3def9f9000-7f3def9fd000 rw-p 00000000 00:00 0 
7f3def9fd000-7f3def9ff000 r--s 0000c000 fd:02 396413                     /usr/share/java/java-atk-wrapper.jar
7f3def9ff000-7f3defa00000 ---p 00000000 00:00 0 
7f3defa00000-7f3defa01000 r--p 00000000 00:00 0 
7f3defa01000-7f3defa06000 r--p 00000000 fd:02 5510717                    /usr/lib/jvm/java-11-openjdk-amd64/lib/libverify.so
7f3defa06000-7f3defa0d000 r-xp 00005000 fd:02 5510717                    /usr/lib/jvm/java-11-openjdk-amd64/lib/libverify.so
7f3defa0d000-7f3defa0f000 r--p 0000c000 fd:02 5510717                    /usr/lib/jvm/java-11-openjdk-amd64/lib/libverify.so
7f3defa0f000-7f3defa10000 ---p 0000e000 fd:02 5510717                    /usr/lib/jvm/java-11-openjdk-amd64/lib/libverify.so
7f3defa10000-7f3defa12000 r--p 0000e000 fd:02 5510717                    /usr/lib/jvm/java-11-openjdk-amd64/lib/libverify.so
7f3defa12000-7f3defa13000 rw-p 00010000 fd:02 5510717                    /usr/lib/jvm/java-11-openjdk-amd64/lib/libverify.so
7f3defa13000-7f3defa16000 r--p 00000000 fd:02 5510683                    /usr/lib/jvm/java-11-openjdk-amd64/lib/jli/libjli.so
7f3defa16000-7f3defa20000 r-xp 00003000 fd:02 5510683                    /usr/lib/jvm/java-11-openjdk-amd64/lib/jli/libjli.so
7f3defa20000-7f3defa23000 r--p 0000d000 fd:02 5510683                    /usr/lib/jvm/java-11-openjdk-amd64/lib/jli/libjli.so
7f3defa23000-7f3defa24000 ---p 00010000 fd:02 5510683                    /usr/lib/jvm/java-11-openjdk-amd64/lib/jli/libjli.so
7f3defa24000-7f3defa25000 r--p 00010000 fd:02 5510683                    /usr/lib/jvm/java-11-openjdk-amd64/lib/jli/libjli.so
7f3defa25000-7f3defa26000 rw-p 00011000 fd:02 5510683                    /usr/lib/jvm/java-11-openjdk-amd64/lib/jli/libjli.so
7f3defa26000-7f3defa28000 rw-p 00000000 00:00 0 
7f3defa28000-7f3defa29000 r--p 00000000 fd:02 60557445                   /usr/lib/x86_64-linux-gnu/ld-2.31.so
7f3defa29000-7f3defa4c000 r-xp 00001000 fd:02 60557445                   /usr/lib/x86_64-linux-gnu/ld-2.31.so
7f3defa4c000-7f3defa54000 r--p 00024000 fd:02 60557445                   /usr/lib/x86_64-linux-gnu/ld-2.31.so
7f3defa55000-7f3defa56000 r--p 0002c000 fd:02 60557445                   /usr/lib/x86_64-linux-gnu/ld-2.31.so
7f3defa56000-7f3defa57000 rw-p 0002d000 fd:02 60557445                   /usr/lib/x86_64-linux-gnu/ld-2.31.so
7f3defa57000-7f3defa58000 rw-p 00000000 00:00 0 
7ffc6a440000-7ffc6a465000 rw-p 00000000 00:00 0                          [stack]
7ffc6a4f6000-7ffc6a4fa000 r--p 00000000 00:00 0                          [vvar]
7ffc6a4fa000-7ffc6a4fc000 r-xp 00000000 00:00 0                          [vdso]
ffffffffff600000-ffffffffff601000 --xp 00000000 00:00 0                  [vsyscall]


VM Arguments:
jvm_args: -javaagent:/snap/intellij-idea-community/405/lib/idea_rt.jar=37285:/snap/intellij-idea-community/405/bin -Dfile.encoding=UTF-8 
java_command: com.openclassrooms.PayMyBuddyApplication
java_class_path (initial): /home/donderozl/workspace/pay-my-buddy/target/classes:/home/donderozl/.m2/repository/org/springframework/boot/spring-boot-starter-web/2.7.3/spring-boot-starter-web-2.7.3.jar:/home/donderozl/.m2/repository/org/springframework/boot/spring-boot-starter/2.7.3/spring-boot-starter-2.7.3.jar:/home/donderozl/.m2/repository/org/springframework/boot/spring-boot/2.7.3/spring-boot-2.7.3.jar:/home/donderozl/.m2/repository/org/springframework/boot/spring-boot-autoconfigure/2.7.3/spring-boot-autoconfigure-2.7.3.jar:/home/donderozl/.m2/repository/org/springframework/boot/spring-boot-starter-logging/2.7.3/spring-boot-starter-logging-2.7.3.jar:/home/donderozl/.m2/repository/ch/qos/logback/logback-classic/1.2.11/logback-classic-1.2.11.jar:/home/donderozl/.m2/repository/ch/qos/logback/logback-core/1.2.11/logback-core-1.2.11.jar:/home/donderozl/.m2/repository/org/apache/logging/log4j/log4j-to-slf4j/2.17.2/log4j-to-slf4j-2.17.2.jar:/home/donderozl/.m2/repository/org/apache/logging/log4j/log4j-api/2.17.2/log4j-api-2.17.2.jar:/home/donderozl/.m2/repository/org/slf4j/jul-to-slf4j/1.7.36/jul-to-slf4j-1.7.36.jar:/home/donderozl/.m2/repository/jakarta/annotation/jakarta.annotation-api/1.3.5/jakarta.annotation-api-1.3.5.jar:/home/donderozl/.m2/repository/org/yaml/snakeyaml/1.30/snakeyaml-1.30.jar:/home/donderozl/.m2/repository/org/springframework/boot/spring-boot-starter-json/2.7.3/spring-boot-starter-json-2.7.3.jar:/home/donderozl/.m2/repository/com/fasterxml/jackson/core/jackson-databind/2.13.3/jackson-databind-2.13.3.jar:/home/donderozl/.m2/repository/com/fasterxml/jackson/core/jackson-annotations/2.13.3/jackson-annotations-2.13.3.jar:/home/donderozl/.m2/repository/com/fasterxml/jackson/core/jackson-core/2.13.3/jackson-core-2.13.3.jar:/home/donderozl/.m2/repository/com/fasterxml/jackson/datatype/jackson-datatype-jdk8/2.13.3/jackson-datatype-jdk8-2.13.3.jar:/home/donderozl/.m2/repository/com/fasterxml/jackson/datatype/jackson-datatype-jsr310/2.13.3/jackson-datatyp
Launcher Type: SUN_STANDARD

[Global flags]
     intx CICompilerCount                          = 4                                         {product} {ergonomic}
     uint ConcGCThreads                            = 2                                         {product} {ergonomic}
     uint G1ConcRefinementThreads                  = 8                                         {product} {ergonomic}
   size_t G1HeapRegionSize                         = 2097152                                   {product} {ergonomic}
    uintx GCDrainStackTargetSize                   = 64                                        {product} {ergonomic}
   size_t InitialHeapSize                          = 524288000                                 {product} {ergonomic}
   size_t MarkStackSize                            = 4194304                                   {product} {ergonomic}
   size_t MaxHeapSize                              = 8378122240                                {product} {ergonomic}
   size_t MaxNewSize                               = 5026873344                                {product} {ergonomic}
   size_t MinHeapDeltaBytes                        = 2097152                                   {product} {ergonomic}
    uintx NonNMethodCodeHeapSize                   = 5836300                                {pd product} {ergonomic}
    uintx NonProfiledCodeHeapSize                  = 122910970                              {pd product} {ergonomic}
    uintx ProfiledCodeHeapSize                     = 122910970                              {pd product} {ergonomic}
    uintx ReservedCodeCacheSize                    = 251658240                              {pd product} {ergonomic}
     bool SegmentedCodeCache                       = true                                      {product} {ergonomic}
     bool UseCompressedClassPointers               = true                                 {lp64_product} {ergonomic}
     bool UseCompressedOops                        = true                                 {lp64_product} {ergonomic}
     bool UseG1GC                                  = true                                      {product} {ergonomic}

Logging:
Log output configuration:
 #0: stdout all=warning uptime,level,tags
 #1: stderr all=off uptime,level,tags

Environment Variables:
PATH=/usr/local/sbin:/usr/local/bin:/usr/sbin:/usr/bin:/sbin:/bin:/usr/games:/usr/local/games:/snap/bin
USERNAME=donderozl
SHELL=/bin/bash
DISPLAY=:1
LANG=fr_FR.UTF-8

Signal Handlers:
SIGSEGV: [libjvm.so+0xe8ba00], sa_mask[0]=11111111011111111101111111111110, sa_flags=SA_RESTART|SA_SIGINFO
SIGBUS: [libjvm.so+0xe8ba00], sa_mask[0]=11111111011111111101111111111110, sa_flags=SA_RESTART|SA_SIGINFO
SIGFPE: [libjvm.so+0xe8ba00], sa_mask[0]=11111111011111111101111111111110, sa_flags=SA_RESTART|SA_SIGINFO
SIGPIPE: [libjvm.so+0xbd10f0], sa_mask[0]=11111111011111111101111111111110, sa_flags=SA_RESTART|SA_SIGINFO
SIGXFSZ: [libjvm.so+0xbd10f0], sa_mask[0]=11111111011111111101111111111110, sa_flags=SA_RESTART|SA_SIGINFO
SIGILL: [libjvm.so+0xe8ba00], sa_mask[0]=11111111011111111101111111111110, sa_flags=SA_RESTART|SA_SIGINFO
SIGUSR2: [libjvm.so+0xbd0f90], sa_mask[0]=00100000000000000000000000000000, sa_flags=SA_RESTART|SA_SIGINFO
SIGHUP: [libjvm.so+0xbd1430], sa_mask[0]=11111111011111111101111111111110, sa_flags=SA_RESTART|SA_SIGINFO
SIGINT: [libjvm.so+0xbd1430], sa_mask[0]=11111111011111111101111111111110, sa_flags=SA_RESTART|SA_SIGINFO
SIGTERM: [libjvm.so+0xbd1430], sa_mask[0]=11111111011111111101111111111110, sa_flags=SA_RESTART|SA_SIGINFO
SIGQUIT: [libjvm.so+0xbd1430], sa_mask[0]=11111111011111111101111111111110, sa_flags=SA_RESTART|SA_SIGINFO


---------------  S Y S T E M  ---------------

OS:DISTRIB_ID=Ubuntu
DISTRIB_RELEASE=20.04
DISTRIB_CODENAME=focal
DISTRIB_DESCRIPTION="Ubuntu 20.04.3 LTS"
uname:Linux 5.11.0-40-generic #44~20.04.2-Ubuntu SMP Tue Oct 26 18:07:44 UTC 2021 x86_64
OS uptime: 17 days 1:56 hours
libc:glibc 2.31 NPTL 2.31 
rlimit (soft/hard): STACK 8192k/infinity , CORE 0k/infinity , NPROC 127417/127417 , NOFILE 1048576/1048576 , AS infinity/infinity , CPU infinity/infinity , DATA infinity/infinity , FSIZE infinity/infinity , MEMLOCK 65536k/65536k
load average:7,42 3,80 2,16

/proc/meminfo:
MemTotal:       32722276 kB
MemFree:         7428328 kB
MemAvailable:   20807816 kB
Buffers:         1276332 kB
Cached:         13329008 kB
SwapCached:            0 kB
Active:          8267084 kB
Inactive:       14437624 kB
Active(anon):       4180 kB
Inactive(anon):  9545000 kB
Active(file):    8262904 kB
Inactive(file):  4892624 kB
Unevictable:     1379340 kB
Mlocked:             324 kB
SwapTotal:       7999484 kB
SwapFree:        7999484 kB
Dirty:              1112 kB
Writeback:             0 kB
AnonPages:       9478064 kB
Mapped:          1794736 kB
Shmem:           1487148 kB
KReclaimable:     693344 kB
Slab:             905948 kB
SReclaimable:     693344 kB
SUnreclaim:       212604 kB
KernelStack:       33584 kB
PageTables:        90472 kB
NFS_Unstable:          0 kB
Bounce:                0 kB
WritebackTmp:          0 kB
CommitLimit:    24360620 kB
Committed_AS:   26261676 kB
VmallocTotal:   34359738367 kB
VmallocUsed:       67744 kB
VmallocChunk:          0 kB
Percpu:            11776 kB
HardwareCorrupted:     0 kB
AnonHugePages:         0 kB
ShmemHugePages:        0 kB
ShmemPmdMapped:        0 kB
FileHugePages:         0 kB
FilePmdMapped:         0 kB
HugePages_Total:       0
HugePages_Free:        0
HugePages_Rsvd:        0
HugePages_Surp:        0
Hugepagesize:       2048 kB
Hugetlb:               0 kB
DirectMap4k:      680364 kB
DirectMap2M:    23279616 kB
DirectMap1G:     9437184 kB

/sys/kernel/mm/transparent_hugepage/enabled:
always [madvise] never
/sys/kernel/mm/transparent_hugepage/defrag (defrag/compaction efforts parameter):
always defer defer+madvise [madvise] never

Process Memory:
Virtual Size: 11833240K (peak: 19852784K)
Resident Set Size: 123560K (peak: 123560K) (anon: 94896K, file: 28664K, shmem: 0K)
Swapped out: 0K
C-Heap outstanding allocations: 33886K

/proc/sys/kernel/threads-max (system-wide limit on the number of threads):
254835
/proc/sys/vm/max_map_count (maximum number of memory map areas a process may have):
65530
/proc/sys/kernel/pid_max (system-wide limit on number of process identifiers):
4194304

container (cgroup) information:
container_type: cgroupv1
cpu_cpuset_cpus: 0-7
cpu_memory_nodes: 0
active_processor_count: 8
cpu_quota: -1
cpu_period: 100000
cpu_shares: -1
memory_limit_in_bytes: -1
memory_and_swap_limit_in_bytes: -1
memory_soft_limit_in_bytes: -1
memory_usage_in_bytes: 14610407424
memory_max_usage_in_bytes: 16898506752

Steal ticks since vm start: 0
Steal ticks percentage since vm start:  0,000

CPU:total 8 (initial active 8) (4 cores per cpu, 2 threads per core) family 6 model 94 stepping 3 microcode 0xea, cmov, cx8, fxsr, mmx, sse, sse2, sse3, ssse3, sse4.1, sse4.2, popcnt, avx, avx2, aes, clmul, erms, rtm, 3dnowpref, lzcnt, ht, tsc, tscinvbit, bmi1, bmi2, adx, fma
CPU Model and flags from /proc/cpuinfo:
model name	: Intel(R) Core(TM) i7-6820HQ CPU @ 2.70GHz
flags		: fpu vme de pse tsc msr pae mce cx8 apic sep mtrr pge mca cmov pat pse36 clflush dts acpi mmx fxsr sse sse2 ss ht tm pbe syscall nx pdpe1gb rdtscp lm constant_tsc art arch_perfmon pebs bts rep_good nopl xtopology nonstop_tsc cpuid aperfmperf pni pclmulqdq dtes64 monitor ds_cpl vmx smx est tm2 ssse3 sdbg fma cx16 xtpr pdcm pcid sse4_1 sse4_2 x2apic movbe popcnt tsc_deadline_timer aes xsave avx f16c rdrand lahf_lm abm 3dnowprefetch cpuid_fault epb invpcid_single pti ssbd ibrs ibpb stibp tpr_shadow vnmi flexpriority ept vpid ept_ad fsgsbase tsc_adjust bmi1 hle avx2 smep bmi2 erms invpcid rtm mpx rdseed adx smap clflushopt intel_pt xsaveopt xsavec xgetbv1 xsaves dtherm ida arat pln pts hwp hwp_notify hwp_act_window hwp_epp md_clear flush_l1d
Online cpus:
0-7
Offline cpus:

BIOS frequency limitation:
<Not Available>
Frequency switch latency (ns):
0
Available cpu frequencies:
<Not Available>
Current governor:
powersave
Core performance/turbo boost:
<Not Available>

Memory: 4k page, physical 32722276k(7426068k free), swap 7999484k(7999484k free)

vm_info: OpenJDK 64-Bit Server VM (11.0.11+9-Ubuntu-0ubuntu2.20.04) for linux-amd64 JRE (11.0.11+9-Ubuntu-0ubuntu2.20.04), built on Apr 21 2021 09:15:32 by "unknown" with gcc 9.3.0

END.
