#
# A fatal error has been detected by the Java Runtime Environment:
#
#  SIGSEGV (0xb) at pc=0x00007f577e4f0ce0, pid=228250, tid=228287
#
# JRE version: OpenJDK Runtime Environment (11.0.11+9) (build 11.0.11+9-Ubuntu-0ubuntu2.20.04)
# Java VM: OpenJDK 64-Bit Server VM (11.0.11+9-Ubuntu-0ubuntu2.20.04, mixed mode, sharing, tiered, compressed oops, g1 gc, linux-amd64)
# Problematic frame:
# V  [libjvm.so+0x46dce0]
#
# Core dump will be written. Default location: Core dumps may be processed with "/usr/share/apport/apport %p %s %c %d %P %E" (or dumping to /home/donderozl/workspace/pay-my-buddy/core.228250)
#
# If you would like to submit a bug report, please visit:
#   https://bugs.launchpad.net/ubuntu/+source/openjdk-lts
#

---------------  S U M M A R Y ------------

Command Line: -javaagent:/snap/intellij-idea-community/405/lib/idea_rt.jar=46585:/snap/intellij-idea-community/405/bin -Dfile.encoding=UTF-8 com.openclassrooms.PayMyBuddyApplication

Host: Intel(R) Core(TM) i7-6820HQ CPU @ 2.70GHz, 8 cores, 31G, Ubuntu 20.04.3 LTS
Time: Tue Feb 14 12:48:11 2023 CET elapsed time: 2.769570 seconds (0d 0h 0m 2s)

---------------  T H R E A D  ---------------

Current thread (0x00007f571c142000):  JavaThread "C2 CompilerThread2" daemon [_thread_in_native, id=228287, stack(0x00007f5748283000,0x00007f5748384000)]


Current CompileTask:
C2:   2769 3273       4       org.springframework.core.ResolvableType::forType (115 bytes)

Stack: [0x00007f5748283000,0x00007f5748384000],  sp=0x00007f574837f2e0,  free space=1008k
Native frames: (J=compiled Java code, A=aot compiled Java code, j=interpreted, Vv=VM code, C=native code)
V  [libjvm.so+0x46dce0]
V  [libjvm.so+0xc3637c]
V  [libjvm.so+0xc364c7]
V  [libjvm.so+0xc36d7f]
V  [libjvm.so+0xc38890]
V  [libjvm.so+0x55ac43]
V  [libjvm.so+0x60ca75]
V  [libjvm.so+0x610770]
V  [libjvm.so+0x53793f]
V  [libjvm.so+0x6190e1]
V  [libjvm.so+0x61a2b8]
V  [libjvm.so+0xe2105f]
V  [libjvm.so+0xe1d690]
V  [libjvm.so+0xbdac76]


siginfo: si_signo: 11 (SIGSEGV), si_code: 128 (SI_KERNEL), si_addr: 0x0000000000000000

Register to memory mapping:

RAX=0x00007f5704c3d8d0 points into unknown readable memory: 0x00007f571c395bf8 | f8 5b 39 1c 57 7f 00 00
RBX=0x80007f57182ba640 is an unknown value
RCX=0x00007f57181ac250 points into unknown readable memory: 0x00007f571c142750 | 50 27 14 1c 57 7f 00 00
RDX=0x000000000000407d is an unknown value
RSP=0x00007f574837f2e0 is pointing into the stack for thread: 0x00007f571c142000
RBP=0x00007f574837f2f0 is pointing into the stack for thread: 0x00007f571c142000
RSI=0x00007f5778b8fa98 points into unknown readable memory: 0x00007f577f1f0dd0 | d0 0d 1f 7f 57 7f 00 00
RDI=0x80007f57182ba640 is an unknown value
R8 =0x00007f57181ac210 points into unknown readable memory: 0x00007f571c142750 | 50 27 14 1c 57 7f 00 00
R9 =0x00007f57181ac210 points into unknown readable memory: 0x00007f571c142750 | 50 27 14 1c 57 7f 00 00
R10=0x0000000000000002 is an unknown value
R11=0x00007f57181ac250 points into unknown readable memory: 0x00007f571c142750 | 50 27 14 1c 57 7f 00 00
R12=0x00007f574837fa00 is pointing into the stack for thread: 0x00007f571c142000
R13=0x00007f57181ac210 points into unknown readable memory: 0x00007f571c142750 | 50 27 14 1c 57 7f 00 00
R14=0x00007f57182ba640 points into unknown readable memory: 0x00007f577f1db5b0 | b0 b5 1d 7f 57 7f 00 00
R15=0x80007f57182ba640 is an unknown value


Registers:
RAX=0x00007f5704c3d8d0, RBX=0x80007f57182ba640, RCX=0x00007f57181ac250, RDX=0x000000000000407d
RSP=0x00007f574837f2e0, RBP=0x00007f574837f2f0, RSI=0x00007f5778b8fa98, RDI=0x80007f57182ba640
R8 =0x00007f57181ac210, R9 =0x00007f57181ac210, R10=0x0000000000000002, R11=0x00007f57181ac250
R12=0x00007f574837fa00, R13=0x00007f57181ac210, R14=0x00007f57182ba640, R15=0x80007f57182ba640
RIP=0x00007f577e4f0ce0, EFLAGS=0x0000000000010202, CSGSFS=0x002b000000000033, ERR=0x0000000000000000
  TRAPNO=0x000000000000000d

Top of Stack: (sp=0x00007f574837f2e0)
0x00007f574837f2e0:   0000000000000001 00007f5778b8fa98
0x00007f574837f2f0:   00007f574837f350 00007f577ecb937c
0x00007f574837f300:   00007f574837f340 00007f5778b8f858
0x00007f574837f310:   00007f57181ac210 00007f57181ac250 

Instructions: (pc=0x00007f577e4f0ce0)
0x00007f577e4f0be0:   31 f6 eb 17 0f 1f 40 00 41 89 04 24 41 83 c6 01
0x00007f577e4f0bf0:   44 39 75 cc 76 3e 45 85 ed 74 39 31 ff 45 39 77
0x00007f577e4f0c00:   18 76 0b 49 8b 57 20 44 89 f0 48 8b 3c c2 48 8b
0x00007f577e4f0c10:   07 48 89 de ff 90 a0 00 00 00 85 c0 74 ce 48 8d
0x00007f577e4f0c20:   15 a3 f1 da 00 41 83 ed 01 41 03 04 24 3b 02 76
0x00007f577e4f0c30:   b7 45 31 ed 48 83 c4 18 44 89 e8 5b 41 5c 41 5d
0x00007f577e4f0c40:   41 5e 41 5f 5d c3 66 2e 0f 1f 84 00 00 00 00 00
0x00007f577e4f0c50:   f3 0f 1e fa 8b 47 28 85 c0 74 45 44 8d 48 ff 8b
0x00007f577e4f0c60:   4f 18 31 c0 eb 16 66 2e 0f 1f 84 00 00 00 00 00
0x00007f577e4f0c70:   48 8d 50 01 4c 39 c8 74 27 48 89 d0 41 89 c0 31
0x00007f577e4f0c80:   d2 39 c1 76 08 48 8b 57 20 48 8b 14 c2 48 39 d6
0x00007f577e4f0c90:   75 de 44 89 c0 c3 66 2e 0f 1f 84 00 00 00 00 00
0x00007f577e4f0ca0:   48 8d 05 01 de da 00 55 be 8c 00 00 00 48 8d 3d
0x00007f577e4f0cb0:   cc 8a aa 00 48 8b 00 48 89 e5 c6 00 58 e8 9e e3
0x00007f577e4f0cc0:   1f 00 e8 39 4e 76 00 45 31 c0 5d 44 89 c0 c3 90
0x00007f577e4f0cd0:   f3 0f 1e fa 55 48 89 e5 53 48 89 fb 48 83 ec 08
0x00007f577e4f0ce0:   8b 47 28 85 c0 74 51 8d 48 ff 8b 7f 18 31 c0 eb
0x00007f577e4f0cf0:   13 0f 1f 80 00 00 00 00 48 8d 50 01 48 39 c8 74
0x00007f577e4f0d00:   37 48 89 d0 41 89 c0 31 d2 39 c7 76 08 48 8b 53
0x00007f577e4f0d10:   20 48 8b 14 c2 48 39 d6 75 de 48 8d 7b 10 44 89
0x00007f577e4f0d20:   c6 e8 6a 72 73 00 83 6b 28 01 48 83 c4 08 5b 5d
0x00007f577e4f0d30:   c3 0f 1f 80 00 00 00 00 48 8d 05 69 dd da 00 be
0x00007f577e4f0d40:   8c 00 00 00 48 8d 3d 35 8a aa 00 48 8b 00 c6 00
0x00007f577e4f0d50:   58 e8 0a e3 1f 00 e8 a5 4d 76 00 45 31 c0 eb ba
0x00007f577e4f0d60:   f3 0f 1e fa 8b 57 28 85 d2 74 2d 48 8b 47 20 83
0x00007f577e4f0d70:   ea 01 48 8d 54 d0 08 eb 10 0f 1f 80 00 00 00 00
0x00007f577e4f0d80:   48 83 c0 08 48 39 d0 74 0f 48 3b 30 75 f2 b8 01
0x00007f577e4f0d90:   00 00 00 c3 0f 1f 40 00 31 c0 c3 90 0f 1f 40 00
0x00007f577e4f0da0:   f3 0f 1e fa 8b 77 18 31 d2 85 f6 74 07 48 8b 47
0x00007f577e4f0db0:   20 48 8b 10 8b 42 2c 45 31 c0 3c e0 74 6f 83 e0
0x00007f577e4f0dc0:   0f 83 f8 09 74 67 8b 4f 28 44 8b 4a 18 8d 41 ff
0x00007f577e4f0dd0:   85 c0 7e 64 31 d2 39 f0 73 0a 4c 8b 47 20 89 c2 


Stack slot to memory mapping:
stack at sp + 0 slots: 0x0000000000000001 is an unknown value
stack at sp + 1 slots: 0x00007f5778b8fa98 points into unknown readable memory: 0x00007f577f1f0dd0 | d0 0d 1f 7f 57 7f 00 00
stack at sp + 2 slots: 0x00007f574837f350 is pointing into the stack for thread: 0x00007f571c142000
stack at sp + 3 slots: 0x00007f577ecb937c: <offset 0x0000000000c3637c> in /usr/lib/jvm/java-11-openjdk-amd64/lib/server/libjvm.so at 0x00007f577e083000
stack at sp + 4 slots: 0x00007f574837f340 is pointing into the stack for thread: 0x00007f571c142000
stack at sp + 5 slots: 0x00007f5778b8f858 points into unknown readable memory: 0x00007f577f1f0dd0 | d0 0d 1f 7f 57 7f 00 00
stack at sp + 6 slots: 0x00007f57181ac210 points into unknown readable memory: 0x00007f571c142750 | 50 27 14 1c 57 7f 00 00
stack at sp + 7 slots: 0x00007f57181ac250 points into unknown readable memory: 0x00007f571c142750 | 50 27 14 1c 57 7f 00 00


---------------  P R O C E S S  ---------------

Threads class SMR info:
_java_thread_list=0x00007f56e420d5a0, length=13, elements={
0x00007f577801f000, 0x00007f577829e000, 0x00007f57782a0000, 0x00007f57782a6000,
0x00007f57782a8000, 0x00007f57782aa000, 0x00007f57782ac000, 0x00007f57782ae000,
0x00007f57782dc000, 0x00007f571c100800, 0x00007f577895a800, 0x00007f571c142000,
0x00007f5720001000
}

Java Threads: ( => current thread )
  0x00007f577801f000 JavaThread "main" [_thread_in_Java, id=228252, stack(0x00007f577dc36000,0x00007f577dd37000)]
  0x00007f577829e000 JavaThread "Reference Handler" daemon [_thread_blocked, id=228262, stack(0x00007f574957c000,0x00007f574967d000)]
  0x00007f57782a0000 JavaThread "Finalizer" daemon [_thread_blocked, id=228263, stack(0x00007f574947b000,0x00007f574957c000)]
  0x00007f57782a6000 JavaThread "Signal Dispatcher" daemon [_thread_blocked, id=228266, stack(0x00007f5748b8d000,0x00007f5748c8e000)]
  0x00007f57782a8000 JavaThread "Service Thread" daemon [_thread_blocked, id=228267, stack(0x00007f5748a8c000,0x00007f5748b8d000)]
  0x00007f57782aa000 JavaThread "C2 CompilerThread0" daemon [_thread_in_native, id=228268, stack(0x00007f574898b000,0x00007f5748a8c000)]
  0x00007f57782ac000 JavaThread "C1 CompilerThread0" daemon [_thread_in_vm, id=228269, stack(0x00007f574888a000,0x00007f574898b000)]
  0x00007f57782ae000 JavaThread "Sweeper thread" daemon [_thread_blocked, id=228270, stack(0x00007f5748789000,0x00007f574888a000)]
  0x00007f57782dc000 JavaThread "Common-Cleaner" daemon [_thread_blocked, id=228280, stack(0x00007f5748688000,0x00007f5748789000)]
  0x00007f571c100800 JavaThread "C2 CompilerThread1" daemon [_thread_in_native, id=228283, stack(0x00007f5748587000,0x00007f5748688000)]
  0x00007f577895a800 JavaThread "Monitor Ctrl-Break" daemon [_thread_in_native, id=228284, stack(0x00007f5748486000,0x00007f5748587000)]
=>0x00007f571c142000 JavaThread "C2 CompilerThread2" daemon [_thread_in_native, id=228287, stack(0x00007f5748283000,0x00007f5748384000)]
  0x00007f5720001000 JavaThread "Attach Listener" daemon [_thread_blocked, id=228305, stack(0x00007f57414f4000,0x00007f57415f5000)]

Other Threads:
  0x00007f577829b000 VMThread "VM Thread" [stack: 0x00007f574967f000,0x00007f574977f000] [id=228261]
  0x00007f577895d000 WatcherThread [stack: 0x00007f5748386000,0x00007f5748486000] [id=228285]
  0x00007f5778037000 GCTaskThread "GC Thread#0" [stack: 0x00007f577d699000,0x00007f577d799000] [id=228253]
  0x00007f5734001000 GCTaskThread "GC Thread#1" [stack: 0x00007f5748183000,0x00007f5748283000] [id=228289]
  0x00007f5734002800 GCTaskThread "GC Thread#2" [stack: 0x00007f5748081000,0x00007f5748181000] [id=228290]
  0x00007f5734004000 GCTaskThread "GC Thread#3" [stack: 0x00007f5741f00000,0x00007f5742000000] [id=228291]
  0x00007f5734005800 GCTaskThread "GC Thread#4" [stack: 0x00007f5741dfe000,0x00007f5741efe000] [id=228292]
  0x00007f5734007000 GCTaskThread "GC Thread#5" [stack: 0x00007f5741cfc000,0x00007f5741dfc000] [id=228293]
  0x00007f5734008800 GCTaskThread "GC Thread#6" [stack: 0x00007f5741bfa000,0x00007f5741cfa000] [id=228294]
  0x00007f573400a800 GCTaskThread "GC Thread#7" [stack: 0x00007f5741af8000,0x00007f5741bf8000] [id=228295]
  0x00007f5778071000 ConcurrentGCThread "G1 Main Marker" [stack: 0x00007f577cc4e000,0x00007f577cd4e000] [id=228254]
  0x00007f5778073000 ConcurrentGCThread "G1 Conc#0" [stack: 0x00007f577cb4c000,0x00007f577cc4c000] [id=228255]
  0x00007f5744001000 ConcurrentGCThread "G1 Conc#1" [stack: 0x00007f5740bf4000,0x00007f5740cf4000] [id=228308]
  0x00007f57781f5000 ConcurrentGCThread "G1 Refine#0" [stack: 0x00007f577c242000,0x00007f577c342000] [id=228256]
  0x00007f57781f6800 ConcurrentGCThread "G1 Young RemSet Sampling" [stack: 0x00007f577c140000,0x00007f577c240000] [id=228257]

Threads with active compile tasks:
C2 CompilerThread0   2775 3519       4       org.springframework.beans.factory.support.AbstractBeanFactory::isTypeMatch (607 bytes)
C1 CompilerThread0   2775 3567       3       org.springframework.boot.context.properties.source.SpringIterableConfigurationPropertySource$Mappings::updateMappings (261 bytes)
C2 CompilerThread1   2775 3495       4       org.springframework.core.ResolvableType::resolveClass (73 bytes)
C2 CompilerThread2   2775 3273       4       org.springframework.core.ResolvableType::forType (115 bytes)

VM state:not at safepoint (normal execution)

VM Mutex/Monitor currently owned by a thread: None

Heap address: 0x000000060ca00000, size: 7990 MB, Compressed Oops mode: Zero based, Oop shift amount: 3
Narrow klass base: 0x0000000800000000, Narrow klass shift: 3
Compressed class space size: 1073741824 Address: 0x0000000840000000

Heap:
 garbage-first heap   total 516096K, used 82028K [0x000000060ca00000, 0x0000000800000000)
  region size 2048K, 38 young (77824K), 4 survivors (8192K)
 Metaspace       used 27360K, capacity 28311K, committed 28416K, reserved 1073152K
  class space    used 3437K, capacity 3837K, committed 3840K, reserved 1048576K
Heap Regions: E=young(eden), S=young(survivor), O=old, HS=humongous(starts), HC=humongous(continues), CS=collection set, F=free, A=archive, TAMS=top-at-mark-start (previous, next)
|   0|0x000000060ca00000, 0x000000060cc00000, 0x000000060cc00000|100%| O|  |TAMS 0x000000060cc00000, 0x000000060ca00000| Untracked 
|   1|0x000000060cc00000, 0x000000060ce00000, 0x000000060ce00000|100%| O|  |TAMS 0x000000060ce00000, 0x000000060cc00000| Untracked 
|   2|0x000000060ce00000, 0x000000060d000000, 0x000000060d000000|100%| O|  |TAMS 0x000000060d000000, 0x000000060ce00000| Untracked 
|   3|0x000000060d000000, 0x000000060d119a00, 0x000000060d200000| 55%| O|  |TAMS 0x000000060d119a00, 0x000000060d000000| Untracked 
|   4|0x000000060d200000, 0x000000060d200000, 0x000000060d400000|  0%| F|  |TAMS 0x000000060d200000, 0x000000060d200000| Untracked 
|   5|0x000000060d400000, 0x000000060d400000, 0x000000060d600000|  0%| F|  |TAMS 0x000000060d400000, 0x000000060d400000| Untracked 
|   6|0x000000060d600000, 0x000000060d600000, 0x000000060d800000|  0%| F|  |TAMS 0x000000060d600000, 0x000000060d600000| Untracked 
|   7|0x000000060d800000, 0x000000060d800000, 0x000000060da00000|  0%| F|  |TAMS 0x000000060d800000, 0x000000060d800000| Untracked 
|   8|0x000000060da00000, 0x000000060da00000, 0x000000060dc00000|  0%| F|  |TAMS 0x000000060da00000, 0x000000060da00000| Untracked 
|   9|0x000000060dc00000, 0x000000060dc00000, 0x000000060de00000|  0%| F|  |TAMS 0x000000060dc00000, 0x000000060dc00000| Untracked 
|  10|0x000000060de00000, 0x000000060de00000, 0x000000060e000000|  0%| F|  |TAMS 0x000000060de00000, 0x000000060de00000| Untracked 
|  11|0x000000060e000000, 0x000000060e000000, 0x000000060e200000|  0%| F|  |TAMS 0x000000060e000000, 0x000000060e000000| Untracked 
|  12|0x000000060e200000, 0x000000060e200000, 0x000000060e400000|  0%| F|  |TAMS 0x000000060e200000, 0x000000060e200000| Untracked 
|  13|0x000000060e400000, 0x000000060e400000, 0x000000060e600000|  0%| F|  |TAMS 0x000000060e400000, 0x000000060e400000| Untracked 
|  14|0x000000060e600000, 0x000000060e600000, 0x000000060e800000|  0%| F|  |TAMS 0x000000060e600000, 0x000000060e600000| Untracked 
|  15|0x000000060e800000, 0x000000060e800000, 0x000000060ea00000|  0%| F|  |TAMS 0x000000060e800000, 0x000000060e800000| Untracked 
|  16|0x000000060ea00000, 0x000000060ea00000, 0x000000060ec00000|  0%| F|  |TAMS 0x000000060ea00000, 0x000000060ea00000| Untracked 
|  17|0x000000060ec00000, 0x000000060ec00000, 0x000000060ee00000|  0%| F|  |TAMS 0x000000060ec00000, 0x000000060ec00000| Untracked 
|  18|0x000000060ee00000, 0x000000060ee00000, 0x000000060f000000|  0%| F|  |TAMS 0x000000060ee00000, 0x000000060ee00000| Untracked 
|  19|0x000000060f000000, 0x000000060f000000, 0x000000060f200000|  0%| F|  |TAMS 0x000000060f000000, 0x000000060f000000| Untracked 
|  20|0x000000060f200000, 0x000000060f200000, 0x000000060f400000|  0%| F|  |TAMS 0x000000060f200000, 0x000000060f200000| Untracked 
|  21|0x000000060f400000, 0x000000060f400000, 0x000000060f600000|  0%| F|  |TAMS 0x000000060f400000, 0x000000060f400000| Untracked 
|  22|0x000000060f600000, 0x000000060f600000, 0x000000060f800000|  0%| F|  |TAMS 0x000000060f600000, 0x000000060f600000| Untracked 
|  23|0x000000060f800000, 0x000000060f800000, 0x000000060fa00000|  0%| F|  |TAMS 0x000000060f800000, 0x000000060f800000| Untracked 
|  24|0x000000060fa00000, 0x000000060fa00000, 0x000000060fc00000|  0%| F|  |TAMS 0x000000060fa00000, 0x000000060fa00000| Untracked 
|  25|0x000000060fc00000, 0x000000060fc00000, 0x000000060fe00000|  0%| F|  |TAMS 0x000000060fc00000, 0x000000060fc00000| Untracked 
|  26|0x000000060fe00000, 0x000000060fe00000, 0x0000000610000000|  0%| F|  |TAMS 0x000000060fe00000, 0x000000060fe00000| Untracked 
|  27|0x0000000610000000, 0x0000000610000000, 0x0000000610200000|  0%| F|  |TAMS 0x0000000610000000, 0x0000000610000000| Untracked 
|  28|0x0000000610200000, 0x0000000610200000, 0x0000000610400000|  0%| F|  |TAMS 0x0000000610200000, 0x0000000610200000| Untracked 
|  29|0x0000000610400000, 0x0000000610400000, 0x0000000610600000|  0%| F|  |TAMS 0x0000000610400000, 0x0000000610400000| Untracked 
|  30|0x0000000610600000, 0x0000000610600000, 0x0000000610800000|  0%| F|  |TAMS 0x0000000610600000, 0x0000000610600000| Untracked 
|  31|0x0000000610800000, 0x0000000610800000, 0x0000000610a00000|  0%| F|  |TAMS 0x0000000610800000, 0x0000000610800000| Untracked 
|  32|0x0000000610a00000, 0x0000000610a00000, 0x0000000610c00000|  0%| F|  |TAMS 0x0000000610a00000, 0x0000000610a00000| Untracked 
|  33|0x0000000610c00000, 0x0000000610c00000, 0x0000000610e00000|  0%| F|  |TAMS 0x0000000610c00000, 0x0000000610c00000| Untracked 
|  34|0x0000000610e00000, 0x0000000610e00000, 0x0000000611000000|  0%| F|  |TAMS 0x0000000610e00000, 0x0000000610e00000| Untracked 
|  35|0x0000000611000000, 0x0000000611000000, 0x0000000611200000|  0%| F|  |TAMS 0x0000000611000000, 0x0000000611000000| Untracked 
|  36|0x0000000611200000, 0x0000000611200000, 0x0000000611400000|  0%| F|  |TAMS 0x0000000611200000, 0x0000000611200000| Untracked 
|  37|0x0000000611400000, 0x0000000611400000, 0x0000000611600000|  0%| F|  |TAMS 0x0000000611400000, 0x0000000611400000| Untracked 
|  38|0x0000000611600000, 0x0000000611600000, 0x0000000611800000|  0%| F|  |TAMS 0x0000000611600000, 0x0000000611600000| Untracked 
|  39|0x0000000611800000, 0x0000000611800000, 0x0000000611a00000|  0%| F|  |TAMS 0x0000000611800000, 0x0000000611800000| Untracked 
|  40|0x0000000611a00000, 0x0000000611a00000, 0x0000000611c00000|  0%| F|  |TAMS 0x0000000611a00000, 0x0000000611a00000| Untracked 
|  41|0x0000000611c00000, 0x0000000611c00000, 0x0000000611e00000|  0%| F|  |TAMS 0x0000000611c00000, 0x0000000611c00000| Untracked 
|  42|0x0000000611e00000, 0x0000000611e00000, 0x0000000612000000|  0%| F|  |TAMS 0x0000000611e00000, 0x0000000611e00000| Untracked 
|  43|0x0000000612000000, 0x0000000612000000, 0x0000000612200000|  0%| F|  |TAMS 0x0000000612000000, 0x0000000612000000| Untracked 
|  44|0x0000000612200000, 0x0000000612200000, 0x0000000612400000|  0%| F|  |TAMS 0x0000000612200000, 0x0000000612200000| Untracked 
|  45|0x0000000612400000, 0x0000000612400000, 0x0000000612600000|  0%| F|  |TAMS 0x0000000612400000, 0x0000000612400000| Untracked 
|  46|0x0000000612600000, 0x0000000612600000, 0x0000000612800000|  0%| F|  |TAMS 0x0000000612600000, 0x0000000612600000| Untracked 
|  47|0x0000000612800000, 0x0000000612800000, 0x0000000612a00000|  0%| F|  |TAMS 0x0000000612800000, 0x0000000612800000| Untracked 
|  48|0x0000000612a00000, 0x0000000612a00000, 0x0000000612c00000|  0%| F|  |TAMS 0x0000000612a00000, 0x0000000612a00000| Untracked 
|  49|0x0000000612c00000, 0x0000000612c00000, 0x0000000612e00000|  0%| F|  |TAMS 0x0000000612c00000, 0x0000000612c00000| Untracked 
|  50|0x0000000612e00000, 0x0000000612e00000, 0x0000000613000000|  0%| F|  |TAMS 0x0000000612e00000, 0x0000000612e00000| Untracked 
|  51|0x0000000613000000, 0x0000000613000000, 0x0000000613200000|  0%| F|  |TAMS 0x0000000613000000, 0x0000000613000000| Untracked 
|  52|0x0000000613200000, 0x0000000613200000, 0x0000000613400000|  0%| F|  |TAMS 0x0000000613200000, 0x0000000613200000| Untracked 
|  53|0x0000000613400000, 0x0000000613400000, 0x0000000613600000|  0%| F|  |TAMS 0x0000000613400000, 0x0000000613400000| Untracked 
|  54|0x0000000613600000, 0x0000000613600000, 0x0000000613800000|  0%| F|  |TAMS 0x0000000613600000, 0x0000000613600000| Untracked 
|  55|0x0000000613800000, 0x0000000613800000, 0x0000000613a00000|  0%| F|  |TAMS 0x0000000613800000, 0x0000000613800000| Untracked 
|  56|0x0000000613a00000, 0x0000000613a00000, 0x0000000613c00000|  0%| F|  |TAMS 0x0000000613a00000, 0x0000000613a00000| Untracked 
|  57|0x0000000613c00000, 0x0000000613c00000, 0x0000000613e00000|  0%| F|  |TAMS 0x0000000613c00000, 0x0000000613c00000| Untracked 
|  58|0x0000000613e00000, 0x0000000613e00000, 0x0000000614000000|  0%| F|  |TAMS 0x0000000613e00000, 0x0000000613e00000| Untracked 
|  59|0x0000000614000000, 0x0000000614000000, 0x0000000614200000|  0%| F|  |TAMS 0x0000000614000000, 0x0000000614000000| Untracked 
|  60|0x0000000614200000, 0x0000000614200000, 0x0000000614400000|  0%| F|  |TAMS 0x0000000614200000, 0x0000000614200000| Untracked 
|  61|0x0000000614400000, 0x0000000614400000, 0x0000000614600000|  0%| F|  |TAMS 0x0000000614400000, 0x0000000614400000| Untracked 
|  62|0x0000000614600000, 0x0000000614600000, 0x0000000614800000|  0%| F|  |TAMS 0x0000000614600000, 0x0000000614600000| Untracked 
|  63|0x0000000614800000, 0x0000000614800000, 0x0000000614a00000|  0%| F|  |TAMS 0x0000000614800000, 0x0000000614800000| Untracked 
|  64|0x0000000614a00000, 0x0000000614a00000, 0x0000000614c00000|  0%| F|  |TAMS 0x0000000614a00000, 0x0000000614a00000| Untracked 
|  65|0x0000000614c00000, 0x0000000614c00000, 0x0000000614e00000|  0%| F|  |TAMS 0x0000000614c00000, 0x0000000614c00000| Untracked 
|  66|0x0000000614e00000, 0x0000000614e00000, 0x0000000615000000|  0%| F|  |TAMS 0x0000000614e00000, 0x0000000614e00000| Untracked 
|  67|0x0000000615000000, 0x0000000615000000, 0x0000000615200000|  0%| F|  |TAMS 0x0000000615000000, 0x0000000615000000| Untracked 
|  68|0x0000000615200000, 0x0000000615200000, 0x0000000615400000|  0%| F|  |TAMS 0x0000000615200000, 0x0000000615200000| Untracked 
|  69|0x0000000615400000, 0x0000000615400000, 0x0000000615600000|  0%| F|  |TAMS 0x0000000615400000, 0x0000000615400000| Untracked 
|  70|0x0000000615600000, 0x0000000615600000, 0x0000000615800000|  0%| F|  |TAMS 0x0000000615600000, 0x0000000615600000| Untracked 
|  71|0x0000000615800000, 0x0000000615800000, 0x0000000615a00000|  0%| F|  |TAMS 0x0000000615800000, 0x0000000615800000| Untracked 
|  72|0x0000000615a00000, 0x0000000615a00000, 0x0000000615c00000|  0%| F|  |TAMS 0x0000000615a00000, 0x0000000615a00000| Untracked 
|  73|0x0000000615c00000, 0x0000000615c00000, 0x0000000615e00000|  0%| F|  |TAMS 0x0000000615c00000, 0x0000000615c00000| Untracked 
|  74|0x0000000615e00000, 0x0000000615e00000, 0x0000000616000000|  0%| F|  |TAMS 0x0000000615e00000, 0x0000000615e00000| Untracked 
|  75|0x0000000616000000, 0x0000000616000000, 0x0000000616200000|  0%| F|  |TAMS 0x0000000616000000, 0x0000000616000000| Untracked 
|  76|0x0000000616200000, 0x0000000616200000, 0x0000000616400000|  0%| F|  |TAMS 0x0000000616200000, 0x0000000616200000| Untracked 
|  77|0x0000000616400000, 0x0000000616400000, 0x0000000616600000|  0%| F|  |TAMS 0x0000000616400000, 0x0000000616400000| Untracked 
|  78|0x0000000616600000, 0x0000000616600000, 0x0000000616800000|  0%| F|  |TAMS 0x0000000616600000, 0x0000000616600000| Untracked 
|  79|0x0000000616800000, 0x0000000616800000, 0x0000000616a00000|  0%| F|  |TAMS 0x0000000616800000, 0x0000000616800000| Untracked 
|  80|0x0000000616a00000, 0x0000000616a00000, 0x0000000616c00000|  0%| F|  |TAMS 0x0000000616a00000, 0x0000000616a00000| Untracked 
|  81|0x0000000616c00000, 0x0000000616c00000, 0x0000000616e00000|  0%| F|  |TAMS 0x0000000616c00000, 0x0000000616c00000| Untracked 
|  82|0x0000000616e00000, 0x0000000616e00000, 0x0000000617000000|  0%| F|  |TAMS 0x0000000616e00000, 0x0000000616e00000| Untracked 
|  83|0x0000000617000000, 0x0000000617000000, 0x0000000617200000|  0%| F|  |TAMS 0x0000000617000000, 0x0000000617000000| Untracked 
|  84|0x0000000617200000, 0x0000000617200000, 0x0000000617400000|  0%| F|  |TAMS 0x0000000617200000, 0x0000000617200000| Untracked 
|  85|0x0000000617400000, 0x0000000617400000, 0x0000000617600000|  0%| F|  |TAMS 0x0000000617400000, 0x0000000617400000| Untracked 
|  86|0x0000000617600000, 0x0000000617600000, 0x0000000617800000|  0%| F|  |TAMS 0x0000000617600000, 0x0000000617600000| Untracked 
|  87|0x0000000617800000, 0x0000000617800000, 0x0000000617a00000|  0%| F|  |TAMS 0x0000000617800000, 0x0000000617800000| Untracked 
|  88|0x0000000617a00000, 0x0000000617a00000, 0x0000000617c00000|  0%| F|  |TAMS 0x0000000617a00000, 0x0000000617a00000| Untracked 
|  89|0x0000000617c00000, 0x0000000617c00000, 0x0000000617e00000|  0%| F|  |TAMS 0x0000000617c00000, 0x0000000617c00000| Untracked 
|  90|0x0000000617e00000, 0x0000000617e00000, 0x0000000618000000|  0%| F|  |TAMS 0x0000000617e00000, 0x0000000617e00000| Untracked 
|  91|0x0000000618000000, 0x0000000618000000, 0x0000000618200000|  0%| F|  |TAMS 0x0000000618000000, 0x0000000618000000| Untracked 
|  92|0x0000000618200000, 0x0000000618200000, 0x0000000618400000|  0%| F|  |TAMS 0x0000000618200000, 0x0000000618200000| Untracked 
|  93|0x0000000618400000, 0x0000000618400000, 0x0000000618600000|  0%| F|  |TAMS 0x0000000618400000, 0x0000000618400000| Untracked 
|  94|0x0000000618600000, 0x0000000618600000, 0x0000000618800000|  0%| F|  |TAMS 0x0000000618600000, 0x0000000618600000| Untracked 
|  95|0x0000000618800000, 0x0000000618800000, 0x0000000618a00000|  0%| F|  |TAMS 0x0000000618800000, 0x0000000618800000| Untracked 
|  96|0x0000000618a00000, 0x0000000618a00000, 0x0000000618c00000|  0%| F|  |TAMS 0x0000000618a00000, 0x0000000618a00000| Untracked 
|  97|0x0000000618c00000, 0x0000000618c00000, 0x0000000618e00000|  0%| F|  |TAMS 0x0000000618c00000, 0x0000000618c00000| Untracked 
|  98|0x0000000618e00000, 0x0000000618e00000, 0x0000000619000000|  0%| F|  |TAMS 0x0000000618e00000, 0x0000000618e00000| Untracked 
|  99|0x0000000619000000, 0x0000000619000000, 0x0000000619200000|  0%| F|  |TAMS 0x0000000619000000, 0x0000000619000000| Untracked 
| 100|0x0000000619200000, 0x0000000619200000, 0x0000000619400000|  0%| F|  |TAMS 0x0000000619200000, 0x0000000619200000| Untracked 
| 101|0x0000000619400000, 0x0000000619400000, 0x0000000619600000|  0%| F|  |TAMS 0x0000000619400000, 0x0000000619400000| Untracked 
| 102|0x0000000619600000, 0x0000000619600000, 0x0000000619800000|  0%| F|  |TAMS 0x0000000619600000, 0x0000000619600000| Untracked 
| 103|0x0000000619800000, 0x0000000619800000, 0x0000000619a00000|  0%| F|  |TAMS 0x0000000619800000, 0x0000000619800000| Untracked 
| 104|0x0000000619a00000, 0x0000000619a00000, 0x0000000619c00000|  0%| F|  |TAMS 0x0000000619a00000, 0x0000000619a00000| Untracked 
| 105|0x0000000619c00000, 0x0000000619c00000, 0x0000000619e00000|  0%| F|  |TAMS 0x0000000619c00000, 0x0000000619c00000| Untracked 
| 106|0x0000000619e00000, 0x0000000619e00000, 0x000000061a000000|  0%| F|  |TAMS 0x0000000619e00000, 0x0000000619e00000| Untracked 
| 107|0x000000061a000000, 0x000000061a000000, 0x000000061a200000|  0%| F|  |TAMS 0x000000061a000000, 0x000000061a000000| Untracked 
| 108|0x000000061a200000, 0x000000061a200000, 0x000000061a400000|  0%| F|  |TAMS 0x000000061a200000, 0x000000061a200000| Untracked 
| 109|0x000000061a400000, 0x000000061a400000, 0x000000061a600000|  0%| F|  |TAMS 0x000000061a400000, 0x000000061a400000| Untracked 
| 110|0x000000061a600000, 0x000000061a600000, 0x000000061a800000|  0%| F|  |TAMS 0x000000061a600000, 0x000000061a600000| Untracked 
| 111|0x000000061a800000, 0x000000061a800000, 0x000000061aa00000|  0%| F|  |TAMS 0x000000061a800000, 0x000000061a800000| Untracked 
| 112|0x000000061aa00000, 0x000000061aa00000, 0x000000061ac00000|  0%| F|  |TAMS 0x000000061aa00000, 0x000000061aa00000| Untracked 
| 113|0x000000061ac00000, 0x000000061ac00000, 0x000000061ae00000|  0%| F|  |TAMS 0x000000061ac00000, 0x000000061ac00000| Untracked 
| 114|0x000000061ae00000, 0x000000061ae00000, 0x000000061b000000|  0%| F|  |TAMS 0x000000061ae00000, 0x000000061ae00000| Untracked 
| 115|0x000000061b000000, 0x000000061b000000, 0x000000061b200000|  0%| F|  |TAMS 0x000000061b000000, 0x000000061b000000| Untracked 
| 116|0x000000061b200000, 0x000000061b200000, 0x000000061b400000|  0%| F|  |TAMS 0x000000061b200000, 0x000000061b200000| Untracked 
| 117|0x000000061b400000, 0x000000061b400000, 0x000000061b600000|  0%| F|  |TAMS 0x000000061b400000, 0x000000061b400000| Untracked 
| 118|0x000000061b600000, 0x000000061b600000, 0x000000061b800000|  0%| F|  |TAMS 0x000000061b600000, 0x000000061b600000| Untracked 
| 119|0x000000061b800000, 0x000000061b800000, 0x000000061ba00000|  0%| F|  |TAMS 0x000000061b800000, 0x000000061b800000| Untracked 
| 120|0x000000061ba00000, 0x000000061ba00000, 0x000000061bc00000|  0%| F|  |TAMS 0x000000061ba00000, 0x000000061ba00000| Untracked 
| 121|0x000000061bc00000, 0x000000061bc00000, 0x000000061be00000|  0%| F|  |TAMS 0x000000061bc00000, 0x000000061bc00000| Untracked 
| 122|0x000000061be00000, 0x000000061be00000, 0x000000061c000000|  0%| F|  |TAMS 0x000000061be00000, 0x000000061be00000| Untracked 
| 123|0x000000061c000000, 0x000000061c000000, 0x000000061c200000|  0%| F|  |TAMS 0x000000061c000000, 0x000000061c000000| Untracked 
| 124|0x000000061c200000, 0x000000061c200000, 0x000000061c400000|  0%| F|  |TAMS 0x000000061c200000, 0x000000061c200000| Untracked 
| 125|0x000000061c400000, 0x000000061c400000, 0x000000061c600000|  0%| F|  |TAMS 0x000000061c400000, 0x000000061c400000| Untracked 
| 126|0x000000061c600000, 0x000000061c600000, 0x000000061c800000|  0%| F|  |TAMS 0x000000061c600000, 0x000000061c600000| Untracked 
| 127|0x000000061c800000, 0x000000061c800000, 0x000000061ca00000|  0%| F|  |TAMS 0x000000061c800000, 0x000000061c800000| Untracked 
| 128|0x000000061ca00000, 0x000000061ca00000, 0x000000061cc00000|  0%| F|  |TAMS 0x000000061ca00000, 0x000000061ca00000| Untracked 
| 129|0x000000061cc00000, 0x000000061cc00000, 0x000000061ce00000|  0%| F|  |TAMS 0x000000061cc00000, 0x000000061cc00000| Untracked 
| 130|0x000000061ce00000, 0x000000061ce00000, 0x000000061d000000|  0%| F|  |TAMS 0x000000061ce00000, 0x000000061ce00000| Untracked 
| 131|0x000000061d000000, 0x000000061d000000, 0x000000061d200000|  0%| F|  |TAMS 0x000000061d000000, 0x000000061d000000| Untracked 
| 132|0x000000061d200000, 0x000000061d200000, 0x000000061d400000|  0%| F|  |TAMS 0x000000061d200000, 0x000000061d200000| Untracked 
| 133|0x000000061d400000, 0x000000061d400000, 0x000000061d600000|  0%| F|  |TAMS 0x000000061d400000, 0x000000061d400000| Untracked 
| 134|0x000000061d600000, 0x000000061d600000, 0x000000061d800000|  0%| F|  |TAMS 0x000000061d600000, 0x000000061d600000| Untracked 
| 135|0x000000061d800000, 0x000000061d800000, 0x000000061da00000|  0%| F|  |TAMS 0x000000061d800000, 0x000000061d800000| Untracked 
| 136|0x000000061da00000, 0x000000061da00000, 0x000000061dc00000|  0%| F|  |TAMS 0x000000061da00000, 0x000000061da00000| Untracked 
| 137|0x000000061dc00000, 0x000000061dc00000, 0x000000061de00000|  0%| F|  |TAMS 0x000000061dc00000, 0x000000061dc00000| Untracked 
| 138|0x000000061de00000, 0x000000061de00000, 0x000000061e000000|  0%| F|  |TAMS 0x000000061de00000, 0x000000061de00000| Untracked 
| 139|0x000000061e000000, 0x000000061e000000, 0x000000061e200000|  0%| F|  |TAMS 0x000000061e000000, 0x000000061e000000| Untracked 
| 140|0x000000061e200000, 0x000000061e200000, 0x000000061e400000|  0%| F|  |TAMS 0x000000061e200000, 0x000000061e200000| Untracked 
| 141|0x000000061e400000, 0x000000061e400000, 0x000000061e600000|  0%| F|  |TAMS 0x000000061e400000, 0x000000061e400000| Untracked 
| 142|0x000000061e600000, 0x000000061e600000, 0x000000061e800000|  0%| F|  |TAMS 0x000000061e600000, 0x000000061e600000| Untracked 
| 143|0x000000061e800000, 0x000000061e800000, 0x000000061ea00000|  0%| F|  |TAMS 0x000000061e800000, 0x000000061e800000| Untracked 
| 144|0x000000061ea00000, 0x000000061ea00000, 0x000000061ec00000|  0%| F|  |TAMS 0x000000061ea00000, 0x000000061ea00000| Untracked 
| 145|0x000000061ec00000, 0x000000061ec00000, 0x000000061ee00000|  0%| F|  |TAMS 0x000000061ec00000, 0x000000061ec00000| Untracked 
| 146|0x000000061ee00000, 0x000000061ee00000, 0x000000061f000000|  0%| F|  |TAMS 0x000000061ee00000, 0x000000061ee00000| Untracked 
| 147|0x000000061f000000, 0x000000061f000000, 0x000000061f200000|  0%| F|  |TAMS 0x000000061f000000, 0x000000061f000000| Untracked 
| 148|0x000000061f200000, 0x000000061f200000, 0x000000061f400000|  0%| F|  |TAMS 0x000000061f200000, 0x000000061f200000| Untracked 
| 149|0x000000061f400000, 0x000000061f400000, 0x000000061f600000|  0%| F|  |TAMS 0x000000061f400000, 0x000000061f400000| Untracked 
| 150|0x000000061f600000, 0x000000061f600000, 0x000000061f800000|  0%| F|  |TAMS 0x000000061f600000, 0x000000061f600000| Untracked 
| 151|0x000000061f800000, 0x000000061f800000, 0x000000061fa00000|  0%| F|  |TAMS 0x000000061f800000, 0x000000061f800000| Untracked 
| 152|0x000000061fa00000, 0x000000061fa00000, 0x000000061fc00000|  0%| F|  |TAMS 0x000000061fa00000, 0x000000061fa00000| Untracked 
| 153|0x000000061fc00000, 0x000000061fc00000, 0x000000061fe00000|  0%| F|  |TAMS 0x000000061fc00000, 0x000000061fc00000| Untracked 
| 154|0x000000061fe00000, 0x000000061fe00000, 0x0000000620000000|  0%| F|  |TAMS 0x000000061fe00000, 0x000000061fe00000| Untracked 
| 155|0x0000000620000000, 0x0000000620000000, 0x0000000620200000|  0%| F|  |TAMS 0x0000000620000000, 0x0000000620000000| Untracked 
| 156|0x0000000620200000, 0x0000000620200000, 0x0000000620400000|  0%| F|  |TAMS 0x0000000620200000, 0x0000000620200000| Untracked 
| 157|0x0000000620400000, 0x0000000620400000, 0x0000000620600000|  0%| F|  |TAMS 0x0000000620400000, 0x0000000620400000| Untracked 
| 158|0x0000000620600000, 0x0000000620600000, 0x0000000620800000|  0%| F|  |TAMS 0x0000000620600000, 0x0000000620600000| Untracked 
| 159|0x0000000620800000, 0x0000000620800000, 0x0000000620a00000|  0%| F|  |TAMS 0x0000000620800000, 0x0000000620800000| Untracked 
| 160|0x0000000620a00000, 0x0000000620a00000, 0x0000000620c00000|  0%| F|  |TAMS 0x0000000620a00000, 0x0000000620a00000| Untracked 
| 161|0x0000000620c00000, 0x0000000620c00000, 0x0000000620e00000|  0%| F|  |TAMS 0x0000000620c00000, 0x0000000620c00000| Untracked 
| 162|0x0000000620e00000, 0x0000000620e00000, 0x0000000621000000|  0%| F|  |TAMS 0x0000000620e00000, 0x0000000620e00000| Untracked 
| 163|0x0000000621000000, 0x0000000621000000, 0x0000000621200000|  0%| F|  |TAMS 0x0000000621000000, 0x0000000621000000| Untracked 
| 164|0x0000000621200000, 0x0000000621200000, 0x0000000621400000|  0%| F|  |TAMS 0x0000000621200000, 0x0000000621200000| Untracked 
| 165|0x0000000621400000, 0x0000000621400000, 0x0000000621600000|  0%| F|  |TAMS 0x0000000621400000, 0x0000000621400000| Untracked 
| 166|0x0000000621600000, 0x0000000621600000, 0x0000000621800000|  0%| F|  |TAMS 0x0000000621600000, 0x0000000621600000| Untracked 
| 167|0x0000000621800000, 0x0000000621800000, 0x0000000621a00000|  0%| F|  |TAMS 0x0000000621800000, 0x0000000621800000| Untracked 
| 168|0x0000000621a00000, 0x0000000621a00000, 0x0000000621c00000|  0%| F|  |TAMS 0x0000000621a00000, 0x0000000621a00000| Untracked 
| 169|0x0000000621c00000, 0x0000000621c00000, 0x0000000621e00000|  0%| F|  |TAMS 0x0000000621c00000, 0x0000000621c00000| Untracked 
| 170|0x0000000621e00000, 0x0000000621e00000, 0x0000000622000000|  0%| F|  |TAMS 0x0000000621e00000, 0x0000000621e00000| Untracked 
| 171|0x0000000622000000, 0x0000000622000000, 0x0000000622200000|  0%| F|  |TAMS 0x0000000622000000, 0x0000000622000000| Untracked 
| 172|0x0000000622200000, 0x0000000622200000, 0x0000000622400000|  0%| F|  |TAMS 0x0000000622200000, 0x0000000622200000| Untracked 
| 173|0x0000000622400000, 0x0000000622400000, 0x0000000622600000|  0%| F|  |TAMS 0x0000000622400000, 0x0000000622400000| Untracked 
| 174|0x0000000622600000, 0x0000000622600000, 0x0000000622800000|  0%| F|  |TAMS 0x0000000622600000, 0x0000000622600000| Untracked 
| 175|0x0000000622800000, 0x0000000622800000, 0x0000000622a00000|  0%| F|  |TAMS 0x0000000622800000, 0x0000000622800000| Untracked 
| 176|0x0000000622a00000, 0x0000000622a00000, 0x0000000622c00000|  0%| F|  |TAMS 0x0000000622a00000, 0x0000000622a00000| Untracked 
| 177|0x0000000622c00000, 0x0000000622c00000, 0x0000000622e00000|  0%| F|  |TAMS 0x0000000622c00000, 0x0000000622c00000| Untracked 
| 178|0x0000000622e00000, 0x0000000622e00000, 0x0000000623000000|  0%| F|  |TAMS 0x0000000622e00000, 0x0000000622e00000| Untracked 
| 179|0x0000000623000000, 0x0000000623000000, 0x0000000623200000|  0%| F|  |TAMS 0x0000000623000000, 0x0000000623000000| Untracked 
| 180|0x0000000623200000, 0x0000000623200000, 0x0000000623400000|  0%| F|  |TAMS 0x0000000623200000, 0x0000000623200000| Untracked 
| 181|0x0000000623400000, 0x0000000623400000, 0x0000000623600000|  0%| F|  |TAMS 0x0000000623400000, 0x0000000623400000| Untracked 
| 182|0x0000000623600000, 0x0000000623600000, 0x0000000623800000|  0%| F|  |TAMS 0x0000000623600000, 0x0000000623600000| Untracked 
| 183|0x0000000623800000, 0x0000000623800000, 0x0000000623a00000|  0%| F|  |TAMS 0x0000000623800000, 0x0000000623800000| Untracked 
| 184|0x0000000623a00000, 0x0000000623a00000, 0x0000000623c00000|  0%| F|  |TAMS 0x0000000623a00000, 0x0000000623a00000| Untracked 
| 185|0x0000000623c00000, 0x0000000623c00000, 0x0000000623e00000|  0%| F|  |TAMS 0x0000000623c00000, 0x0000000623c00000| Untracked 
| 186|0x0000000623e00000, 0x0000000623e00000, 0x0000000624000000|  0%| F|  |TAMS 0x0000000623e00000, 0x0000000623e00000| Untracked 
| 187|0x0000000624000000, 0x0000000624000000, 0x0000000624200000|  0%| F|  |TAMS 0x0000000624000000, 0x0000000624000000| Untracked 
| 188|0x0000000624200000, 0x0000000624200000, 0x0000000624400000|  0%| F|  |TAMS 0x0000000624200000, 0x0000000624200000| Untracked 
| 189|0x0000000624400000, 0x0000000624400000, 0x0000000624600000|  0%| F|  |TAMS 0x0000000624400000, 0x0000000624400000| Untracked 
| 190|0x0000000624600000, 0x0000000624600000, 0x0000000624800000|  0%| F|  |TAMS 0x0000000624600000, 0x0000000624600000| Untracked 
| 191|0x0000000624800000, 0x0000000624800000, 0x0000000624a00000|  0%| F|  |TAMS 0x0000000624800000, 0x0000000624800000| Untracked 
| 192|0x0000000624a00000, 0x0000000624a00000, 0x0000000624c00000|  0%| F|  |TAMS 0x0000000624a00000, 0x0000000624a00000| Untracked 
| 193|0x0000000624c00000, 0x0000000624c00000, 0x0000000624e00000|  0%| F|  |TAMS 0x0000000624c00000, 0x0000000624c00000| Untracked 
| 194|0x0000000624e00000, 0x0000000624e00000, 0x0000000625000000|  0%| F|  |TAMS 0x0000000624e00000, 0x0000000624e00000| Untracked 
| 195|0x0000000625000000, 0x0000000625000000, 0x0000000625200000|  0%| F|  |TAMS 0x0000000625000000, 0x0000000625000000| Untracked 
| 196|0x0000000625200000, 0x0000000625200000, 0x0000000625400000|  0%| F|  |TAMS 0x0000000625200000, 0x0000000625200000| Untracked 
| 197|0x0000000625400000, 0x0000000625400000, 0x0000000625600000|  0%| F|  |TAMS 0x0000000625400000, 0x0000000625400000| Untracked 
| 198|0x0000000625600000, 0x0000000625600000, 0x0000000625800000|  0%| F|  |TAMS 0x0000000625600000, 0x0000000625600000| Untracked 
| 199|0x0000000625800000, 0x0000000625800000, 0x0000000625a00000|  0%| F|  |TAMS 0x0000000625800000, 0x0000000625800000| Untracked 
| 200|0x0000000625a00000, 0x0000000625a00000, 0x0000000625c00000|  0%| F|  |TAMS 0x0000000625a00000, 0x0000000625a00000| Untracked 
| 201|0x0000000625c00000, 0x0000000625c00000, 0x0000000625e00000|  0%| F|  |TAMS 0x0000000625c00000, 0x0000000625c00000| Untracked 
| 202|0x0000000625e00000, 0x0000000625e00000, 0x0000000626000000|  0%| F|  |TAMS 0x0000000625e00000, 0x0000000625e00000| Untracked 
| 203|0x0000000626000000, 0x0000000626000000, 0x0000000626200000|  0%| F|  |TAMS 0x0000000626000000, 0x0000000626000000| Untracked 
| 204|0x0000000626200000, 0x0000000626200000, 0x0000000626400000|  0%| F|  |TAMS 0x0000000626200000, 0x0000000626200000| Untracked 
| 205|0x0000000626400000, 0x0000000626400000, 0x0000000626600000|  0%| F|  |TAMS 0x0000000626400000, 0x0000000626400000| Untracked 
| 206|0x0000000626600000, 0x0000000626600000, 0x0000000626800000|  0%| F|  |TAMS 0x0000000626600000, 0x0000000626600000| Untracked 
| 207|0x0000000626800000, 0x0000000626800000, 0x0000000626a00000|  0%| F|  |TAMS 0x0000000626800000, 0x0000000626800000| Untracked 
| 208|0x0000000626a00000, 0x0000000626a00000, 0x0000000626c00000|  0%| F|  |TAMS 0x0000000626a00000, 0x0000000626a00000| Untracked 
| 209|0x0000000626c00000, 0x0000000626c00000, 0x0000000626e00000|  0%| F|  |TAMS 0x0000000626c00000, 0x0000000626c00000| Untracked 
| 210|0x0000000626e00000, 0x0000000626e00000, 0x0000000627000000|  0%| F|  |TAMS 0x0000000626e00000, 0x0000000626e00000| Untracked 
| 211|0x0000000627000000, 0x0000000627000000, 0x0000000627200000|  0%| F|  |TAMS 0x0000000627000000, 0x0000000627000000| Untracked 
| 212|0x0000000627200000, 0x0000000627400000, 0x0000000627400000|100%| E|  |TAMS 0x0000000627200000, 0x0000000627200000| Complete 
| 213|0x0000000627400000, 0x0000000627600000, 0x0000000627600000|100%| E|CS|TAMS 0x0000000627400000, 0x0000000627400000| Complete 
| 214|0x0000000627600000, 0x0000000627800000, 0x0000000627800000|100%| E|CS|TAMS 0x0000000627600000, 0x0000000627600000| Complete 
| 215|0x0000000627800000, 0x0000000627a00000, 0x0000000627a00000|100%| E|CS|TAMS 0x0000000627800000, 0x0000000627800000| Complete 
| 216|0x0000000627a00000, 0x0000000627c00000, 0x0000000627c00000|100%| E|CS|TAMS 0x0000000627a00000, 0x0000000627a00000| Complete 
| 217|0x0000000627c00000, 0x0000000627e00000, 0x0000000627e00000|100%| E|CS|TAMS 0x0000000627c00000, 0x0000000627c00000| Complete 
| 218|0x0000000627e00000, 0x0000000628000000, 0x0000000628000000|100%| E|CS|TAMS 0x0000000627e00000, 0x0000000627e00000| Complete 
| 219|0x0000000628000000, 0x0000000628200000, 0x0000000628200000|100%| E|CS|TAMS 0x0000000628000000, 0x0000000628000000| Complete 
| 220|0x0000000628200000, 0x000000062824f658, 0x0000000628400000| 15%| S|CS|TAMS 0x0000000628200000, 0x0000000628200000| Complete 
| 221|0x0000000628400000, 0x0000000628600000, 0x0000000628600000|100%| S|CS|TAMS 0x0000000628400000, 0x0000000628400000| Complete 
| 222|0x0000000628600000, 0x0000000628800000, 0x0000000628800000|100%| S|CS|TAMS 0x0000000628600000, 0x0000000628600000| Complete 
| 223|0x0000000628800000, 0x0000000628a00000, 0x0000000628a00000|100%| S|CS|TAMS 0x0000000628800000, 0x0000000628800000| Complete 
| 224|0x0000000628a00000, 0x0000000628c00000, 0x0000000628c00000|100%| E|CS|TAMS 0x0000000628a00000, 0x0000000628a00000| Complete 
| 225|0x0000000628c00000, 0x0000000628e00000, 0x0000000628e00000|100%| E|CS|TAMS 0x0000000628c00000, 0x0000000628c00000| Complete 
| 226|0x0000000628e00000, 0x0000000629000000, 0x0000000629000000|100%| E|CS|TAMS 0x0000000628e00000, 0x0000000628e00000| Complete 
| 227|0x0000000629000000, 0x0000000629200000, 0x0000000629200000|100%| E|CS|TAMS 0x0000000629000000, 0x0000000629000000| Complete 
| 228|0x0000000629200000, 0x0000000629400000, 0x0000000629400000|100%| E|CS|TAMS 0x0000000629200000, 0x0000000629200000| Complete 
| 229|0x0000000629400000, 0x0000000629600000, 0x0000000629600000|100%| E|CS|TAMS 0x0000000629400000, 0x0000000629400000| Complete 
| 230|0x0000000629600000, 0x0000000629800000, 0x0000000629800000|100%| E|CS|TAMS 0x0000000629600000, 0x0000000629600000| Complete 
| 231|0x0000000629800000, 0x0000000629a00000, 0x0000000629a00000|100%| E|CS|TAMS 0x0000000629800000, 0x0000000629800000| Complete 
| 232|0x0000000629a00000, 0x0000000629c00000, 0x0000000629c00000|100%| E|CS|TAMS 0x0000000629a00000, 0x0000000629a00000| Complete 
| 233|0x0000000629c00000, 0x0000000629e00000, 0x0000000629e00000|100%| E|CS|TAMS 0x0000000629c00000, 0x0000000629c00000| Complete 
| 234|0x0000000629e00000, 0x000000062a000000, 0x000000062a000000|100%| E|CS|TAMS 0x0000000629e00000, 0x0000000629e00000| Complete 
| 235|0x000000062a000000, 0x000000062a200000, 0x000000062a200000|100%| E|CS|TAMS 0x000000062a000000, 0x000000062a000000| Complete 
| 236|0x000000062a200000, 0x000000062a400000, 0x000000062a400000|100%| E|CS|TAMS 0x000000062a200000, 0x000000062a200000| Complete 
| 237|0x000000062a400000, 0x000000062a600000, 0x000000062a600000|100%| E|CS|TAMS 0x000000062a400000, 0x000000062a400000| Complete 
| 238|0x000000062a600000, 0x000000062a800000, 0x000000062a800000|100%| E|CS|TAMS 0x000000062a600000, 0x000000062a600000| Complete 
| 239|0x000000062a800000, 0x000000062aa00000, 0x000000062aa00000|100%| E|CS|TAMS 0x000000062a800000, 0x000000062a800000| Complete 
| 240|0x000000062aa00000, 0x000000062ac00000, 0x000000062ac00000|100%| E|CS|TAMS 0x000000062aa00000, 0x000000062aa00000| Complete 
| 241|0x000000062ac00000, 0x000000062ae00000, 0x000000062ae00000|100%| E|CS|TAMS 0x000000062ac00000, 0x000000062ac00000| Complete 
| 242|0x000000062ae00000, 0x000000062b000000, 0x000000062b000000|100%| E|CS|TAMS 0x000000062ae00000, 0x000000062ae00000| Complete 
| 243|0x000000062b000000, 0x000000062b200000, 0x000000062b200000|100%| E|CS|TAMS 0x000000062b000000, 0x000000062b000000| Complete 
| 244|0x000000062b200000, 0x000000062b400000, 0x000000062b400000|100%| E|CS|TAMS 0x000000062b200000, 0x000000062b200000| Complete 
| 245|0x000000062b400000, 0x000000062b600000, 0x000000062b600000|100%| E|CS|TAMS 0x000000062b400000, 0x000000062b400000| Complete 
| 246|0x000000062b600000, 0x000000062b800000, 0x000000062b800000|100%| E|CS|TAMS 0x000000062b600000, 0x000000062b600000| Complete 
| 247|0x000000062b800000, 0x000000062ba00000, 0x000000062ba00000|100%| E|CS|TAMS 0x000000062b800000, 0x000000062b800000| Complete 
| 248|0x000000062ba00000, 0x000000062bc00000, 0x000000062bc00000|100%| E|CS|TAMS 0x000000062ba00000, 0x000000062ba00000| Complete 
| 249|0x000000062bc00000, 0x000000062be00000, 0x000000062be00000|100%| E|CS|TAMS 0x000000062bc00000, 0x000000062bc00000| Complete 
|3481|0x00000007bfc00000, 0x00000007bfc47000, 0x00000007bfe00000| 13%|OA|  |TAMS 0x00000007bfc47000, 0x00000007bfc00000| Untracked 
|3482|0x00000007bfe00000, 0x00000007bfe6b000, 0x00000007c0000000| 20%|CA|  |TAMS 0x00000007bfe6b000, 0x00000007bfe00000| Untracked 

Card table byte_map: [0x00007f575a0ca000,0x00007f575b065000] _byte_map_base: 0x00007f5757065000

Marking Bits (Prev, Next): (CMBitMap*) 0x00007f5778060b60, (CMBitMap*) 0x00007f5778060b28
 Prev Bits: [0x00007f574977f000, 0x00007f5751457000)
 Next Bits: [0x00007f5751457000, 0x00007f575912f000)

Polling page: 0x00007f577f567000

Metaspace:

Usage:
  Non-class:     23,90 MB capacity,    23,37 MB ( 98%) used,   437,60 KB (  2%) free+waste,   109,69 KB ( <1%) overhead. 
      Class:      3,75 MB capacity,     3,36 MB ( 90%) used,   345,02 KB (  9%) free+waste,    54,38 KB (  1%) overhead. 
       Both:     27,65 MB capacity,    26,72 MB ( 97%) used,   782,62 KB (  3%) free+waste,   164,06 KB ( <1%) overhead. 

Virtual space:
  Non-class space:       24,00 MB reserved,      24,00 MB (100%) committed 
      Class space:        1,00 GB reserved,       3,75 MB ( <1%) committed 
             Both:        1,02 GB reserved,      27,75 MB (  3%) committed 

Chunk freelists:
   Non-Class:  30,00 KB
       Class:  3,00 KB
        Both:  33,00 KB

MaxMetaspaceSize: unlimited
CompressedClassSpaceSize: 1,00 GB

CodeHeap 'non-profiled nmethods': size=120032Kb used=1604Kb max_used=1604Kb free=118427Kb
 bounds [0x00007f5768340000, 0x00007f57685b0000, 0x00007f576f878000]
CodeHeap 'profiled nmethods': size=120028Kb used=8039Kb max_used=8039Kb free=111988Kb
 bounds [0x00007f5760e09000, 0x00007f57615e9000, 0x00007f5768340000]
CodeHeap 'non-nmethods': size=5700Kb used=1140Kb max_used=1200Kb free=4559Kb
 bounds [0x00007f5760878000, 0x00007f5760ae8000, 0x00007f5760e09000]
 total_blobs=4033 nmethods=3554 adapters=391
 compilation: enabled
              stopped_count=0, restarted_count=0
 full_count=0

Compilation events (20 events):
Event: 2,716 Thread 0x00007f57782ac000 3520   !   3       com.sun.proxy.$Proxy39::annotationType (29 bytes)
Event: 2,720 Thread 0x00007f57782ac000 nmethod 3520 0x00007f57615b8f10 code [0x00007f57615b9100, 0x00007f57615b9530]
Event: 2,720 Thread 0x00007f57782ac000 3517       3       org.springframework.core.annotation.AnnotatedElementUtils::findAnnotations (11 bytes)
Event: 2,721 Thread 0x00007f57782ac000 nmethod 3517 0x00007f57615b9710 code [0x00007f57615b9940, 0x00007f57615b9f40]
Event: 2,721 Thread 0x00007f57782ac000 3522       3       java.util.Collections$UnmodifiableMap$UnmodifiableEntrySet$UnmodifiableEntry::getValue (10 bytes)
Event: 2,721 Thread 0x00007f57782ac000 nmethod 3522 0x00007f57615ba210 code [0x00007f57615ba3c0, 0x00007f57615ba5a0]
Event: 2,725 Thread 0x00007f57782ac000 3523       3       java.lang.invoke.StringConcatFactory$MethodHandleInlineCopyStrategy::newArray (16 bytes)
Event: 2,725 Thread 0x00007f57782ac000 nmethod 3523 0x00007f57615ba690 code [0x00007f57615ba860, 0x00007f57615baa80]
Event: 2,725 Thread 0x00007f57782ac000 3524       3       jdk.internal.misc.Unsafe::allocateUninitializedArray (52 bytes)
Event: 2,726 Thread 0x00007f57782ac000 nmethod 3524 0x00007f57615bab10 code [0x00007f57615bad20, 0x00007f57615bb1d0]
Event: 2,726 Thread 0x00007f57782ac000 3525       3       java.lang.invoke.LambdaForm$MH/0x00000008400a6040::invoke (31 bytes)
Event: 2,726 Thread 0x00007f57782ac000 nmethod 3525 0x00007f57615bb390 code [0x00007f57615bb560, 0x00007f57615bba90]
Event: 2,730 Thread 0x00007f57782ac000 3526 %     3       java.util.Properties$LineReader::readLine @ 293 (635 bytes)
Event: 2,737 Thread 0x00007f57782ac000 nmethod 3526% 0x00007f57615bbb90 code [0x00007f57615bbf60, 0x00007f57615bee90]
Event: 2,737 Thread 0x00007f57782ac000 3529 %     3       sun.nio.cs.UTF_8$Decoder::decodeArrayLoop @ 73 (691 bytes)
Event: 2,743 Thread 0x00007f57782ac000 nmethod 3529% 0x00007f57615bfc90 code [0x00007f57615c0620, 0x00007f57615c68a0]
Event: 2,744 Thread 0x00007f57782ac000 3532       3       java.lang.reflect.Field::getAnnotation (23 bytes)
Event: 2,744 Thread 0x00007f57782ac000 nmethod 3532 0x00007f57615c8610 code [0x00007f57615c8840, 0x00007f57615c8f00]
Event: 2,744 Thread 0x00007f57782ac000 3530       3       java.lang.invoke.MethodHandleImpl$IntrinsicMethodHandle::<init> (20 bytes)
Event: 2,745 Thread 0x00007f57782ac000 nmethod 3530 0x00007f57615c9110 code [0x00007f57615c9300, 0x00007f57615c99b0]

GC Heap History (6 events):
Event: 0,498 GC heap before
{Heap before GC invocations=0 (full 0):
 garbage-first heap   total 516096K, used 23240K [0x000000060ca00000, 0x0000000800000000)
  region size 2048K, 12 young (24576K), 0 survivors (0K)
 Metaspace       used 4044K, capacity 6389K, committed 6656K, reserved 1056768K
  class space    used 429K, capacity 641K, committed 768K, reserved 1048576K
}
Event: 0,509 GC heap after
{Heap after GC invocations=1 (full 0):
 garbage-first heap   total 516096K, used 8102K [0x000000060ca00000, 0x0000000800000000)
  region size 2048K, 2 young (4096K), 2 survivors (4096K)
 Metaspace       used 4044K, capacity 6389K, committed 6656K, reserved 1056768K
  class space    used 429K, capacity 641K, committed 768K, reserved 1048576K
}
Event: 1,640 GC heap before
{Heap before GC invocations=1 (full 0):
 garbage-first heap   total 516096K, used 94118K [0x000000060ca00000, 0x0000000800000000)
  region size 2048K, 45 young (92160K), 2 survivors (4096K)
 Metaspace       used 18859K, capacity 19581K, committed 19840K, reserved 1067008K
  class space    used 2314K, capacity 2592K, committed 2688K, reserved 1048576K
}
Event: 1,651 GC heap after
{Heap after GC invocations=2 (full 0):
 garbage-first heap   total 516096K, used 13228K [0x000000060ca00000, 0x0000000800000000)
  region size 2048K, 5 young (10240K), 5 survivors (10240K)
 Metaspace       used 18859K, capacity 19581K, committed 19840K, reserved 1067008K
  class space    used 2314K, capacity 2592K, committed 2688K, reserved 1048576K
}
Event: 1,872 GC heap before
{Heap before GC invocations=2 (full 0):
 garbage-first heap   total 516096K, used 62380K [0x000000060ca00000, 0x0000000800000000)
  region size 2048K, 31 young (63488K), 5 survivors (10240K)
 Metaspace       used 20410K, capacity 21115K, committed 21248K, reserved 1067008K
  class space    used 2487K, capacity 2760K, committed 2816K, reserved 1048576K
}
Event: 1,884 GC heap after
{Heap after GC invocations=3 (full 0):
 garbage-first heap   total 516096K, used 14444K [0x000000060ca00000, 0x0000000800000000)
  region size 2048K, 4 young (8192K), 4 survivors (8192K)
 Metaspace       used 20410K, capacity 21115K, committed 21248K, reserved 1067008K
  class space    used 2487K, capacity 2760K, committed 2816K, reserved 1048576K
}

Deoptimization events (20 events):
Event: 2,633 Thread 0x00007f577801f000 Uncommon trap: trap_request=0xffffffd6 fr.pc=0x00007f57684bbe58 relative=0x0000000000000378
Event: 2,633 Thread 0x00007f577801f000 Uncommon trap: reason=array_check action=maybe_recompile pc=0x00007f57684bbe58 method=java.util.AbstractCollection.toArray([Ljava/lang/Object;)[Ljava/lang/Object; @ 116 c2
Event: 2,633 Thread 0x00007f577801f000 DEOPT PACKING pc=0x00007f57684bbe58 sp=0x00007f577dd32050
Event: 2,633 Thread 0x00007f577801f000 DEOPT UNPACKING pc=0x00007f576089d9a5 sp=0x00007f577dd32000 mode 2
Event: 2,729 Thread 0x00007f577801f000 Uncommon trap: trap_request=0xffffff4d fr.pc=0x00007f576844ba44 relative=0x0000000000000744
Event: 2,729 Thread 0x00007f577801f000 Uncommon trap: reason=unstable_if action=reinterpret pc=0x00007f576844ba44 method=java.util.Properties$LineReader.readLine()I @ 25 c2
Event: 2,729 Thread 0x00007f577801f000 DEOPT PACKING pc=0x00007f576844ba44 sp=0x00007f577dd334c0
Event: 2,729 Thread 0x00007f577801f000 DEOPT UNPACKING pc=0x00007f576089d9a5 sp=0x00007f577dd33448 mode 2
Event: 2,730 Thread 0x00007f577801f000 Uncommon trap: trap_request=0xffffff4d fr.pc=0x00007f57684430e0 relative=0x0000000000000740
Event: 2,730 Thread 0x00007f577801f000 Uncommon trap: reason=unstable_if action=reinterpret pc=0x00007f57684430e0 method=java.util.Properties$LineReader.readLine()I @ 117 c2
Event: 2,730 Thread 0x00007f577801f000 DEOPT PACKING pc=0x00007f57684430e0 sp=0x00007f577dd334b0
Event: 2,730 Thread 0x00007f577801f000 DEOPT UNPACKING pc=0x00007f576089d9a5 sp=0x00007f577dd33448 mode 2
Event: 2,731 Thread 0x00007f577801f000 Uncommon trap: trap_request=0xffffff4d fr.pc=0x00007f57683f1448 relative=0x00000000000000a8
Event: 2,731 Thread 0x00007f577801f000 Uncommon trap: reason=unstable_if action=reinterpret pc=0x00007f57683f1448 method=java.nio.Buffer.position(I)Ljava/nio/Buffer; @ 37 c2
Event: 2,731 Thread 0x00007f577801f000 DEOPT PACKING pc=0x00007f57683f1448 sp=0x00007f577dd330c0
Event: 2,731 Thread 0x00007f577801f000 DEOPT UNPACKING pc=0x00007f576089d9a5 sp=0x00007f577dd33020 mode 2
Event: 2,733 Thread 0x00007f577801f000 Uncommon trap: trap_request=0xffffff4d fr.pc=0x00007f57683c2e48 relative=0x00000000000000a8
Event: 2,733 Thread 0x00007f577801f000 Uncommon trap: reason=unstable_if action=reinterpret pc=0x00007f57683c2e48 method=java.nio.Buffer.position(I)Ljava/nio/Buffer; @ 37 c2
Event: 2,733 Thread 0x00007f577801f000 DEOPT PACKING pc=0x00007f57683c2e48 sp=0x00007f577dd33070
Event: 2,733 Thread 0x00007f577801f000 DEOPT UNPACKING pc=0x00007f576089d9a5 sp=0x00007f577dd33028 mode 2

Classes redefined (0 events):
No events

Internal exceptions (20 events):
Event: 2,607 Thread 0x00007f577801f000 Exception <a 'java/lang/ClassNotFoundException'{0x0000000627e6dcf8}: org/springframework/aop/framework/autoproxy/AbstractAutoProxyCreatorCustomizer> (0x0000000627e6dcf8) thrown at [src/hotspot/share/classfile/systemDictionary.cpp, line 231]
Event: 2,609 Thread 0x00007f577801f000 Exception <a 'java/lang/ClassNotFoundException'{0x0000000627e9b010}: org/springframework/aop/framework/autoproxy/AbstractAdvisorAutoProxyCreatorCustomizer> (0x0000000627e9b010) thrown at [src/hotspot/share/classfile/systemDictionary.cpp, line 231]
Event: 2,610 Thread 0x00007f577801f000 Exception <a 'java/lang/ClassNotFoundException'{0x0000000627ebc270}: org/springframework/aop/aspectj/autoproxy/AspectJAwareAdvisorAutoProxyCreatorCustomizer> (0x0000000627ebc270) thrown at [src/hotspot/share/classfile/systemDictionary.cpp, line 231]
Event: 2,610 Thread 0x00007f577801f000 Exception <a 'java/lang/ClassNotFoundException'{0x0000000627edd1c0}: org/springframework/aop/aspectj/annotation/AnnotationAwareAspectJAutoProxyCreatorCustomizer> (0x0000000627edd1c0) thrown at [src/hotspot/share/classfile/systemDictionary.cpp, line 231]
Event: 2,611 Thread 0x00007f577801f000 Exception <a 'java/lang/ClassNotFoundException'{0x0000000627f0f350}: org/springframework/beans/factory/config/SmartInstantiationAwareBeanPostProcessorCustomizer> (0x0000000627f0f350) thrown at [src/hotspot/share/classfile/systemDictionary.cpp, line 231]
Event: 2,611 Thread 0x00007f577801f000 Exception <a 'java/lang/ClassNotFoundException'{0x0000000627f30248}: org/springframework/beans/factory/config/InstantiationAwareBeanPostProcessorCustomizer> (0x0000000627f30248) thrown at [src/hotspot/share/classfile/systemDictionary.cpp, line 231]
Event: 2,612 Thread 0x00007f577801f000 Exception <a 'java/lang/ClassNotFoundException'{0x0000000627f4d210}: org/springframework/beans/factory/config/BeanPostProcessorCustomizer> (0x0000000627f4d210) thrown at [src/hotspot/share/classfile/systemDictionary.cpp, line 231]
Event: 2,612 Thread 0x00007f577801f000 Exception <a 'java/lang/ClassNotFoundException'{0x0000000627f663e8}: org/springframework/beans/factory/BeanFactoryAwareCustomizer> (0x0000000627f663e8) thrown at [src/hotspot/share/classfile/systemDictionary.cpp, line 231]
Event: 2,612 Thread 0x00007f577801f000 Exception <a 'java/lang/ClassNotFoundException'{0x0000000627f7c610}: org/springframework/beans/factory/AwareCustomizer> (0x0000000627f7c610) thrown at [src/hotspot/share/classfile/systemDictionary.cpp, line 231]
Event: 2,612 Thread 0x00007f577801f000 Exception <a 'java/lang/ClassNotFoundException'{0x0000000627f8fec8}: org/springframework/core/OrderedCustomizer> (0x0000000627f8fec8) thrown at [src/hotspot/share/classfile/systemDictionary.cpp, line 231]
Event: 2,613 Thread 0x00007f577801f000 Exception <a 'java/lang/ClassNotFoundException'{0x0000000627fa8ad0}: org/springframework/beans/factory/BeanClassLoaderAwareCustomizer> (0x0000000627fa8ad0) thrown at [src/hotspot/share/classfile/systemDictionary.cpp, line 231]
Event: 2,613 Thread 0x00007f577801f000 Exception <a 'java/lang/ClassNotFoundException'{0x0000000627fbe3c8}: org/springframework/beans/factory/AwareCustomizer> (0x0000000627fbe3c8) thrown at [src/hotspot/share/classfile/systemDictionary.cpp, line 231]
Event: 2,613 Thread 0x00007f577801f000 Exception <a 'java/lang/ClassNotFoundException'{0x0000000627fd6490}: org/springframework/aop/framework/AopInfrastructureBeanCustomizer> (0x0000000627fd6490) thrown at [src/hotspot/share/classfile/systemDictionary.cpp, line 231]
Event: 2,650 Thread 0x00007f577801f000 Exception <a 'java/lang/ClassNotFoundException'{0x0000000627a76d30}: java/lang/ObjectCustomizer> (0x0000000627a76d30) thrown at [src/hotspot/share/classfile/systemDictionary.cpp, line 231]
Event: 2,650 Thread 0x00007f577801f000 Exception <a 'java/lang/ClassNotFoundException'{0x0000000627a98cc8}: org/springframework/transaction/annotation/AbstractTransactionManagementConfigurationCustomizer> (0x0000000627a98cc8) thrown at [src/hotspot/share/classfile/systemDictionary.cpp, line 231]
Event: 2,651 Thread 0x00007f577801f000 Exception <a 'java/lang/ClassNotFoundException'{0x0000000627ab99e0}: org/springframework/transaction/annotation/ProxyTransactionManagementConfigurationCustomizer> (0x0000000627ab99e0) thrown at [src/hotspot/share/classfile/systemDictionary.cpp, line 231]
Event: 2,652 Thread 0x00007f577801f000 Exception <a 'java/lang/ClassNotFoundException'{0x0000000627ad52b0}: org/springframework/context/annotation/ImportAwareCustomizer> (0x0000000627ad52b0) thrown at [src/hotspot/share/classfile/systemDictionary.cpp, line 231]
Event: 2,652 Thread 0x00007f577801f000 Exception <a 'java/lang/ClassNotFoundException'{0x0000000627aeafc8}: org/springframework/beans/factory/AwareCustomizer> (0x0000000627aeafc8) thrown at [src/hotspot/share/classfile/systemDictionary.cpp, line 231]
Event: 2,702 Thread 0x00007f577801f000 Exception <a 'java/lang/NoSuchMethodError'{0x00000006276f3468}: 'java.lang.Object java.lang.invoke.DirectMethodHandle$Holder.invokeSpecialIFC(java.lang.Object, java.lang.Object, java.lang.Object)'> (0x00000006276f3468) thrown at [src/hotspot/share/interpreter/linkResolver.cpp, line 772]
Event: 2,741 Thread 0x00007f577801f000 Exception <a 'java/lang/NoSuchMethodError'{0x00000006274ccb08}: 'int java.lang.invoke.DirectMethodHandle$Holder.invokeSpecial(java.lang.Object, java.lang.Object, java.lang.Object, java.lang.Object, java.lang.Object)'> (0x00000006274ccb08) thrown at [src/hotspot/share/interpreter/linkResolver.cpp, line 772]

Events (20 events):
Event: 2,741 loading class org/springframework/core/OrderComparator
Event: 2,741 loading class org/springframework/core/OrderComparator done
Event: 2,742 loading class java/util/stream/SortedOps
Event: 2,742 loading class java/util/stream/SortedOps done
Event: 2,742 loading class java/util/stream/SortedOps$OfRef
Event: 2,742 loading class java/util/stream/SortedOps$OfRef done
Event: 2,742 loading class java/util/stream/SortedOps$RefSortingSink
Event: 2,742 loading class java/util/stream/SortedOps$AbstractRefSortingSink
Event: 2,742 loading class java/util/stream/SortedOps$AbstractRefSortingSink done
Event: 2,742 loading class java/util/stream/SortedOps$RefSortingSink done
Event: 2,744 loading class org/apache/catalina/Host
Event: 2,744 loading class org/apache/catalina/Host done
Event: 2,744 loading class org/apache/catalina/Engine
Event: 2,744 loading class org/apache/catalina/Engine done
Event: 2,744 loading class org/springframework/boot/web/embedded/tomcat/TomcatEmbeddedContext
Event: 2,744 loading class org/springframework/boot/web/embedded/tomcat/TomcatEmbeddedContext done
Event: 2,744 loading class org/apache/catalina/core/StandardContext
Event: 2,744 loading class org/apache/catalina/core/StandardContext done
Event: 2,747 loading class org/apache/catalina/core/ContainerBase
Event: 2,747 loading class org/apache/catalina/core/ContainerBase done


Dynamic libraries:
60ca00000-62be00000 rw-p 00000000 00:00 0 
62be00000-7bfc00000 ---p 00000000 00:00 0 
7bfc00000-7bfc47000 rw-p 01111000 fd:02 5510949                          /usr/lib/jvm/java-11-openjdk-amd64/lib/server/classes.jsa
7bfc47000-7bfe00000 rw-p 00000000 00:00 0 
7bfe00000-7bfe6b000 rw-p 010a6000 fd:02 5510949                          /usr/lib/jvm/java-11-openjdk-amd64/lib/server/classes.jsa
7bfe6b000-7c0000000 rw-p 00000000 00:00 0 
7c0000000-800000000 ---p 00000000 00:00 0 
800000000-800002000 rwxp 00001000 fd:02 5510949                          /usr/lib/jvm/java-11-openjdk-amd64/lib/server/classes.jsa
800002000-8003b9000 rw-p 00003000 fd:02 5510949                          /usr/lib/jvm/java-11-openjdk-amd64/lib/server/classes.jsa
8003b9000-800a96000 r--p 003ba000 fd:02 5510949                          /usr/lib/jvm/java-11-openjdk-amd64/lib/server/classes.jsa
800a96000-800a97000 rw-p 00a97000 fd:02 5510949                          /usr/lib/jvm/java-11-openjdk-amd64/lib/server/classes.jsa
800a97000-8010a5000 r--p 00a98000 fd:02 5510949                          /usr/lib/jvm/java-11-openjdk-amd64/lib/server/classes.jsa
840000000-8403c0000 rw-p 00000000 00:00 0 
8403c0000-880000000 ---p 00000000 00:00 0 
562b42ff6000-562b42ff7000 r--p 00000000 fd:02 5510560                    /usr/lib/jvm/java-11-openjdk-amd64/bin/java
562b42ff7000-562b42ff8000 r-xp 00001000 fd:02 5510560                    /usr/lib/jvm/java-11-openjdk-amd64/bin/java
562b42ff8000-562b42ff9000 r--p 00002000 fd:02 5510560                    /usr/lib/jvm/java-11-openjdk-amd64/bin/java
562b42ff9000-562b42ffa000 r--p 00002000 fd:02 5510560                    /usr/lib/jvm/java-11-openjdk-amd64/bin/java
562b42ffa000-562b42ffb000 rw-p 00003000 fd:02 5510560                    /usr/lib/jvm/java-11-openjdk-amd64/bin/java
562b43ea5000-562b43ec6000 rw-p 00000000 00:00 0                          [heap]
7f56d8000000-7f56d8025000 rw-p 00000000 00:00 0 
7f56d8025000-7f56dc000000 ---p 00000000 00:00 0 
7f56e0000000-7f56e0021000 rw-p 00000000 00:00 0 
7f56e0021000-7f56e4000000 ---p 00000000 00:00 0 
7f56e4000000-7f56e421d000 rw-p 00000000 00:00 0 
7f56e421d000-7f56e8000000 ---p 00000000 00:00 0 
7f56e8000000-7f56e8021000 rw-p 00000000 00:00 0 
7f56e8021000-7f56ec000000 ---p 00000000 00:00 0 
7f56ec000000-7f56ec021000 rw-p 00000000 00:00 0 
7f56ec021000-7f56f0000000 ---p 00000000 00:00 0 
7f56f0000000-7f56f0021000 rw-p 00000000 00:00 0 
7f56f0021000-7f56f4000000 ---p 00000000 00:00 0 
7f56f4000000-7f56f4021000 rw-p 00000000 00:00 0 
7f56f4021000-7f56f8000000 ---p 00000000 00:00 0 
7f56f8000000-7f56f8021000 rw-p 00000000 00:00 0 
7f56f8021000-7f56fc000000 ---p 00000000 00:00 0 
7f56fc000000-7f56fc021000 rw-p 00000000 00:00 0 
7f56fc021000-7f5700000000 ---p 00000000 00:00 0 
7f5700000000-7f5700021000 rw-p 00000000 00:00 0 
7f5700021000-7f5704000000 ---p 00000000 00:00 0 
7f5704000000-7f570500c000 rw-p 00000000 00:00 0 
7f570500c000-7f5708000000 ---p 00000000 00:00 0 
7f5708000000-7f5708ca5000 rw-p 00000000 00:00 0 
7f5708ca5000-7f570c000000 ---p 00000000 00:00 0 
7f570c000000-7f570c021000 rw-p 00000000 00:00 0 
7f570c021000-7f5710000000 ---p 00000000 00:00 0 
7f5710000000-7f5710021000 rw-p 00000000 00:00 0 
7f5710021000-7f5714000000 ---p 00000000 00:00 0 
7f5714000000-7f5714021000 rw-p 00000000 00:00 0 
7f5714021000-7f5718000000 ---p 00000000 00:00 0 
7f5718000000-7f5719651000 rw-p 00000000 00:00 0 
7f5719651000-7f571c000000 ---p 00000000 00:00 0 
7f571c000000-7f571c990000 rw-p 00000000 00:00 0 
7f571c990000-7f5720000000 ---p 00000000 00:00 0 
7f5720000000-7f5720021000 rw-p 00000000 00:00 0 
7f5720021000-7f5724000000 ---p 00000000 00:00 0 
7f5724000000-7f5724021000 rw-p 00000000 00:00 0 
7f5724021000-7f5728000000 ---p 00000000 00:00 0 
7f5728000000-7f5728021000 rw-p 00000000 00:00 0 
7f5728021000-7f572c000000 ---p 00000000 00:00 0 
7f572c000000-7f572c021000 rw-p 00000000 00:00 0 
7f572c021000-7f5730000000 ---p 00000000 00:00 0 
7f5730000000-7f5730021000 rw-p 00000000 00:00 0 
7f5730021000-7f5734000000 ---p 00000000 00:00 0 
7f5734000000-7f5734021000 rw-p 00000000 00:00 0 
7f5734021000-7f5738000000 ---p 00000000 00:00 0 
7f5738000000-7f5738021000 rw-p 00000000 00:00 0 
7f5738021000-7f573c000000 ---p 00000000 00:00 0 
7f573c000000-7f573c021000 rw-p 00000000 00:00 0 
7f573c021000-7f5740000000 ---p 00000000 00:00 0 
7f57407f2000-7f57409f2000 rw-p 00000000 00:00 0 
7f57409f2000-7f5740bf2000 rw-p 00000000 00:00 0 
7f5740bf2000-7f5740bf3000 ---p 00000000 00:00 0 
7f5740bf3000-7f5740ef4000 rw-p 00000000 00:00 0 
7f5740ef4000-7f57410f4000 rw-p 00000000 00:00 0 
7f57410f4000-7f57412f4000 rw-p 00000000 00:00 0 
7f57412f4000-7f57414f4000 rw-p 00000000 00:00 0 
7f57414f4000-7f57414f8000 ---p 00000000 00:00 0 
7f57414f8000-7f57417f5000 rw-p 00000000 00:00 0 
7f57417f5000-7f57417f9000 ---p 00000000 00:00 0 
7f57417f9000-7f5741af6000 rw-p 00000000 00:00 0 
7f5741af6000-7f5741af7000 ---p 00000000 00:00 0 
7f5741af7000-7f5741bf8000 rw-p 00000000 00:00 0 
7f5741bf8000-7f5741bf9000 ---p 00000000 00:00 0 
7f5741bf9000-7f5741cfa000 rw-p 00000000 00:00 0 
7f5741cfa000-7f5741cfb000 ---p 00000000 00:00 0 
7f5741cfb000-7f5741dfc000 rw-p 00000000 00:00 0 
7f5741dfc000-7f5741dfd000 ---p 00000000 00:00 0 
7f5741dfd000-7f5741efe000 rw-p 00000000 00:00 0 
7f5741efe000-7f5741eff000 ---p 00000000 00:00 0 
7f5741eff000-7f5744000000 rw-p 00000000 00:00 0 
7f5744000000-7f5744021000 rw-p 00000000 00:00 0 
7f5744021000-7f5748000000 ---p 00000000 00:00 0 
7f574807f000-7f5748080000 ---p 00000000 00:00 0 
7f5748080000-7f5748181000 rw-p 00000000 00:00 0 
7f5748181000-7f5748182000 ---p 00000000 00:00 0 
7f5748182000-7f5748283000 rw-p 00000000 00:00 0 
7f5748283000-7f5748287000 ---p 00000000 00:00 0 
7f5748287000-7f5748384000 rw-p 00000000 00:00 0 
7f5748384000-7f5748385000 ---p 00000000 00:00 0 
7f5748385000-7f5748486000 rw-p 00000000 00:00 0 
7f5748486000-7f574848a000 ---p 00000000 00:00 0 
7f574848a000-7f5748587000 rw-p 00000000 00:00 0 
7f5748587000-7f574858b000 ---p 00000000 00:00 0 
7f574858b000-7f5748688000 rw-p 00000000 00:00 0 
7f5748688000-7f574868c000 ---p 00000000 00:00 0 
7f574868c000-7f5748789000 rw-p 00000000 00:00 0 
7f5748789000-7f574878d000 ---p 00000000 00:00 0 
7f574878d000-7f574888a000 rw-p 00000000 00:00 0 
7f574888a000-7f574888e000 ---p 00000000 00:00 0 
7f574888e000-7f574898b000 rw-p 00000000 00:00 0 
7f574898b000-7f574898f000 ---p 00000000 00:00 0 
7f574898f000-7f5748a8c000 rw-p 00000000 00:00 0 
7f5748a8c000-7f5748a90000 ---p 00000000 00:00 0 
7f5748a90000-7f5748b8d000 rw-p 00000000 00:00 0 
7f5748b8d000-7f5748b91000 ---p 00000000 00:00 0 
7f5748b91000-7f5748c8e000 rw-p 00000000 00:00 0 
7f5748c8e000-7f574947b000 r--p 00000000 fd:02 60555730                   /usr/lib/locale/locale-archive
7f574947b000-7f574947f000 ---p 00000000 00:00 0 
7f574947f000-7f574957c000 rw-p 00000000 00:00 0 
7f574957c000-7f5749580000 ---p 00000000 00:00 0 
7f5749580000-7f574967d000 rw-p 00000000 00:00 0 
7f574967d000-7f574967e000 ---p 00000000 00:00 0 
7f574967e000-7f5749f4f000 rw-p 00000000 00:00 0 
7f5749f4f000-7f5750447000 ---p 00000000 00:00 0 
7f5750447000-7f5750457000 rw-p 00000000 00:00 0 
7f5750457000-7f5751457000 ---p 00000000 00:00 0 
7f5751457000-7f5751c27000 rw-p 00000000 00:00 0 
7f5751c27000-7f575811f000 ---p 00000000 00:00 0 
7f575811f000-7f575812f000 rw-p 00000000 00:00 0 
7f575812f000-7f575912f000 ---p 00000000 00:00 0 
7f575912f000-7f5759229000 rw-p 00000000 00:00 0 
7f5759229000-7f5759ec8000 ---p 00000000 00:00 0 
7f5759ec8000-7f5759eca000 rw-p 00000000 00:00 0 
7f5759eca000-7f575a0ca000 ---p 00000000 00:00 0 
7f575a0ca000-7f575a1c4000 rw-p 00000000 00:00 0 
7f575a1c4000-7f575ae63000 ---p 00000000 00:00 0 
7f575ae63000-7f575ae65000 rw-p 00000000 00:00 0 
7f575ae65000-7f575b065000 ---p 00000000 00:00 0 
7f575b065000-7f575b15f000 rw-p 00000000 00:00 0 
7f575b15f000-7f575bdfe000 ---p 00000000 00:00 0 
7f575bdfe000-7f575be00000 rw-p 00000000 00:00 0 
7f575be00000-7f575c000000 ---p 00000000 00:00 0 
7f575c000000-7f575c021000 rw-p 00000000 00:00 0 
7f575c021000-7f5760000000 ---p 00000000 00:00 0 
7f576003e000-7f5760041000 r--p 00000000 fd:02 60557457                   /usr/lib/x86_64-linux-gnu/libnss_files-2.31.so
7f5760041000-7f5760048000 r-xp 00003000 fd:02 60557457                   /usr/lib/x86_64-linux-gnu/libnss_files-2.31.so
7f5760048000-7f576004a000 r--p 0000a000 fd:02 60557457                   /usr/lib/x86_64-linux-gnu/libnss_files-2.31.so
7f576004a000-7f576004b000 r--p 0000b000 fd:02 60557457                   /usr/lib/x86_64-linux-gnu/libnss_files-2.31.so
7f576004b000-7f576004c000 rw-p 0000c000 fd:02 60557457                   /usr/lib/x86_64-linux-gnu/libnss_files-2.31.so
7f576004c000-7f5760052000 rw-p 00000000 00:00 0 
7f5760068000-7f576006a000 r--p 00000000 fd:02 5510707                    /usr/lib/jvm/java-11-openjdk-amd64/lib/libmanagement_ext.so
7f576006a000-7f576006d000 r-xp 00002000 fd:02 5510707                    /usr/lib/jvm/java-11-openjdk-amd64/lib/libmanagement_ext.so
7f576006d000-7f576006e000 r--p 00005000 fd:02 5510707                    /usr/lib/jvm/java-11-openjdk-amd64/lib/libmanagement_ext.so
7f576006e000-7f576006f000 ---p 00006000 fd:02 5510707                    /usr/lib/jvm/java-11-openjdk-amd64/lib/libmanagement_ext.so
7f576006f000-7f5760070000 r--p 00006000 fd:02 5510707                    /usr/lib/jvm/java-11-openjdk-amd64/lib/libmanagement_ext.so
7f5760070000-7f5760071000 rw-p 00007000 fd:02 5510707                    /usr/lib/jvm/java-11-openjdk-amd64/lib/libmanagement_ext.so
7f5760071000-7f5760074000 r--p 00000000 fd:02 5510705                    /usr/lib/jvm/java-11-openjdk-amd64/lib/libmanagement.so
7f5760074000-7f5760075000 r-xp 00003000 fd:02 5510705                    /usr/lib/jvm/java-11-openjdk-amd64/lib/libmanagement.so
7f5760075000-7f5760076000 r--p 00004000 fd:02 5510705                    /usr/lib/jvm/java-11-openjdk-amd64/lib/libmanagement.so
7f5760076000-7f5760077000 r--p 00004000 fd:02 5510705                    /usr/lib/jvm/java-11-openjdk-amd64/lib/libmanagement.so
7f5760077000-7f5760078000 rw-p 00005000 fd:02 5510705                    /usr/lib/jvm/java-11-openjdk-amd64/lib/libmanagement.so
7f5760078000-7f5760878000 rw-p 00000000 00:00 0 
7f5760878000-7f5760ae8000 rwxp 00000000 00:00 0 
7f5760ae8000-7f5760e09000 ---p 00000000 00:00 0 
7f5760e09000-7f57615e9000 rwxp 00000000 00:00 0 
7f57615e9000-7f5768340000 ---p 00000000 00:00 0 
7f5768340000-7f57685b0000 rwxp 00000000 00:00 0 
7f57685b0000-7f576f878000 ---p 00000000 00:00 0 
7f576f878000-7f5778000000 r--s 00000000 fd:02 5510719                    /usr/lib/jvm/java-11-openjdk-amd64/lib/modules
7f5778000000-7f5779581000 rw-p 00000000 00:00 0 
7f5779581000-7f577c000000 ---p 00000000 00:00 0 
7f577c003000-7f577c00a000 r--s 00000000 fd:02 267415                     /usr/lib/x86_64-linux-gnu/gconv/gconv-modules.cache
7f577c00a000-7f577c030000 r--p 00000000 fd:02 2106661                    /usr/share/locale-langpack/fr/LC_MESSAGES/libc.mo
7f577c030000-7f577c031000 r--p 00000000 fd:02 5510691                    /usr/lib/jvm/java-11-openjdk-amd64/lib/libextnet.so
7f577c031000-7f577c032000 r-xp 00001000 fd:02 5510691                    /usr/lib/jvm/java-11-openjdk-amd64/lib/libextnet.so
7f577c032000-7f577c033000 r--p 00002000 fd:02 5510691                    /usr/lib/jvm/java-11-openjdk-amd64/lib/libextnet.so
7f577c033000-7f577c034000 r--p 00002000 fd:02 5510691                    /usr/lib/jvm/java-11-openjdk-amd64/lib/libextnet.so
7f577c034000-7f577c035000 rw-p 00003000 fd:02 5510691                    /usr/lib/jvm/java-11-openjdk-amd64/lib/libextnet.so
7f577c035000-7f577c039000 r--p 00000000 fd:02 5510709                    /usr/lib/jvm/java-11-openjdk-amd64/lib/libnet.so
7f577c039000-7f577c048000 r-xp 00004000 fd:02 5510709                    /usr/lib/jvm/java-11-openjdk-amd64/lib/libnet.so
7f577c048000-7f577c04c000 r--p 00013000 fd:02 5510709                    /usr/lib/jvm/java-11-openjdk-amd64/lib/libnet.so
7f577c04c000-7f577c04d000 r--p 00016000 fd:02 5510709                    /usr/lib/jvm/java-11-openjdk-amd64/lib/libnet.so
7f577c04d000-7f577c04e000 rw-p 00017000 fd:02 5510709                    /usr/lib/jvm/java-11-openjdk-amd64/lib/libnet.so
7f577c04e000-7f577c055000 r--p 00000000 fd:02 5510710                    /usr/lib/jvm/java-11-openjdk-amd64/lib/libnio.so
7f577c055000-7f577c05d000 r-xp 00007000 fd:02 5510710                    /usr/lib/jvm/java-11-openjdk-amd64/lib/libnio.so
7f577c05d000-7f577c060000 r--p 0000f000 fd:02 5510710                    /usr/lib/jvm/java-11-openjdk-amd64/lib/libnio.so
7f577c060000-7f577c061000 r--p 00011000 fd:02 5510710                    /usr/lib/jvm/java-11-openjdk-amd64/lib/libnio.so
7f577c061000-7f577c062000 rw-p 00012000 fd:02 5510710                    /usr/lib/jvm/java-11-openjdk-amd64/lib/libnio.so
7f577c062000-7f577c13e000 rw-p 00000000 00:00 0 
7f577c13e000-7f577c13f000 ---p 00000000 00:00 0 
7f577c13f000-7f577c240000 rw-p 00000000 00:00 0 
7f577c240000-7f577c241000 ---p 00000000 00:00 0 
7f577c241000-7f577cb4a000 rw-p 00000000 00:00 0 
7f577cb4a000-7f577cb4b000 ---p 00000000 00:00 0 
7f577cb4b000-7f577cc4c000 rw-p 00000000 00:00 0 
7f577cc4c000-7f577cc4d000 ---p 00000000 00:00 0 
7f577cc4d000-7f577d697000 rw-p 00000000 00:00 0 
7f577d697000-7f577d698000 ---p 00000000 00:00 0 
7f577d698000-7f577d79e000 rw-p 00000000 00:00 0 
7f577d79e000-7f577d884000 ---p 00000000 00:00 0 
7f577d884000-7f577d894000 rw-p 00000000 00:00 0 
7f577d894000-7f577d96f000 ---p 00000000 00:00 0 
7f577d96f000-7f577d974000 rw-p 00000000 00:00 0 
7f577d974000-7f577d97b000 ---p 00000000 00:00 0 
7f577d97b000-7f577d97f000 r--p 00000000 fd:02 60557467                   /usr/lib/x86_64-linux-gnu/libresolv-2.31.so
7f577d97f000-7f577d98f000 r-xp 00004000 fd:02 60557467                   /usr/lib/x86_64-linux-gnu/libresolv-2.31.so
7f577d98f000-7f577d992000 r--p 00014000 fd:02 60557467                   /usr/lib/x86_64-linux-gnu/libresolv-2.31.so
7f577d992000-7f577d993000 ---p 00017000 fd:02 60557467                   /usr/lib/x86_64-linux-gnu/libresolv-2.31.so
7f577d993000-7f577d994000 r--p 00017000 fd:02 60557467                   /usr/lib/x86_64-linux-gnu/libresolv-2.31.so
7f577d994000-7f577d995000 rw-p 00018000 fd:02 60557467                   /usr/lib/x86_64-linux-gnu/libresolv-2.31.so
7f577d995000-7f577d997000 rw-p 00000000 00:00 0 
7f577d997000-7f577d9cf000 r-xp 00000000 fd:02 60567506                   /usr/lib/x86_64-linux-gnu/libnss_centrifydc.so.2
7f577d9cf000-7f577dbce000 ---p 00038000 fd:02 60567506                   /usr/lib/x86_64-linux-gnu/libnss_centrifydc.so.2
7f577dbce000-7f577dbd0000 r--p 00037000 fd:02 60567506                   /usr/lib/x86_64-linux-gnu/libnss_centrifydc.so.2
7f577dbd0000-7f577dbd1000 rw-p 00039000 fd:02 60567506                   /usr/lib/x86_64-linux-gnu/libnss_centrifydc.so.2
7f577dbd5000-7f577dbd7000 r--p 00000000 fd:02 5510718                    /usr/lib/jvm/java-11-openjdk-amd64/lib/libzip.so
7f577dbd7000-7f577dbdb000 r-xp 00002000 fd:02 5510718                    /usr/lib/jvm/java-11-openjdk-amd64/lib/libzip.so
7f577dbdb000-7f577dbdd000 r--p 00006000 fd:02 5510718                    /usr/lib/jvm/java-11-openjdk-amd64/lib/libzip.so
7f577dbdd000-7f577dbde000 r--p 00007000 fd:02 5510718                    /usr/lib/jvm/java-11-openjdk-amd64/lib/libzip.so
7f577dbde000-7f577dbdf000 rw-p 00008000 fd:02 5510718                    /usr/lib/jvm/java-11-openjdk-amd64/lib/libzip.so
7f577dbdf000-7f577dbe7000 rw-s 00000000 fd:02 30933271                   /tmp/hsperfdata_donderozl/228250
7f577dbe7000-7f577dbe9000 r--p 00000000 fd:02 5510693                    /usr/lib/jvm/java-11-openjdk-amd64/lib/libinstrument.so
7f577dbe9000-7f577dbef000 r-xp 00002000 fd:02 5510693                    /usr/lib/jvm/java-11-openjdk-amd64/lib/libinstrument.so
7f577dbef000-7f577dbf2000 r--p 00008000 fd:02 5510693                    /usr/lib/jvm/java-11-openjdk-amd64/lib/libinstrument.so
7f577dbf2000-7f577dbf3000 r--p 0000a000 fd:02 5510693                    /usr/lib/jvm/java-11-openjdk-amd64/lib/libinstrument.so
7f577dbf3000-7f577dbf4000 rw-p 0000b000 fd:02 5510693                    /usr/lib/jvm/java-11-openjdk-amd64/lib/libinstrument.so
7f577dbf4000-7f577dbf6000 r--p 00000000 fd:02 5510701                    /usr/lib/jvm/java-11-openjdk-amd64/lib/libjimage.so
7f577dbf6000-7f577dbf9000 r-xp 00002000 fd:02 5510701                    /usr/lib/jvm/java-11-openjdk-amd64/lib/libjimage.so
7f577dbf9000-7f577dbfa000 r--p 00005000 fd:02 5510701                    /usr/lib/jvm/java-11-openjdk-amd64/lib/libjimage.so
7f577dbfa000-7f577dbfb000 ---p 00006000 fd:02 5510701                    /usr/lib/jvm/java-11-openjdk-amd64/lib/libjimage.so
7f577dbfb000-7f577dbfc000 r--p 00006000 fd:02 5510701                    /usr/lib/jvm/java-11-openjdk-amd64/lib/libjimage.so
7f577dbfc000-7f577dbfd000 rw-p 00007000 fd:02 5510701                    /usr/lib/jvm/java-11-openjdk-amd64/lib/libjimage.so
7f577dbfd000-7f577dc0b000 r--p 00000000 fd:02 5510698                    /usr/lib/jvm/java-11-openjdk-amd64/lib/libjava.so
7f577dc0b000-7f577dc21000 r-xp 0000e000 fd:02 5510698                    /usr/lib/jvm/java-11-openjdk-amd64/lib/libjava.so
7f577dc21000-7f577dc28000 r--p 00024000 fd:02 5510698                    /usr/lib/jvm/java-11-openjdk-amd64/lib/libjava.so
7f577dc28000-7f577dc29000 r--p 0002a000 fd:02 5510698                    /usr/lib/jvm/java-11-openjdk-amd64/lib/libjava.so
7f577dc29000-7f577dc2a000 rw-p 0002b000 fd:02 5510698                    /usr/lib/jvm/java-11-openjdk-amd64/lib/libjava.so
7f577dc2a000-7f577dc2b000 rw-p 00000000 00:00 0 
7f577dc2b000-7f577dc2e000 r--p 00000000 fd:02 60557468                   /usr/lib/x86_64-linux-gnu/librt-2.31.so
7f577dc2e000-7f577dc32000 r-xp 00003000 fd:02 60557468                   /usr/lib/x86_64-linux-gnu/librt-2.31.so
7f577dc32000-7f577dc33000 r--p 00007000 fd:02 60557468                   /usr/lib/x86_64-linux-gnu/librt-2.31.so
7f577dc33000-7f577dc34000 ---p 00008000 fd:02 60557468                   /usr/lib/x86_64-linux-gnu/librt-2.31.so
7f577dc34000-7f577dc35000 r--p 00008000 fd:02 60557468                   /usr/lib/x86_64-linux-gnu/librt-2.31.so
7f577dc35000-7f577dc36000 rw-p 00009000 fd:02 60557468                   /usr/lib/x86_64-linux-gnu/librt-2.31.so
7f577dc36000-7f577dc3a000 ---p 00000000 00:00 0 
7f577dc3a000-7f577dd37000 rw-p 00000000 00:00 0 
7f577dd37000-7f577dd3a000 r--p 00000000 fd:02 60558366                   /usr/lib/x86_64-linux-gnu/libgcc_s.so.1
7f577dd3a000-7f577dd4c000 r-xp 00003000 fd:02 60558366                   /usr/lib/x86_64-linux-gnu/libgcc_s.so.1
7f577dd4c000-7f577dd50000 r--p 00015000 fd:02 60558366                   /usr/lib/x86_64-linux-gnu/libgcc_s.so.1
7f577dd50000-7f577dd51000 r--p 00018000 fd:02 60558366                   /usr/lib/x86_64-linux-gnu/libgcc_s.so.1
7f577dd51000-7f577dd52000 rw-p 00019000 fd:02 60558366                   /usr/lib/x86_64-linux-gnu/libgcc_s.so.1
7f577dd52000-7f577dd61000 r--p 00000000 fd:02 60557451                   /usr/lib/x86_64-linux-gnu/libm-2.31.so
7f577dd61000-7f577de08000 r-xp 0000f000 fd:02 60557451                   /usr/lib/x86_64-linux-gnu/libm-2.31.so
7f577de08000-7f577de9f000 r--p 000b6000 fd:02 60557451                   /usr/lib/x86_64-linux-gnu/libm-2.31.so
7f577de9f000-7f577dea0000 r--p 0014c000 fd:02 60557451                   /usr/lib/x86_64-linux-gnu/libm-2.31.so
7f577dea0000-7f577dea1000 rw-p 0014d000 fd:02 60557451                   /usr/lib/x86_64-linux-gnu/libm-2.31.so
7f577dea1000-7f577df37000 r--p 00000000 fd:02 60557441                   /usr/lib/x86_64-linux-gnu/libstdc++.so.6.0.28
7f577df37000-7f577e028000 r-xp 00096000 fd:02 60557441                   /usr/lib/x86_64-linux-gnu/libstdc++.so.6.0.28
7f577e028000-7f577e071000 r--p 00187000 fd:02 60557441                   /usr/lib/x86_64-linux-gnu/libstdc++.so.6.0.28
7f577e071000-7f577e072000 ---p 001d0000 fd:02 60557441                   /usr/lib/x86_64-linux-gnu/libstdc++.so.6.0.28
7f577e072000-7f577e07d000 r--p 001d0000 fd:02 60557441                   /usr/lib/x86_64-linux-gnu/libstdc++.so.6.0.28
7f577e07d000-7f577e080000 rw-p 001db000 fd:02 60557441                   /usr/lib/x86_64-linux-gnu/libstdc++.so.6.0.28
7f577e080000-7f577e083000 rw-p 00000000 00:00 0 
7f577e083000-7f577e2fd000 r--p 00000000 fd:02 5510724                    /usr/lib/jvm/java-11-openjdk-amd64/lib/server/libjvm.so
7f577e2fd000-7f577ef82000 r-xp 0027a000 fd:02 5510724                    /usr/lib/jvm/java-11-openjdk-amd64/lib/server/libjvm.so
7f577ef82000-7f577f1d9000 r--p 00eff000 fd:02 5510724                    /usr/lib/jvm/java-11-openjdk-amd64/lib/server/libjvm.so
7f577f1d9000-7f577f29a000 r--p 01155000 fd:02 5510724                    /usr/lib/jvm/java-11-openjdk-amd64/lib/server/libjvm.so
7f577f29a000-7f577f2d5000 rw-p 01216000 fd:02 5510724                    /usr/lib/jvm/java-11-openjdk-amd64/lib/server/libjvm.so
7f577f2d5000-7f577f32e000 rw-p 00000000 00:00 0 
7f577f32e000-7f577f335000 r--p 00000000 fd:02 60557466                   /usr/lib/x86_64-linux-gnu/libpthread-2.31.so
7f577f335000-7f577f346000 r-xp 00007000 fd:02 60557466                   /usr/lib/x86_64-linux-gnu/libpthread-2.31.so
7f577f346000-7f577f34b000 r--p 00018000 fd:02 60557466                   /usr/lib/x86_64-linux-gnu/libpthread-2.31.so
7f577f34b000-7f577f34c000 r--p 0001c000 fd:02 60557466                   /usr/lib/x86_64-linux-gnu/libpthread-2.31.so
7f577f34c000-7f577f34d000 rw-p 0001d000 fd:02 60557466                   /usr/lib/x86_64-linux-gnu/libpthread-2.31.so
7f577f34d000-7f577f351000 rw-p 00000000 00:00 0 
7f577f351000-7f577f352000 r--p 00000000 fd:02 60557450                   /usr/lib/x86_64-linux-gnu/libdl-2.31.so
7f577f352000-7f577f354000 r-xp 00001000 fd:02 60557450                   /usr/lib/x86_64-linux-gnu/libdl-2.31.so
7f577f354000-7f577f355000 r--p 00003000 fd:02 60557450                   /usr/lib/x86_64-linux-gnu/libdl-2.31.so
7f577f355000-7f577f356000 r--p 00003000 fd:02 60557450                   /usr/lib/x86_64-linux-gnu/libdl-2.31.so
7f577f356000-7f577f357000 rw-p 00004000 fd:02 60557450                   /usr/lib/x86_64-linux-gnu/libdl-2.31.so
7f577f357000-7f577f359000 r--p 00000000 fd:02 60555458                   /usr/lib/x86_64-linux-gnu/libz.so.1.2.11
7f577f359000-7f577f36a000 r-xp 00002000 fd:02 60555458                   /usr/lib/x86_64-linux-gnu/libz.so.1.2.11
7f577f36a000-7f577f370000 r--p 00013000 fd:02 60555458                   /usr/lib/x86_64-linux-gnu/libz.so.1.2.11
7f577f370000-7f577f371000 ---p 00019000 fd:02 60555458                   /usr/lib/x86_64-linux-gnu/libz.so.1.2.11
7f577f371000-7f577f372000 r--p 00019000 fd:02 60555458                   /usr/lib/x86_64-linux-gnu/libz.so.1.2.11
7f577f372000-7f577f373000 rw-p 0001a000 fd:02 60555458                   /usr/lib/x86_64-linux-gnu/libz.so.1.2.11
7f577f373000-7f577f398000 r--p 00000000 fd:02 60557449                   /usr/lib/x86_64-linux-gnu/libc-2.31.so
7f577f398000-7f577f510000 r-xp 00025000 fd:02 60557449                   /usr/lib/x86_64-linux-gnu/libc-2.31.so
7f577f510000-7f577f55a000 r--p 0019d000 fd:02 60557449                   /usr/lib/x86_64-linux-gnu/libc-2.31.so
7f577f55a000-7f577f55b000 ---p 001e7000 fd:02 60557449                   /usr/lib/x86_64-linux-gnu/libc-2.31.so
7f577f55b000-7f577f55e000 r--p 001e7000 fd:02 60557449                   /usr/lib/x86_64-linux-gnu/libc-2.31.so
7f577f55e000-7f577f561000 rw-p 001ea000 fd:02 60557449                   /usr/lib/x86_64-linux-gnu/libc-2.31.so
7f577f561000-7f577f565000 rw-p 00000000 00:00 0 
7f577f565000-7f577f567000 r--s 0000c000 fd:02 396413                     /usr/share/java/java-atk-wrapper.jar
7f577f567000-7f577f568000 ---p 00000000 00:00 0 
7f577f568000-7f577f569000 r--p 00000000 00:00 0 
7f577f569000-7f577f56e000 r--p 00000000 fd:02 5510717                    /usr/lib/jvm/java-11-openjdk-amd64/lib/libverify.so
7f577f56e000-7f577f575000 r-xp 00005000 fd:02 5510717                    /usr/lib/jvm/java-11-openjdk-amd64/lib/libverify.so
7f577f575000-7f577f577000 r--p 0000c000 fd:02 5510717                    /usr/lib/jvm/java-11-openjdk-amd64/lib/libverify.so
7f577f577000-7f577f578000 ---p 0000e000 fd:02 5510717                    /usr/lib/jvm/java-11-openjdk-amd64/lib/libverify.so
7f577f578000-7f577f57a000 r--p 0000e000 fd:02 5510717                    /usr/lib/jvm/java-11-openjdk-amd64/lib/libverify.so
7f577f57a000-7f577f57b000 rw-p 00010000 fd:02 5510717                    /usr/lib/jvm/java-11-openjdk-amd64/lib/libverify.so
7f577f57b000-7f577f57e000 r--p 00000000 fd:02 5510683                    /usr/lib/jvm/java-11-openjdk-amd64/lib/jli/libjli.so
7f577f57e000-7f577f588000 r-xp 00003000 fd:02 5510683                    /usr/lib/jvm/java-11-openjdk-amd64/lib/jli/libjli.so
7f577f588000-7f577f58b000 r--p 0000d000 fd:02 5510683                    /usr/lib/jvm/java-11-openjdk-amd64/lib/jli/libjli.so
7f577f58b000-7f577f58c000 ---p 00010000 fd:02 5510683                    /usr/lib/jvm/java-11-openjdk-amd64/lib/jli/libjli.so
7f577f58c000-7f577f58d000 r--p 00010000 fd:02 5510683                    /usr/lib/jvm/java-11-openjdk-amd64/lib/jli/libjli.so
7f577f58d000-7f577f58e000 rw-p 00011000 fd:02 5510683                    /usr/lib/jvm/java-11-openjdk-amd64/lib/jli/libjli.so
7f577f58e000-7f577f590000 rw-p 00000000 00:00 0 
7f577f590000-7f577f591000 r--p 00000000 fd:02 60557445                   /usr/lib/x86_64-linux-gnu/ld-2.31.so
7f577f591000-7f577f5b4000 r-xp 00001000 fd:02 60557445                   /usr/lib/x86_64-linux-gnu/ld-2.31.so
7f577f5b4000-7f577f5bc000 r--p 00024000 fd:02 60557445                   /usr/lib/x86_64-linux-gnu/ld-2.31.so
7f577f5bd000-7f577f5be000 r--p 0002c000 fd:02 60557445                   /usr/lib/x86_64-linux-gnu/ld-2.31.so
7f577f5be000-7f577f5bf000 rw-p 0002d000 fd:02 60557445                   /usr/lib/x86_64-linux-gnu/ld-2.31.so
7f577f5bf000-7f577f5c0000 rw-p 00000000 00:00 0 
7fff0de74000-7fff0de99000 rw-p 00000000 00:00 0                          [stack]
7fff0def7000-7fff0defb000 r--p 00000000 00:00 0                          [vvar]
7fff0defb000-7fff0defd000 r-xp 00000000 00:00 0                          [vdso]
ffffffffff600000-ffffffffff601000 --xp 00000000 00:00 0                  [vsyscall]


VM Arguments:
jvm_args: -javaagent:/snap/intellij-idea-community/405/lib/idea_rt.jar=46585:/snap/intellij-idea-community/405/bin -Dfile.encoding=UTF-8 
java_command: com.openclassrooms.PayMyBuddyApplication
java_class_path (initial): /home/donderozl/workspace/pay-my-buddy/target/classes:/home/donderozl/.m2/repository/org/springframework/boot/spring-boot-starter-web/2.7.3/spring-boot-starter-web-2.7.3.jar:/home/donderozl/.m2/repository/org/springframework/boot/spring-boot-starter/2.7.3/spring-boot-starter-2.7.3.jar:/home/donderozl/.m2/repository/org/springframework/boot/spring-boot/2.7.3/spring-boot-2.7.3.jar:/home/donderozl/.m2/repository/org/springframework/boot/spring-boot-autoconfigure/2.7.3/spring-boot-autoconfigure-2.7.3.jar:/home/donderozl/.m2/repository/org/springframework/boot/spring-boot-starter-logging/2.7.3/spring-boot-starter-logging-2.7.3.jar:/home/donderozl/.m2/repository/ch/qos/logback/logback-classic/1.2.11/logback-classic-1.2.11.jar:/home/donderozl/.m2/repository/ch/qos/logback/logback-core/1.2.11/logback-core-1.2.11.jar:/home/donderozl/.m2/repository/org/apache/logging/log4j/log4j-to-slf4j/2.17.2/log4j-to-slf4j-2.17.2.jar:/home/donderozl/.m2/repository/org/apache/logging/log4j/log4j-api/2.17.2/log4j-api-2.17.2.jar:/home/donderozl/.m2/repository/org/slf4j/jul-to-slf4j/1.7.36/jul-to-slf4j-1.7.36.jar:/home/donderozl/.m2/repository/jakarta/annotation/jakarta.annotation-api/1.3.5/jakarta.annotation-api-1.3.5.jar:/home/donderozl/.m2/repository/org/yaml/snakeyaml/1.30/snakeyaml-1.30.jar:/home/donderozl/.m2/repository/org/springframework/boot/spring-boot-starter-json/2.7.3/spring-boot-starter-json-2.7.3.jar:/home/donderozl/.m2/repository/com/fasterxml/jackson/core/jackson-databind/2.13.3/jackson-databind-2.13.3.jar:/home/donderozl/.m2/repository/com/fasterxml/jackson/core/jackson-annotations/2.13.3/jackson-annotations-2.13.3.jar:/home/donderozl/.m2/repository/com/fasterxml/jackson/core/jackson-core/2.13.3/jackson-core-2.13.3.jar:/home/donderozl/.m2/repository/com/fasterxml/jackson/datatype/jackson-datatype-jdk8/2.13.3/jackson-datatype-jdk8-2.13.3.jar:/home/donderozl/.m2/repository/com/fasterxml/jackson/datatype/jackson-datatype-jsr310/2.13.3/jackson-datatyp
Launcher Type: SUN_STANDARD

[Global flags]
     intx CICompilerCount                          = 4                                         {product} {ergonomic}
     uint ConcGCThreads                            = 2                                         {product} {ergonomic}
     uint G1ConcRefinementThreads                  = 8                                         {product} {ergonomic}
   size_t G1HeapRegionSize                         = 2097152                                   {product} {ergonomic}
    uintx GCDrainStackTargetSize                   = 64                                        {product} {ergonomic}
   size_t InitialHeapSize                          = 524288000                                 {product} {ergonomic}
   size_t MarkStackSize                            = 4194304                                   {product} {ergonomic}
   size_t MaxHeapSize                              = 8378122240                                {product} {ergonomic}
   size_t MaxNewSize                               = 5026873344                                {product} {ergonomic}
   size_t MinHeapDeltaBytes                        = 2097152                                   {product} {ergonomic}
    uintx NonNMethodCodeHeapSize                   = 5836300                                {pd product} {ergonomic}
    uintx NonProfiledCodeHeapSize                  = 122910970                              {pd product} {ergonomic}
    uintx ProfiledCodeHeapSize                     = 122910970                              {pd product} {ergonomic}
    uintx ReservedCodeCacheSize                    = 251658240                              {pd product} {ergonomic}
     bool SegmentedCodeCache                       = true                                      {product} {ergonomic}
     bool UseCompressedClassPointers               = true                                 {lp64_product} {ergonomic}
     bool UseCompressedOops                        = true                                 {lp64_product} {ergonomic}
     bool UseG1GC                                  = true                                      {product} {ergonomic}

Logging:
Log output configuration:
 #0: stdout all=warning uptime,level,tags
 #1: stderr all=off uptime,level,tags

Environment Variables:
PATH=/usr/local/sbin:/usr/local/bin:/usr/sbin:/usr/bin:/sbin:/bin:/usr/games:/usr/local/games:/snap/bin
USERNAME=donderozl
SHELL=/bin/bash
DISPLAY=:1
LANG=fr_FR.UTF-8

Signal Handlers:
SIGSEGV: [libjvm.so+0xe8ba00], sa_mask[0]=11111111011111111101111111111110, sa_flags=SA_RESTART|SA_SIGINFO
SIGBUS: [libjvm.so+0xe8ba00], sa_mask[0]=11111111011111111101111111111110, sa_flags=SA_RESTART|SA_SIGINFO
SIGFPE: [libjvm.so+0xe8ba00], sa_mask[0]=11111111011111111101111111111110, sa_flags=SA_RESTART|SA_SIGINFO
SIGPIPE: [libjvm.so+0xbd10f0], sa_mask[0]=11111111011111111101111111111110, sa_flags=SA_RESTART|SA_SIGINFO
SIGXFSZ: [libjvm.so+0xbd10f0], sa_mask[0]=11111111011111111101111111111110, sa_flags=SA_RESTART|SA_SIGINFO
SIGILL: [libjvm.so+0xe8ba00], sa_mask[0]=11111111011111111101111111111110, sa_flags=SA_RESTART|SA_SIGINFO
SIGUSR2: [libjvm.so+0xbd0f90], sa_mask[0]=00100000000000000000000000000000, sa_flags=SA_RESTART|SA_SIGINFO
SIGHUP: [libjvm.so+0xbd1430], sa_mask[0]=11111111011111111101111111111110, sa_flags=SA_RESTART|SA_SIGINFO
SIGINT: [libjvm.so+0xbd1430], sa_mask[0]=11111111011111111101111111111110, sa_flags=SA_RESTART|SA_SIGINFO
SIGTERM: [libjvm.so+0xbd1430], sa_mask[0]=11111111011111111101111111111110, sa_flags=SA_RESTART|SA_SIGINFO
SIGQUIT: [libjvm.so+0xbd1430], sa_mask[0]=11111111011111111101111111111110, sa_flags=SA_RESTART|SA_SIGINFO


---------------  S Y S T E M  ---------------

OS:DISTRIB_ID=Ubuntu
DISTRIB_RELEASE=20.04
DISTRIB_CODENAME=focal
DISTRIB_DESCRIPTION="Ubuntu 20.04.3 LTS"
uname:Linux 5.11.0-40-generic #44~20.04.2-Ubuntu SMP Tue Oct 26 18:07:44 UTC 2021 x86_64
OS uptime: 17 days 2:39 hours
libc:glibc 2.31 NPTL 2.31 
rlimit (soft/hard): STACK 8192k/infinity , CORE 0k/infinity , NPROC 127417/127417 , NOFILE 1048576/1048576 , AS infinity/infinity , CPU infinity/infinity , DATA infinity/infinity , FSIZE infinity/infinity , MEMLOCK 65536k/65536k
load average:1,61 1,30 1,25

/proc/meminfo:
MemTotal:       32722276 kB
MemFree:         6700508 kB
MemAvailable:   20264908 kB
Buffers:         1277372 kB
Cached:         13515296 kB
SwapCached:            0 kB
Active:          8284692 kB
Inactive:       15133828 kB
Active(anon):       4204 kB
Inactive(anon): 10073356 kB
Active(file):    8280488 kB
Inactive(file):  5060472 kB
Unevictable:     1387704 kB
Mlocked:             340 kB
SwapTotal:       7999484 kB
SwapFree:        7999484 kB
Dirty:              6388 kB
Writeback:             0 kB
AnonPages:      10013432 kB
Mapped:          1905156 kB
Shmem:           1489044 kB
KReclaimable:     692824 kB
Slab:             905660 kB
SReclaimable:     692824 kB
SUnreclaim:       212836 kB
KernelStack:       34112 kB
PageTables:        94244 kB
NFS_Unstable:          0 kB
Bounce:                0 kB
WritebackTmp:          0 kB
CommitLimit:    24360620 kB
Committed_AS:   27029796 kB
VmallocTotal:   34359738367 kB
VmallocUsed:       68416 kB
VmallocChunk:          0 kB
Percpu:            11776 kB
HardwareCorrupted:     0 kB
AnonHugePages:         0 kB
ShmemHugePages:        0 kB
ShmemPmdMapped:        0 kB
FileHugePages:         0 kB
FilePmdMapped:         0 kB
HugePages_Total:       0
HugePages_Free:        0
HugePages_Rsvd:        0
HugePages_Surp:        0
Hugepagesize:       2048 kB
Hugetlb:               0 kB
DirectMap4k:      682412 kB
DirectMap2M:    23277568 kB
DirectMap1G:     9437184 kB

/sys/kernel/mm/transparent_hugepage/enabled:
always [madvise] never
/sys/kernel/mm/transparent_hugepage/defrag (defrag/compaction efforts parameter):
always defer defer+madvise [madvise] never

Process Memory:
Virtual Size: 11915172K (peak: 19852784K)
Resident Set Size: 273396K (peak: 273396K) (anon: 244428K, file: 28968K, shmem: 0K)
Swapped out: 0K
C-Heap outstanding allocations: 74598K

/proc/sys/kernel/threads-max (system-wide limit on the number of threads):
254835
/proc/sys/vm/max_map_count (maximum number of memory map areas a process may have):
65530
/proc/sys/kernel/pid_max (system-wide limit on number of process identifiers):
4194304

container (cgroup) information:
container_type: cgroupv1
cpu_cpuset_cpus: 0-7
cpu_memory_nodes: 0
active_processor_count: 8
cpu_quota: -1
cpu_period: 100000
cpu_shares: -1
memory_limit_in_bytes: -1
memory_and_swap_limit_in_bytes: -1
memory_soft_limit_in_bytes: -1
memory_usage_in_bytes: 15328014336
memory_max_usage_in_bytes: 16898506752

Steal ticks since vm start: 0
Steal ticks percentage since vm start:  0,000

CPU:total 8 (initial active 8) (4 cores per cpu, 2 threads per core) family 6 model 94 stepping 3 microcode 0xea, cmov, cx8, fxsr, mmx, sse, sse2, sse3, ssse3, sse4.1, sse4.2, popcnt, avx, avx2, aes, clmul, erms, rtm, 3dnowpref, lzcnt, ht, tsc, tscinvbit, bmi1, bmi2, adx, fma
CPU Model and flags from /proc/cpuinfo:
model name	: Intel(R) Core(TM) i7-6820HQ CPU @ 2.70GHz
flags		: fpu vme de pse tsc msr pae mce cx8 apic sep mtrr pge mca cmov pat pse36 clflush dts acpi mmx fxsr sse sse2 ss ht tm pbe syscall nx pdpe1gb rdtscp lm constant_tsc art arch_perfmon pebs bts rep_good nopl xtopology nonstop_tsc cpuid aperfmperf pni pclmulqdq dtes64 monitor ds_cpl vmx smx est tm2 ssse3 sdbg fma cx16 xtpr pdcm pcid sse4_1 sse4_2 x2apic movbe popcnt tsc_deadline_timer aes xsave avx f16c rdrand lahf_lm abm 3dnowprefetch cpuid_fault epb invpcid_single pti ssbd ibrs ibpb stibp tpr_shadow vnmi flexpriority ept vpid ept_ad fsgsbase tsc_adjust bmi1 hle avx2 smep bmi2 erms invpcid rtm mpx rdseed adx smap clflushopt intel_pt xsaveopt xsavec xgetbv1 xsaves dtherm ida arat pln pts hwp hwp_notify hwp_act_window hwp_epp md_clear flush_l1d
Online cpus:
0-7
Offline cpus:

BIOS frequency limitation:
<Not Available>
Frequency switch latency (ns):
0
Available cpu frequencies:
<Not Available>
Current governor:
powersave
Core performance/turbo boost:
<Not Available>

Memory: 4k page, physical 32722276k(6700004k free), swap 7999484k(7999484k free)

vm_info: OpenJDK 64-Bit Server VM (11.0.11+9-Ubuntu-0ubuntu2.20.04) for linux-amd64 JRE (11.0.11+9-Ubuntu-0ubuntu2.20.04), built on Apr 21 2021 09:15:32 by "unknown" with gcc 9.3.0

END.
